{"total": {"lines":{"total":1517,"covered":1473,"skipped":0,"pct":97.09},"statements":{"total":1682,"covered":1609,"skipped":0,"pct":95.65},"functions":{"total":311,"covered":301,"skipped":0,"pct":96.78},"branches":{"total":1670,"covered":1434,"skipped":0,"pct":85.86},"branchesTrue":{"total":0,"covered":0,"skipped":0,"pct":100}}
,"/Users/gaochong/develop/teaching-tools-mvp/web/backend/src/services/tutorIntelligence/contextView.ts": {"lines":{"total":56,"covered":56,"skipped":0,"pct":100},"functions":{"total":19,"covered":19,"skipped":0,"pct":100},"statements":{"total":68,"covered":66,"skipped":0,"pct":97.05},"branches":{"total":49,"covered":42,"skipped":0,"pct":85.71}}
,"/Users/gaochong/develop/teaching-tools-mvp/web/backend/src/services/tutorIntelligence/negationGuard.ts": {"lines":{"total":2,"covered":2,"skipped":0,"pct":100},"functions":{"total":2,"covered":2,"skipped":0,"pct":100},"statements":{"total":3,"covered":3,"skipped":0,"pct":100},"branches":{"total":0,"covered":0,"skipped":0,"pct":100}}
,"/Users/gaochong/develop/teaching-tools-mvp/web/backend/src/services/tutorIntelligence/policyGraph.ts": {"lines":{"total":172,"covered":165,"skipped":0,"pct":95.93},"functions":{"total":54,"covered":53,"skipped":0,"pct":98.14},"statements":{"total":201,"covered":190,"skipped":0,"pct":94.52},"branches":{"total":255,"covered":220,"skipped":0,"pct":86.27}}
,"/Users/gaochong/develop/teaching-tools-mvp/web/backend/src/services/tutorIntelligence/proposal.ts": {"lines":{"total":1,"covered":1,"skipped":0,"pct":100},"functions":{"total":0,"covered":0,"skipped":0,"pct":100},"statements":{"total":1,"covered":1,"skipped":0,"pct":100},"branches":{"total":0,"covered":0,"skipped":0,"pct":100}}
,"/Users/gaochong/develop/teaching-tools-mvp/web/backend/src/services/tutorIntelligence/proposalValidation.ts": {"lines":{"total":89,"covered":88,"skipped":0,"pct":98.87},"functions":{"total":13,"covered":12,"skipped":0,"pct":92.3},"statements":{"total":96,"covered":95,"skipped":0,"pct":98.95},"branches":{"total":113,"covered":107,"skipped":0,"pct":94.69}}
,"/Users/gaochong/develop/teaching-tools-mvp/web/backend/src/services/tutorIntelligence/structuredModelPort.ts": {"lines":{"total":5,"covered":5,"skipped":0,"pct":100},"functions":{"total":2,"covered":2,"skipped":0,"pct":100},"statements":{"total":5,"covered":5,"skipped":0,"pct":100},"branches":{"total":2,"covered":2,"skipped":0,"pct":100}}
,"/Users/gaochong/develop/teaching-tools-mvp/web/backend/src/services/tutorIntelligence/adapters/cachedStructuredModel.ts": {"lines":{"total":13,"covered":13,"skipped":0,"pct":100},"functions":{"total":3,"covered":3,"skipped":0,"pct":100},"statements":{"total":14,"covered":14,"skipped":0,"pct":100},"branches":{"total":3,"covered":3,"skipped":0,"pct":100}}
,"/Users/gaochong/develop/teaching-tools-mvp/web/backend/src/services/tutorIntelligence/adapters/deepseek/DeepSeekStructuredModel.ts": {"lines":{"total":58,"covered":58,"skipped":0,"pct":100},"functions":{"total":11,"covered":9,"skipped":0,"pct":81.81},"statements":{"total":65,"covered":60,"skipped":0,"pct":92.3},"branches":{"total":68,"covered":60,"skipped":0,"pct":88.23}}
,"/Users/gaochong/develop/teaching-tools-mvp/web/backend/src/services/tutorIntelligence/adapters/fake/FakeStructuredModel.ts": {"lines":{"total":112,"covered":110,"skipped":0,"pct":98.21},"functions":{"total":17,"covered":15,"skipped":0,"pct":88.23},"statements":{"total":126,"covered":124,"skipped":0,"pct":98.41},"branches":{"total":157,"covered":134,"skipped":0,"pct":85.35}}
,"/Users/gaochong/develop/teaching-tools-mvp/web/backend/src/services/tutorIntelligence/prompts/alignerPrompt.ts": {"lines":{"total":2,"covered":2,"skipped":0,"pct":100},"functions":{"total":0,"covered":0,"skipped":0,"pct":100},"statements":{"total":2,"covered":2,"skipped":0,"pct":100},"branches":{"total":0,"covered":0,"skipped":0,"pct":100}}
,"/Users/gaochong/develop/teaching-tools-mvp/web/backend/src/services/tutorIntelligence/prompts/policyVoicePrompt.ts": {"lines":{"total":2,"covered":2,"skipped":0,"pct":100},"functions":{"total":0,"covered":0,"skipped":0,"pct":100},"statements":{"total":2,"covered":2,"skipped":0,"pct":100},"branches":{"total":0,"covered":0,"skipped":0,"pct":100}}
,"/Users/gaochong/develop/teaching-tools-mvp/web/backend/src/services/tutorPresentation/PreparePresentation.ts": {"lines":{"total":88,"covered":88,"skipped":0,"pct":100},"functions":{"total":20,"covered":20,"skipped":0,"pct":100},"statements":{"total":101,"covered":96,"skipped":0,"pct":95.04},"branches":{"total":84,"covered":73,"skipped":0,"pct":86.9}}
,"/Users/gaochong/develop/teaching-tools-mvp/web/backend/src/services/tutorPresentation/VoiceAction.ts": {"lines":{"total":1,"covered":1,"skipped":0,"pct":100},"functions":{"total":0,"covered":0,"skipped":0,"pct":100},"statements":{"total":1,"covered":1,"skipped":0,"pct":100},"branches":{"total":0,"covered":0,"skipped":0,"pct":100}}
,"/Users/gaochong/develop/teaching-tools-mvp/web/backend/src/services/tutorSession/ReasoningAligner.ts": {"lines":{"total":48,"covered":47,"skipped":0,"pct":97.91},"functions":{"total":11,"covered":10,"skipped":0,"pct":90.9},"statements":{"total":57,"covered":55,"skipped":0,"pct":96.49},"branches":{"total":50,"covered":43,"skipped":0,"pct":86}}
,"/Users/gaochong/develop/teaching-tools-mvp/web/backend/src/services/tutorSession/TutorRuntimeStateProjection.ts": {"lines":{"total":133,"covered":129,"skipped":0,"pct":96.99},"functions":{"total":19,"covered":17,"skipped":0,"pct":89.47},"statements":{"total":143,"covered":136,"skipped":0,"pct":95.1},"branches":{"total":121,"covered":102,"skipped":0,"pct":84.29}}
,"/Users/gaochong/develop/teaching-tools-mvp/web/backend/src/services/tutorSession/TutorSession.ts": {"lines":{"total":432,"covered":421,"skipped":0,"pct":97.45},"functions":{"total":75,"covered":74,"skipped":0,"pct":98.66},"statements":{"total":475,"covered":456,"skipped":0,"pct":96},"branches":{"total":548,"covered":467,"skipped":0,"pct":85.21}}
,"/Users/gaochong/develop/teaching-tools-mvp/web/backend/src/services/tutorSession/TutorSessionEvent.ts": {"lines":{"total":12,"covered":12,"skipped":0,"pct":100},"functions":{"total":10,"covered":10,"skipped":0,"pct":100},"statements":{"total":15,"covered":15,"skipped":0,"pct":100},"branches":{"total":2,"covered":2,"skipped":0,"pct":100}}
,"/Users/gaochong/develop/teaching-tools-mvp/web/backend/src/services/tutorSession/TutorSessionEventStore.ts": {"lines":{"total":106,"covered":94,"skipped":0,"pct":88.67},"functions":{"total":23,"covered":23,"skipped":0,"pct":100},"statements":{"total":108,"covered":96,"skipped":0,"pct":88.88},"branches":{"total":56,"covered":42,"skipped":0,"pct":75}}
,"/Users/gaochong/develop/teaching-tools-mvp/web/backend/src/services/tutorSession/candidateState.ts": {"lines":{"total":8,"covered":8,"skipped":0,"pct":100},"functions":{"total":2,"covered":2,"skipped":0,"pct":100},"statements":{"total":9,"covered":9,"skipped":0,"pct":100},"branches":{"total":8,"covered":5,"skipped":0,"pct":62.5}}
,"/Users/gaochong/develop/teaching-tools-mvp/web/backend/src/services/tutorSession/decisionInvariants.ts": {"lines":{"total":59,"covered":54,"skipped":0,"pct":91.52},"functions":{"total":15,"covered":15,"skipped":0,"pct":100},"statements":{"total":65,"covered":60,"skipped":0,"pct":92.3},"branches":{"total":78,"covered":68,"skipped":0,"pct":87.17}}
,"/Users/gaochong/develop/teaching-tools-mvp/web/backend/src/services/tutorSession/turnTelemetry.ts": {"lines":{"total":16,"covered":15,"skipped":0,"pct":93.75},"functions":{"total":4,"covered":4,"skipped":0,"pct":100},"statements":{"total":19,"covered":17,"skipped":0,"pct":89.47},"branches":{"total":9,"covered":7,"skipped":0,"pct":77.77}}
,"/Users/gaochong/develop/teaching-tools-mvp/web/backend/src/transport/http/tutorSessionRoutes.ts": {"lines":{"total":102,"covered":102,"skipped":0,"pct":100},"functions":{"total":11,"covered":11,"skipped":0,"pct":100},"statements":{"total":106,"covered":106,"skipped":0,"pct":100},"branches":{"total":67,"covered":57,"skipped":0,"pct":85.07}}
}
