{"/Users/gaochong/develop/teaching-tools-mvp/web/backend/src/services/tutorIntelligence/contextView.ts": {"path":"/Users/gaochong/develop/teaching-tools-mvp/web/backend/src/services/tutorIntelligence/contextView.ts","statementMap":{"0":{"start":{"line":42,"column":45},"end":{"line":42,"column":null}},"1":{"start":{"line":43,"column":46},"end":{"line":43,"column":null}},"2":{"start":{"line":52,"column":20},"end":{"line":52,"column":null}},"3":{"start":{"line":53,"column":18},"end":{"line":53,"column":null}},"4":{"start":{"line":53,"column":51},"end":{"line":53,"column":84}},"5":{"start":{"line":54,"column":17},"end":{"line":54,"column":null}},"6":{"start":{"line":55,"column":26},"end":{"line":55,"column":null}},"7":{"start":{"line":55,"column":61},"end":{"line":55,"column":85}},"8":{"start":{"line":56,"column":16},"end":{"line":56,"column":null}},"9":{"start":{"line":56,"column":53},"end":{"line":56,"column":86}},"10":{"start":{"line":57,"column":19},"end":{"line":61,"column":null}},"11":{"start":{"line":59,"column":36},"end":{"line":59,"column":67}},"12":{"start":{"line":60,"column":22},"end":{"line":60,"column":41}},"13":{"start":{"line":62,"column":2},"end":{"line":64,"column":null}},"14":{"start":{"line":63,"column":4},"end":{"line":63,"column":null}},"15":{"start":{"line":63,"column":48},"end":{"line":63,"column":null}},"16":{"start":{"line":65,"column":44},"end":{"line":73,"column":null}},"17":{"start":{"line":66,"column":27},"end":{"line":66,"column":97}},"18":{"start":{"line":66,"column":60},"end":{"line":66,"column":96}},"19":{"start":{"line":67,"column":59},"end":{"line":67,"column":73}},"20":{"start":{"line":68,"column":21},"end":{"line":73,"column":6}},"21":{"start":{"line":74,"column":45},"end":{"line":83,"column":null}},"22":{"start":{"line":75,"column":13},"end":{"line":75,"column":56}},"23":{"start":{"line":76,"column":21},"end":{"line":83,"column":6}},"24":{"start":{"line":84,"column":28},"end":{"line":90,"column":null}},"25":{"start":{"line":84,"column":54},"end":{"line":89,"column":null}},"26":{"start":{"line":85,"column":58},"end":{"line":89,"column":6}},"27":{"start":{"line":91,"column":2},"end":{"line":91,"column":null}},"28":{"start":{"line":107,"column":8},"end":{"line":108,"column":null}},"29":{"start":{"line":108,"column":4},"end":{"line":108,"column":null}},"30":{"start":{"line":108,"column":36},"end":{"line":108,"column":72}},"31":{"start":{"line":110,"column":14},"end":{"line":110,"column":null}},"32":{"start":{"line":111,"column":2},"end":{"line":116,"column":null}},"33":{"start":{"line":112,"column":25},"end":{"line":112,"column":null}},"34":{"start":{"line":113,"column":4},"end":{"line":115,"column":null}},"35":{"start":{"line":117,"column":2},"end":{"line":117,"column":null}},"36":{"start":{"line":118,"column":2},"end":{"line":127,"column":null}},"37":{"start":{"line":119,"column":25},"end":{"line":119,"column":null}},"38":{"start":{"line":120,"column":18},"end":{"line":120,"column":null}},"39":{"start":{"line":121,"column":22},"end":{"line":121,"column":null}},"40":{"start":{"line":122,"column":4},"end":{"line":122,"column":null}},"41":{"start":{"line":122,"column":20},"end":{"line":122,"column":null}},"42":{"start":{"line":123,"column":4},"end":{"line":125,"column":null}},"43":{"start":{"line":124,"column":6},"end":{"line":124,"column":null}},"44":{"start":{"line":126,"column":4},"end":{"line":126,"column":null}},"45":{"start":{"line":128,"column":2},"end":{"line":128,"column":null}},"46":{"start":{"line":129,"column":2},"end":{"line":148,"column":null}},"47":{"start":{"line":130,"column":25},"end":{"line":130,"column":null}},"48":{"start":{"line":131,"column":18},"end":{"line":131,"column":null}},"49":{"start":{"line":133,"column":10},"end":{"line":135,"column":null}},"50":{"start":{"line":134,"column":17},"end":{"line":134,"column":null}},"51":{"start":{"line":136,"column":22},"end":{"line":136,"column":null}},"52":{"start":{"line":137,"column":4},"end":{"line":137,"column":null}},"53":{"start":{"line":137,"column":37},"end":{"line":137,"column":null}},"54":{"start":{"line":138,"column":4},"end":{"line":140,"column":null}},"55":{"start":{"line":139,"column":6},"end":{"line":139,"column":null}},"56":{"start":{"line":141,"column":4},"end":{"line":141,"column":null}},"57":{"start":{"line":141,"column":36},"end":{"line":141,"column":null}},"58":{"start":{"line":142,"column":4},"end":{"line":147,"column":null}},"59":{"start":{"line":149,"column":2},"end":{"line":149,"column":null}},"60":{"start":{"line":150,"column":2},"end":{"line":161,"column":null}},"61":{"start":{"line":151,"column":20},"end":{"line":151,"column":null}},"62":{"start":{"line":152,"column":18},"end":{"line":152,"column":null}},"63":{"start":{"line":152,"column":56},"end":{"line":152,"column":82}},"64":{"start":{"line":153,"column":4},"end":{"line":153,"column":null}},"65":{"start":{"line":153,"column":16},"end":{"line":153,"column":null}},"66":{"start":{"line":154,"column":4},"end":{"line":160,"column":null}},"67":{"start":{"line":162,"column":2},"end":{"line":162,"column":null}}},"fnMap":{"0":{"name":"buildAlignmentContext","decl":{"start":{"line":48,"column":16},"end":{"line":48,"column":null}},"loc":{"start":{"line":51,"column":24},"end":{"line":92,"column":null}},"line":51},"1":{"name":"(anonymous_1)","decl":{"start":{"line":53,"column":35},"end":{"line":53,"column":41}},"loc":{"start":{"line":53,"column":51},"end":{"line":53,"column":84}},"line":53},"2":{"name":"(anonymous_2)","decl":{"start":{"line":55,"column":43},"end":{"line":55,"column":51}},"loc":{"start":{"line":55,"column":61},"end":{"line":55,"column":85}},"line":55},"3":{"name":"(anonymous_3)","decl":{"start":{"line":56,"column":32},"end":{"line":56,"column":43}},"loc":{"start":{"line":56,"column":53},"end":{"line":56,"column":86}},"line":56},"4":{"name":"(anonymous_4)","decl":{"start":{"line":59,"column":7},"end":{"line":59,"column":15}},"loc":{"start":{"line":59,"column":36},"end":{"line":59,"column":67}},"line":59},"5":{"name":"(anonymous_5)","decl":{"start":{"line":60,"column":7},"end":{"line":60,"column":12}},"loc":{"start":{"line":60,"column":22},"end":{"line":60,"column":41}},"line":60},"6":{"name":"(anonymous_6)","decl":{"start":{"line":66,"column":5},"end":{"line":66,"column":10}},"loc":{"start":{"line":66,"column":27},"end":{"line":66,"column":97}},"line":66},"7":{"name":"(anonymous_7)","decl":{"start":{"line":66,"column":44},"end":{"line":66,"column":50}},"loc":{"start":{"line":66,"column":60},"end":{"line":66,"column":96}},"line":66},"8":{"name":"(anonymous_8)","decl":{"start":{"line":67,"column":5},"end":{"line":67,"column":13}},"loc":{"start":{"line":67,"column":59},"end":{"line":67,"column":73}},"line":67},"9":{"name":"(anonymous_9)","decl":{"start":{"line":68,"column":5},"end":{"line":68,"column":10}},"loc":{"start":{"line":68,"column":21},"end":{"line":73,"column":6}},"line":68},"10":{"name":"(anonymous_10)","decl":{"start":{"line":75,"column":5},"end":{"line":75,"column":13}},"loc":{"start":{"line":75,"column":13},"end":{"line":75,"column":56}},"line":75},"11":{"name":"(anonymous_11)","decl":{"start":{"line":76,"column":5},"end":{"line":76,"column":10}},"loc":{"start":{"line":76,"column":21},"end":{"line":83,"column":6}},"line":76},"12":{"name":"(anonymous_12)","decl":{"start":{"line":84,"column":45},"end":{"line":84,"column":54}},"loc":{"start":{"line":84,"column":54},"end":{"line":89,"column":null}},"line":84},"13":{"name":"(anonymous_13)","decl":{"start":{"line":85,"column":36},"end":{"line":85,"column":41}},"loc":{"start":{"line":85,"column":58},"end":{"line":89,"column":6}},"line":85},"14":{"name":"validateGroundingRef","decl":{"start":{"line":106,"column":16},"end":{"line":106,"column":37}},"loc":{"start":{"line":106,"column":99},"end":{"line":163,"column":null}},"line":106},"15":{"name":"(anonymous_15)","decl":{"start":{"line":107,"column":8},"end":{"line":107,"column":23}},"loc":{"start":{"line":108,"column":4},"end":{"line":108,"column":null}},"line":108},"16":{"name":"(anonymous_16)","decl":{"start":{"line":108,"column":20},"end":{"line":108,"column":26}},"loc":{"start":{"line":108,"column":36},"end":{"line":108,"column":72}},"line":108},"17":{"name":"(anonymous_17)","decl":{"start":{"line":133,"column":56},"end":{"line":133,"column":null}},"loc":{"start":{"line":134,"column":17},"end":{"line":134,"column":null}},"line":134},"18":{"name":"(anonymous_18)","decl":{"start":{"line":152,"column":40},"end":{"line":152,"column":46}},"loc":{"start":{"line":152,"column":56},"end":{"line":152,"column":82}},"line":152}},"branchMap":{"0":{"loc":{"start":{"line":54,"column":17},"end":{"line":54,"column":null}},"type":"binary-expr","locations":[{"start":{"line":54,"column":17},"end":{"line":54,"column":37}},{"start":{"line":54,"column":37},"end":{"line":54,"column":null}}],"line":54},"1":{"loc":{"start":{"line":63,"column":4},"end":{"line":63,"column":null}},"type":"if","locations":[{"start":{"line":63,"column":4},"end":{"line":63,"column":null}},{"start":{},"end":{}}],"line":63},"2":{"loc":{"start":{"line":63,"column":9},"end":{"line":63,"column":38}},"type":"binary-expr","locations":[{"start":{"line":63,"column":9},"end":{"line":63,"column":36}},{"start":{"line":63,"column":36},"end":{"line":63,"column":38}}],"line":63},"3":{"loc":{"start":{"line":71,"column":34},"end":{"line":71,"column":68}},"type":"binary-expr","locations":[{"start":{"line":71,"column":34},"end":{"line":71,"column":65}},{"start":{"line":71,"column":65},"end":{"line":71,"column":68}}],"line":71},"4":{"loc":{"start":{"line":72,"column":30},"end":{"line":72,"column":60}},"type":"binary-expr","locations":[{"start":{"line":72,"column":30},"end":{"line":72,"column":57}},{"start":{"line":72,"column":57},"end":{"line":72,"column":60}}],"line":72},"5":{"loc":{"start":{"line":75,"column":24},"end":{"line":75,"column":50}},"type":"binary-expr","locations":[{"start":{"line":75,"column":24},"end":{"line":75,"column":41}},{"start":{"line":75,"column":41},"end":{"line":75,"column":50}}],"line":75},"6":{"loc":{"start":{"line":78,"column":15},"end":{"line":78,"column":null}},"type":"binary-expr","locations":[{"start":{"line":78,"column":15},"end":{"line":78,"column":32}},{"start":{"line":78,"column":32},"end":{"line":78,"column":null}}],"line":78},"7":{"loc":{"start":{"line":85,"column":5},"end":{"line":85,"column":34}},"type":"binary-expr","locations":[{"start":{"line":85,"column":5},"end":{"line":85,"column":32}},{"start":{"line":85,"column":32},"end":{"line":85,"column":34}}],"line":85},"8":{"loc":{"start":{"line":111,"column":2},"end":{"line":116,"column":null}},"type":"if","locations":[{"start":{"line":111,"column":2},"end":{"line":116,"column":null}},{"start":{},"end":{}}],"line":111},"9":{"loc":{"start":{"line":113,"column":11},"end":{"line":115,"column":null}},"type":"cond-expr","locations":[{"start":{"line":114,"column":8},"end":{"line":114,"column":null}},{"start":{"line":115,"column":8},"end":{"line":115,"column":null}}],"line":113},"10":{"loc":{"start":{"line":118,"column":2},"end":{"line":127,"column":null}},"type":"if","locations":[{"start":{"line":118,"column":2},"end":{"line":127,"column":null}},{"start":{},"end":{}}],"line":118},"11":{"loc":{"start":{"line":122,"column":4},"end":{"line":122,"column":null}},"type":"if","locations":[{"start":{"line":122,"column":4},"end":{"line":122,"column":null}},{"start":{},"end":{}}],"line":122},"12":{"loc":{"start":{"line":123,"column":4},"end":{"line":125,"column":null}},"type":"if","locations":[{"start":{"line":123,"column":4},"end":{"line":125,"column":null}},{"start":{},"end":{}}],"line":123},"13":{"loc":{"start":{"line":129,"column":2},"end":{"line":148,"column":null}},"type":"if","locations":[{"start":{"line":129,"column":2},"end":{"line":148,"column":null}},{"start":{},"end":{}}],"line":129},"14":{"loc":{"start":{"line":133,"column":26},"end":{"line":133,"column":54}},"type":"binary-expr","locations":[{"start":{"line":133,"column":26},"end":{"line":133,"column":52}},{"start":{"line":133,"column":52},"end":{"line":133,"column":54}}],"line":133},"15":{"loc":{"start":{"line":134,"column":17},"end":{"line":134,"column":null}},"type":"binary-expr","locations":[{"start":{"line":134,"column":17},"end":{"line":134,"column":57}},{"start":{"line":134,"column":57},"end":{"line":134,"column":null}}],"line":134},"16":{"loc":{"start":{"line":137,"column":4},"end":{"line":137,"column":null}},"type":"if","locations":[{"start":{"line":137,"column":4},"end":{"line":137,"column":null}},{"start":{},"end":{}}],"line":137},"17":{"loc":{"start":{"line":137,"column":8},"end":{"line":137,"column":37}},"type":"binary-expr","locations":[{"start":{"line":137,"column":8},"end":{"line":137,"column":22}},{"start":{"line":137,"column":22},"end":{"line":137,"column":37}}],"line":137},"18":{"loc":{"start":{"line":138,"column":4},"end":{"line":140,"column":null}},"type":"if","locations":[{"start":{"line":138,"column":4},"end":{"line":140,"column":null}},{"start":{},"end":{}}],"line":138},"19":{"loc":{"start":{"line":138,"column":8},"end":{"line":138,"column":83}},"type":"binary-expr","locations":[{"start":{"line":138,"column":8},"end":{"line":138,"column":25}},{"start":{"line":138,"column":25},"end":{"line":138,"column":38}},{"start":{"line":138,"column":38},"end":{"line":138,"column":83}}],"line":138},"20":{"loc":{"start":{"line":141,"column":4},"end":{"line":141,"column":null}},"type":"if","locations":[{"start":{"line":141,"column":4},"end":{"line":141,"column":null}},{"start":{},"end":{}}],"line":141},"21":{"loc":{"start":{"line":150,"column":2},"end":{"line":161,"column":null}},"type":"if","locations":[{"start":{"line":150,"column":2},"end":{"line":161,"column":null}},{"start":{},"end":{}}],"line":150},"22":{"loc":{"start":{"line":153,"column":4},"end":{"line":153,"column":null}},"type":"if","locations":[{"start":{"line":153,"column":4},"end":{"line":153,"column":null}},{"start":{},"end":{}}],"line":153},"23":{"loc":{"start":{"line":158,"column":10},"end":{"line":158,"column":null}},"type":"cond-expr","locations":[{"start":{"line":158,"column":36},"end":{"line":158,"column":81}},{"start":{"line":158,"column":81},"end":{"line":158,"column":null}}],"line":158}},"s":{"0":12,"1":12,"2":507,"3":507,"4":1747,"5":507,"6":507,"7":3315,"8":507,"9":931,"10":507,"11":1511,"12":1169,"13":507,"14":1511,"15":668,"16":507,"17":1367,"18":4975,"19":1367,"20":1367,"21":507,"22":2212,"23":1009,"24":507,"25":3315,"26":1505,"27":507,"28":382,"29":348,"30":611,"31":382,"32":382,"33":313,"34":313,"35":69,"36":69,"37":6,"38":6,"39":6,"40":6,"41":0,"42":6,"43":4,"44":2,"45":63,"46":63,"47":29,"48":29,"49":29,"50":81,"51":29,"52":29,"53":1,"54":28,"55":1,"56":27,"57":0,"58":27,"59":34,"60":34,"61":31,"62":31,"63":62,"64":31,"65":2,"66":29,"67":3},"f":{"0":507,"1":1747,"2":3315,"3":931,"4":1511,"5":1169,"6":1367,"7":4975,"8":1367,"9":1367,"10":2212,"11":1009,"12":3315,"13":1505,"14":382,"15":348,"16":611,"17":81,"18":62},"b":{"0":[507,0],"1":[668,843],"2":[1511,843],"3":[1367,1354],"4":[1367,699],"5":[2212,0],"6":[1009,0],"7":[3315,2062],"8":[313,69],"9":[311,2],"10":[6,63],"11":[0,6],"12":[4,2],"13":[29,34],"14":[29,0],"15":[81,31],"16":[1,28],"17":[29,4],"18":[1,27],"19":[28,1,1],"20":[0,27],"21":[31,3],"22":[2,29],"23":[29,0]},"meta":{"lastBranch":24,"lastFunction":19,"lastStatement":68,"seen":{"s:42:45:42:Infinity":0,"s:43:46:43:Infinity":1,"f:48:16:48:Infinity":0,"s:52:20:52:Infinity":2,"s:53:18:53:Infinity":3,"f:53:35:53:41":1,"s:53:51:53:84":4,"s:54:17:54:Infinity":5,"b:54:17:54:37:54:37:54:Infinity":0,"s:55:26:55:Infinity":6,"f:55:43:55:51":2,"s:55:61:55:85":7,"s:56:16:56:Infinity":8,"f:56:32:56:43":3,"s:56:53:56:86":9,"s:57:19:61:Infinity":10,"f:59:7:59:15":4,"s:59:36:59:67":11,"f:60:7:60:12":5,"s:60:22:60:41":12,"s:62:2:64:Infinity":13,"b:63:4:63:Infinity:undefined:undefined:undefined:undefined":1,"s:63:4:63:Infinity":14,"b:63:9:63:36:63:36:63:38":2,"s:63:48:63:Infinity":15,"s:65:44:73:Infinity":16,"f:66:5:66:10":6,"s:66:27:66:97":17,"f:66:44:66:50":7,"s:66:60:66:96":18,"f:67:5:67:13":8,"s:67:59:67:73":19,"f:68:5:68:10":9,"s:68:21:73:6":20,"b:71:34:71:65:71:65:71:68":3,"b:72:30:72:57:72:57:72:60":4,"s:74:45:83:Infinity":21,"f:75:5:75:13":10,"s:75:13:75:56":22,"b:75:24:75:41:75:41:75:50":5,"f:76:5:76:10":11,"s:76:21:83:6":23,"b:78:15:78:32:78:32:78:Infinity":6,"s:84:28:90:Infinity":24,"f:84:45:84:54":12,"s:84:54:89:Infinity":25,"b:85:5:85:32:85:32:85:34":7,"f:85:36:85:41":13,"s:85:58:89:6":26,"s:91:2:91:Infinity":27,"f:106:16:106:37":14,"s:107:8:108:Infinity":28,"f:107:8:107:23":15,"s:108:4:108:Infinity":29,"f:108:20:108:26":16,"s:108:36:108:72":30,"s:110:14:110:Infinity":31,"b:111:2:116:Infinity:undefined:undefined:undefined:undefined":8,"s:111:2:116:Infinity":32,"s:112:25:112:Infinity":33,"s:113:4:115:Infinity":34,"b:114:8:114:Infinity:115:8:115:Infinity":9,"s:117:2:117:Infinity":35,"b:118:2:127:Infinity:undefined:undefined:undefined:undefined":10,"s:118:2:127:Infinity":36,"s:119:25:119:Infinity":37,"s:120:18:120:Infinity":38,"s:121:22:121:Infinity":39,"b:122:4:122:Infinity:undefined:undefined:undefined:undefined":11,"s:122:4:122:Infinity":40,"s:122:20:122:Infinity":41,"b:123:4:125:Infinity:undefined:undefined:undefined:undefined":12,"s:123:4:125:Infinity":42,"s:124:6:124:Infinity":43,"s:126:4:126:Infinity":44,"s:128:2:128:Infinity":45,"b:129:2:148:Infinity:undefined:undefined:undefined:undefined":13,"s:129:2:148:Infinity":46,"s:130:25:130:Infinity":47,"s:131:18:131:Infinity":48,"s:133:10:135:Infinity":49,"b:133:26:133:52:133:52:133:54":14,"f:133:56:133:Infinity":17,"s:134:17:134:Infinity":50,"b:134:17:134:57:134:57:134:Infinity":15,"s:136:22:136:Infinity":51,"b:137:4:137:Infinity:undefined:undefined:undefined:undefined":16,"s:137:4:137:Infinity":52,"b:137:8:137:22:137:22:137:37":17,"s:137:37:137:Infinity":53,"b:138:4:140:Infinity:undefined:undefined:undefined:undefined":18,"s:138:4:140:Infinity":54,"b:138:8:138:25:138:25:138:38:138:38:138:83":19,"s:139:6:139:Infinity":55,"b:141:4:141:Infinity:undefined:undefined:undefined:undefined":20,"s:141:4:141:Infinity":56,"s:141:36:141:Infinity":57,"s:142:4:147:Infinity":58,"s:149:2:149:Infinity":59,"b:150:2:161:Infinity:undefined:undefined:undefined:undefined":21,"s:150:2:161:Infinity":60,"s:151:20:151:Infinity":61,"s:152:18:152:Infinity":62,"f:152:40:152:46":18,"s:152:56:152:82":63,"b:153:4:153:Infinity:undefined:undefined:undefined:undefined":22,"s:153:4:153:Infinity":64,"s:153:16:153:Infinity":65,"s:154:4:160:Infinity":66,"b:158:36:158:81:158:81:158:Infinity":23,"s:162:2:162:Infinity":67},"fnNames":{}}}
,"/Users/gaochong/develop/teaching-tools-mvp/web/backend/src/services/tutorIntelligence/policyGraph.ts": {"path":"/Users/gaochong/develop/teaching-tools-mvp/web/backend/src/services/tutorIntelligence/policyGraph.ts","statementMap":{"0":{"start":{"line":45,"column":38},"end":{"line":45,"column":null}},"1":{"start":{"line":46,"column":42},"end":{"line":46,"column":null}},"2":{"start":{"line":47,"column":35},"end":{"line":47,"column":null}},"3":{"start":{"line":59,"column":19},"end":{"line":88,"column":null}},"4":{"start":{"line":71,"column":31},"end":{"line":71,"column":null}},"5":{"start":{"line":72,"column":19},"end":{"line":72,"column":null}},"6":{"start":{"line":75,"column":31},"end":{"line":75,"column":null}},"7":{"start":{"line":76,"column":19},"end":{"line":76,"column":null}},"8":{"start":{"line":81,"column":31},"end":{"line":85,"column":null}},"9":{"start":{"line":86,"column":20},"end":{"line":86,"column":null}},"10":{"start":{"line":106,"column":2},"end":{"line":106,"column":null}},"11":{"start":{"line":117,"column":4},"end":{"line":119,"column":null}},"12":{"start":{"line":120,"column":15},"end":{"line":122,"column":null}},"13":{"start":{"line":121,"column":56},"end":{"line":121,"column":79}},"14":{"start":{"line":123,"column":39},"end":{"line":123,"column":null}},"15":{"start":{"line":124,"column":25},"end":{"line":124,"column":null}},"16":{"start":{"line":125,"column":2},"end":{"line":131,"column":null}},"17":{"start":{"line":130,"column":4},"end":{"line":130,"column":null}},"18":{"start":{"line":132,"column":22},"end":{"line":132,"column":null}},"19":{"start":{"line":132,"column":40},"end":{"line":132,"column":71}},"20":{"start":{"line":133,"column":2},"end":{"line":133,"column":null}},"21":{"start":{"line":133,"column":62},"end":{"line":133,"column":76}},"22":{"start":{"line":133,"column":79},"end":{"line":133,"column":null}},"23":{"start":{"line":135,"column":2},"end":{"line":139,"column":null}},"24":{"start":{"line":136,"column":4},"end":{"line":136,"column":null}},"25":{"start":{"line":136,"column":53},"end":{"line":136,"column":null}},"26":{"start":{"line":137,"column":4},"end":{"line":137,"column":null}},"27":{"start":{"line":137,"column":42},"end":{"line":137,"column":83}},"28":{"start":{"line":137,"column":86},"end":{"line":137,"column":null}},"29":{"start":{"line":138,"column":4},"end":{"line":138,"column":null}},"30":{"start":{"line":141,"column":2},"end":{"line":141,"column":null}},"31":{"start":{"line":141,"column":50},"end":{"line":141,"column":null}},"32":{"start":{"line":142,"column":2},"end":{"line":152,"column":null}},"33":{"start":{"line":143,"column":16},"end":{"line":143,"column":null}},"34":{"start":{"line":143,"column":49},"end":{"line":143,"column":100}},"35":{"start":{"line":144,"column":4},"end":{"line":144,"column":null}},"36":{"start":{"line":144,"column":14},"end":{"line":144,"column":null}},"37":{"start":{"line":145,"column":4},"end":{"line":145,"column":null}},"38":{"start":{"line":145,"column":84},"end":{"line":145,"column":null}},"39":{"start":{"line":146,"column":4},"end":{"line":151,"column":null}},"40":{"start":{"line":154,"column":19},"end":{"line":154,"column":null}},"41":{"start":{"line":154,"column":52},"end":{"line":154,"column":85}},"42":{"start":{"line":155,"column":2},"end":{"line":164,"column":null}},"43":{"start":{"line":156,"column":4},"end":{"line":156,"column":null}},"44":{"start":{"line":156,"column":74},"end":{"line":156,"column":null}},"45":{"start":{"line":157,"column":4},"end":{"line":163,"column":null}},"46":{"start":{"line":165,"column":17},"end":{"line":165,"column":null}},"47":{"start":{"line":165,"column":50},"end":{"line":165,"column":97}},"48":{"start":{"line":166,"column":2},"end":{"line":166,"column":null}},"49":{"start":{"line":166,"column":30},"end":{"line":166,"column":null}},"50":{"start":{"line":167,"column":2},"end":{"line":167,"column":null}},"51":{"start":{"line":167,"column":85},"end":{"line":167,"column":null}},"52":{"start":{"line":168,"column":2},"end":{"line":173,"column":null}},"53":{"start":{"line":194,"column":2},"end":{"line":194,"column":null}},"54":{"start":{"line":194,"column":18},"end":{"line":194,"column":null}},"55":{"start":{"line":195,"column":2},"end":{"line":200,"column":null}},"56":{"start":{"line":199,"column":4},"end":{"line":199,"column":null}},"57":{"start":{"line":202,"column":4},"end":{"line":203,"column":null}},"58":{"start":{"line":202,"column":37},"end":{"line":202,"column":98}},"59":{"start":{"line":205,"column":4},"end":{"line":209,"column":null}},"60":{"start":{"line":208,"column":21},"end":{"line":208,"column":null}},"61":{"start":{"line":210,"column":16},"end":{"line":210,"column":null}},"62":{"start":{"line":210,"column":56},"end":{"line":210,"column":82}},"63":{"start":{"line":211,"column":21},"end":{"line":211,"column":null}},"64":{"start":{"line":212,"column":16},"end":{"line":212,"column":null}},"65":{"start":{"line":213,"column":26},"end":{"line":213,"column":null}},"66":{"start":{"line":215,"column":4},"end":{"line":217,"column":null}},"67":{"start":{"line":218,"column":2},"end":{"line":224,"column":null}},"68":{"start":{"line":235,"column":2},"end":{"line":237,"column":null}},"69":{"start":{"line":236,"column":4},"end":{"line":236,"column":null}},"70":{"start":{"line":238,"column":15},"end":{"line":238,"column":null}},"71":{"start":{"line":239,"column":2},"end":{"line":241,"column":null}},"72":{"start":{"line":240,"column":4},"end":{"line":240,"column":null}},"73":{"start":{"line":242,"column":19},"end":{"line":242,"column":null}},"74":{"start":{"line":243,"column":22},"end":{"line":243,"column":null}},"75":{"start":{"line":244,"column":2},"end":{"line":246,"column":null}},"76":{"start":{"line":245,"column":4},"end":{"line":245,"column":null}},"77":{"start":{"line":248,"column":4},"end":{"line":250,"column":null}},"78":{"start":{"line":251,"column":27},"end":{"line":263,"column":null}},"79":{"start":{"line":254,"column":26},"end":{"line":262,"column":10}},"80":{"start":{"line":257,"column":76},"end":{"line":257,"column":86}},"81":{"start":{"line":260,"column":53},"end":{"line":260,"column":64}},"82":{"start":{"line":264,"column":16},"end":{"line":264,"column":null}},"83":{"start":{"line":265,"column":20},"end":{"line":265,"column":null}},"84":{"start":{"line":267,"column":4},"end":{"line":267,"column":null}},"85":{"start":{"line":269,"column":2},"end":{"line":290,"column":null}},"86":{"start":{"line":279,"column":58},"end":{"line":279,"column":68}},"87":{"start":{"line":294,"column":2},"end":{"line":298,"column":null}},"88":{"start":{"line":305,"column":2},"end":{"line":313,"column":null}},"89":{"start":{"line":306,"column":21},"end":{"line":306,"column":null}},"90":{"start":{"line":307,"column":4},"end":{"line":310,"column":null}},"91":{"start":{"line":312,"column":4},"end":{"line":312,"column":null}},"92":{"start":{"line":317,"column":2},"end":{"line":322,"column":null}},"93":{"start":{"line":318,"column":17},"end":{"line":318,"column":null}},"94":{"start":{"line":319,"column":4},"end":{"line":319,"column":null}},"95":{"start":{"line":319,"column":35},"end":{"line":319,"column":null}},"96":{"start":{"line":320,"column":4},"end":{"line":320,"column":null}},"97":{"start":{"line":320,"column":28},"end":{"line":320,"column":null}},"98":{"start":{"line":321,"column":4},"end":{"line":321,"column":null}},"99":{"start":{"line":321,"column":33},"end":{"line":321,"column":null}},"100":{"start":{"line":323,"column":2},"end":{"line":323,"column":null}},"101":{"start":{"line":327,"column":2},"end":{"line":327,"column":null}},"102":{"start":{"line":327,"column":30},"end":{"line":327,"column":null}},"103":{"start":{"line":328,"column":2},"end":{"line":332,"column":null}},"104":{"start":{"line":329,"column":4},"end":{"line":329,"column":null}},"105":{"start":{"line":331,"column":4},"end":{"line":331,"column":null}},"106":{"start":{"line":359,"column":24},"end":{"line":359,"column":null}},"107":{"start":{"line":360,"column":27},"end":{"line":360,"column":null}},"108":{"start":{"line":361,"column":16},"end":{"line":361,"column":null}},"109":{"start":{"line":363,"column":22},"end":{"line":370,"column":null}},"110":{"start":{"line":372,"column":8},"end":{"line":372,"column":null}},"111":{"start":{"line":372,"column":46},"end":{"line":372,"column":null}},"112":{"start":{"line":373,"column":8},"end":{"line":373,"column":null}},"113":{"start":{"line":373,"column":48},"end":{"line":373,"column":null}},"114":{"start":{"line":375,"column":21},"end":{"line":379,"column":null}},"115":{"start":{"line":385,"column":4},"end":{"line":388,"column":null}},"116":{"start":{"line":391,"column":8},"end":{"line":393,"column":null}},"117":{"start":{"line":391,"column":68},"end":{"line":393,"column":null}},"118":{"start":{"line":395,"column":29},"end":{"line":455,"column":null}},"119":{"start":{"line":396,"column":18},"end":{"line":396,"column":null}},"120":{"start":{"line":399,"column":4},"end":{"line":401,"column":null}},"121":{"start":{"line":400,"column":6},"end":{"line":400,"column":null}},"122":{"start":{"line":402,"column":4},"end":{"line":404,"column":null}},"123":{"start":{"line":403,"column":6},"end":{"line":403,"column":null}},"124":{"start":{"line":405,"column":4},"end":{"line":407,"column":null}},"125":{"start":{"line":406,"column":6},"end":{"line":406,"column":null}},"126":{"start":{"line":408,"column":4},"end":{"line":422,"column":null}},"127":{"start":{"line":409,"column":22},"end":{"line":409,"column":null}},"128":{"start":{"line":410,"column":6},"end":{"line":412,"column":null}},"129":{"start":{"line":411,"column":8},"end":{"line":411,"column":null}},"130":{"start":{"line":413,"column":6},"end":{"line":421,"column":null}},"131":{"start":{"line":423,"column":10},"end":{"line":423,"column":null}},"132":{"start":{"line":424,"column":4},"end":{"line":426,"column":null}},"133":{"start":{"line":425,"column":6},"end":{"line":425,"column":null}},"134":{"start":{"line":427,"column":17},"end":{"line":427,"column":null}},"135":{"start":{"line":428,"column":19},"end":{"line":446,"column":null}},"136":{"start":{"line":435,"column":25},"end":{"line":435,"column":null}},"137":{"start":{"line":438,"column":25},"end":{"line":438,"column":null}},"138":{"start":{"line":441,"column":64},"end":{"line":444,"column":10}},"139":{"start":{"line":447,"column":4},"end":{"line":454,"column":null}},"140":{"start":{"line":457,"column":8},"end":{"line":459,"column":null}},"141":{"start":{"line":457,"column":74},"end":{"line":459,"column":null}},"142":{"start":{"line":461,"column":25},"end":{"line":553,"column":null}},"143":{"start":{"line":462,"column":17},"end":{"line":462,"column":null}},"144":{"start":{"line":463,"column":20},"end":{"line":463,"column":null}},"145":{"start":{"line":464,"column":25},"end":{"line":464,"column":null}},"146":{"start":{"line":466,"column":6},"end":{"line":467,"column":null}},"147":{"start":{"line":466,"column":39},"end":{"line":466,"column":102}},"148":{"start":{"line":468,"column":30},"end":{"line":470,"column":null}},"149":{"start":{"line":469,"column":41},"end":{"line":469,"column":65}},"150":{"start":{"line":469,"column":82},"end":{"line":469,"column":101}},"151":{"start":{"line":475,"column":28},"end":{"line":498,"column":null}},"152":{"start":{"line":478,"column":11},"end":{"line":479,"column":null}},"153":{"start":{"line":482,"column":8},"end":{"line":490,"column":null}},"154":{"start":{"line":483,"column":26},"end":{"line":483,"column":null}},"155":{"start":{"line":484,"column":10},"end":{"line":489,"column":null}},"156":{"start":{"line":491,"column":8},"end":{"line":497,"column":null}},"157":{"start":{"line":500,"column":6},"end":{"line":507,"column":null}},"158":{"start":{"line":508,"column":19},"end":{"line":544,"column":null}},"159":{"start":{"line":531,"column":40},"end":{"line":532,"column":null}},"160":{"start":{"line":532,"column":73},"end":{"line":532,"column":92}},"161":{"start":{"line":537,"column":21},"end":{"line":537,"column":64}},"162":{"start":{"line":538,"column":29},"end":{"line":538,"column":76}},"163":{"start":{"line":545,"column":4},"end":{"line":552,"column":null}},"164":{"start":{"line":555,"column":8},"end":{"line":583,"column":null}},"165":{"start":{"line":556,"column":19},"end":{"line":556,"column":null}},"166":{"start":{"line":557,"column":4},"end":{"line":559,"column":null}},"167":{"start":{"line":558,"column":6},"end":{"line":558,"column":null}},"168":{"start":{"line":560,"column":18},"end":{"line":566,"column":null}},"169":{"start":{"line":567,"column":4},"end":{"line":573,"column":null}},"170":{"start":{"line":568,"column":6},"end":{"line":572,"column":null}},"171":{"start":{"line":574,"column":21},"end":{"line":574,"column":null}},"172":{"start":{"line":575,"column":4},"end":{"line":577,"column":null}},"173":{"start":{"line":576,"column":6},"end":{"line":576,"column":null}},"174":{"start":{"line":578,"column":4},"end":{"line":582,"column":null}},"175":{"start":{"line":585,"column":8},"end":{"line":588,"column":null}},"176":{"start":{"line":585,"column":68},"end":{"line":588,"column":null}},"177":{"start":{"line":592,"column":16},"end":{"line":610,"column":null}},"178":{"start":{"line":606,"column":34},"end":{"line":606,"column":null}},"179":{"start":{"line":612,"column":2},"end":{"line":661,"column":null}},"180":{"start":{"line":615,"column":24},"end":{"line":615,"column":null}},"181":{"start":{"line":616,"column":25},"end":{"line":616,"column":null}},"182":{"start":{"line":617,"column":25},"end":{"line":617,"column":null}},"183":{"start":{"line":618,"column":20},"end":{"line":621,"column":null}},"184":{"start":{"line":619,"column":14},"end":{"line":619,"column":null}},"185":{"start":{"line":622,"column":6},"end":{"line":659,"column":null}},"186":{"start":{"line":623,"column":24},"end":{"line":633,"column":null}},"187":{"start":{"line":634,"column":8},"end":{"line":639,"column":null}},"188":{"start":{"line":635,"column":10},"end":{"line":638,"column":null}},"189":{"start":{"line":640,"column":8},"end":{"line":647,"column":null}},"190":{"start":{"line":649,"column":28},"end":{"line":649,"column":null}},"191":{"start":{"line":650,"column":8},"end":{"line":656,"column":null}},"192":{"start":{"line":658,"column":8},"end":{"line":658,"column":null}}},"fnMap":{"0":{"name":"(anonymous_0)","decl":{"start":{"line":71,"column":4},"end":{"line":71,"column":14}},"loc":{"start":{"line":71,"column":31},"end":{"line":71,"column":null}},"line":71},"1":{"name":"(anonymous_1)","decl":{"start":{"line":72,"column":4},"end":{"line":72,"column":19}},"loc":{"start":{"line":72,"column":19},"end":{"line":72,"column":null}},"line":72},"2":{"name":"(anonymous_2)","decl":{"start":{"line":75,"column":4},"end":{"line":75,"column":14}},"loc":{"start":{"line":75,"column":31},"end":{"line":75,"column":null}},"line":75},"3":{"name":"(anonymous_3)","decl":{"start":{"line":76,"column":4},"end":{"line":76,"column":19}},"loc":{"start":{"line":76,"column":19},"end":{"line":76,"column":null}},"line":76},"4":{"name":"(anonymous_4)","decl":{"start":{"line":81,"column":4},"end":{"line":81,"column":14}},"loc":{"start":{"line":81,"column":31},"end":{"line":85,"column":null}},"line":81},"5":{"name":"(anonymous_5)","decl":{"start":{"line":86,"column":4},"end":{"line":86,"column":20}},"loc":{"start":{"line":86,"column":20},"end":{"line":86,"column":null}},"line":86},"6":{"name":"isPlainObject","decl":{"start":{"line":105,"column":9},"end":{"line":105,"column":23}},"loc":{"start":{"line":105,"column":73},"end":{"line":107,"column":null}},"line":105},"7":{"name":"gateAlignmentProposal","decl":{"start":{"line":112,"column":16},"end":{"line":112,"column":null}},"loc":{"start":{"line":115,"column":21},"end":{"line":174,"column":null}},"line":115},"8":{"name":"(anonymous_8)","decl":{"start":{"line":121,"column":25},"end":{"line":121,"column":33}},"loc":{"start":{"line":121,"column":56},"end":{"line":121,"column":79}},"line":121},"9":{"name":"(anonymous_9)","decl":{"start":{"line":132,"column":27},"end":{"line":132,"column":32}},"loc":{"start":{"line":132,"column":40},"end":{"line":132,"column":71}},"line":132},"10":{"name":"(anonymous_10)","decl":{"start":{"line":133,"column":41},"end":{"line":133,"column":47}},"loc":{"start":{"line":133,"column":62},"end":{"line":133,"column":76}},"line":133},"11":{"name":"(anonymous_11)","decl":{"start":{"line":137,"column":21},"end":{"line":137,"column":27}},"loc":{"start":{"line":137,"column":42},"end":{"line":137,"column":83}},"line":137},"12":{"name":"(anonymous_12)","decl":{"start":{"line":143,"column":28},"end":{"line":143,"column":34}},"loc":{"start":{"line":143,"column":49},"end":{"line":143,"column":100}},"line":143},"13":{"name":"(anonymous_13)","decl":{"start":{"line":154,"column":31},"end":{"line":154,"column":37}},"loc":{"start":{"line":154,"column":52},"end":{"line":154,"column":85}},"line":154},"14":{"name":"(anonymous_14)","decl":{"start":{"line":165,"column":29},"end":{"line":165,"column":35}},"loc":{"start":{"line":165,"column":50},"end":{"line":165,"column":97}},"line":165},"15":{"name":"projectProvisional","decl":{"start":{"line":189,"column":16},"end":{"line":189,"column":null}},"loc":{"start":{"line":193,"column":20},"end":{"line":225,"column":null}},"line":193},"16":{"name":"(anonymous_16)","decl":{"start":{"line":202,"column":21},"end":{"line":202,"column":27}},"loc":{"start":{"line":202,"column":37},"end":{"line":202,"column":98}},"line":202},"17":{"name":"(anonymous_17)","decl":{"start":{"line":207,"column":32},"end":{"line":207,"column":null}},"loc":{"start":{"line":208,"column":21},"end":{"line":208,"column":null}},"line":208},"18":{"name":"(anonymous_18)","decl":{"start":{"line":210,"column":40},"end":{"line":210,"column":46}},"loc":{"start":{"line":210,"column":56},"end":{"line":210,"column":82}},"line":210},"19":{"name":"mapRawMove","decl":{"start":{"line":231,"column":9},"end":{"line":231,"column":null}},"loc":{"start":{"line":234,"column":85},"end":{"line":291,"column":null}},"line":234},"20":{"name":"(anonymous_20)","decl":{"start":{"line":254,"column":9},"end":{"line":254,"column":14}},"loc":{"start":{"line":254,"column":26},"end":{"line":262,"column":10}},"line":254},"21":{"name":"(anonymous_21)","decl":{"start":{"line":257,"column":64},"end":{"line":257,"column":69}},"loc":{"start":{"line":257,"column":76},"end":{"line":257,"column":86}},"line":257},"22":{"name":"(anonymous_22)","decl":{"start":{"line":260,"column":40},"end":{"line":260,"column":45}},"loc":{"start":{"line":260,"column":53},"end":{"line":260,"column":64}},"line":260},"23":{"name":"(anonymous_23)","decl":{"start":{"line":279,"column":46},"end":{"line":279,"column":51}},"loc":{"start":{"line":279,"column":58},"end":{"line":279,"column":68}},"line":279},"24":{"name":"isRetryableModelFailure","decl":{"start":{"line":293,"column":9},"end":{"line":293,"column":33}},"loc":{"start":{"line":293,"column":58},"end":{"line":300,"column":null}},"line":293},"25":{"name":"actionTemplateSummary","decl":{"start":{"line":304,"column":9},"end":{"line":304,"column":31}},"loc":{"start":{"line":304,"column":102},"end":{"line":314,"column":null}},"line":304},"26":{"name":"modelFailureKindOf","decl":{"start":{"line":316,"column":9},"end":{"line":316,"column":28}},"loc":{"start":{"line":316,"column":67},"end":{"line":324,"column":null}},"line":316},"27":{"name":"errorMessage","decl":{"start":{"line":326,"column":9},"end":{"line":326,"column":22}},"loc":{"start":{"line":326,"column":46},"end":{"line":333,"column":null}},"line":326},"28":{"name":"createTutorPolicyGraph","decl":{"start":{"line":358,"column":16},"end":{"line":358,"column":39}},"loc":{"start":{"line":358,"column":86},"end":{"line":662,"column":null}},"line":358},"29":{"name":"(anonymous_29)","decl":{"start":{"line":372,"column":8},"end":{"line":372,"column":23}},"loc":{"start":{"line":372,"column":46},"end":{"line":372,"column":null}},"line":372},"30":{"name":"(anonymous_30)","decl":{"start":{"line":373,"column":8},"end":{"line":373,"column":25}},"loc":{"start":{"line":373,"column":48},"end":{"line":373,"column":null}},"line":373},"31":{"name":"fallbackUpdate","decl":{"start":{"line":381,"column":11},"end":{"line":381,"column":null}},"loc":{"start":{"line":384,"column":17},"end":{"line":389,"column":null}},"line":384},"32":{"name":"(anonymous_32)","decl":{"start":{"line":391,"column":8},"end":{"line":391,"column":28}},"loc":{"start":{"line":391,"column":68},"end":{"line":393,"column":null}},"line":391},"33":{"name":"(anonymous_33)","decl":{"start":{"line":395,"column":29},"end":{"line":395,"column":36}},"loc":{"start":{"line":395,"column":84},"end":{"line":455,"column":null}},"line":395},"34":{"name":"(anonymous_34)","decl":{"start":{"line":434,"column":44},"end":{"line":434,"column":null}},"loc":{"start":{"line":435,"column":25},"end":{"line":435,"column":null}},"line":435},"35":{"name":"(anonymous_35)","decl":{"start":{"line":437,"column":46},"end":{"line":437,"column":null}},"loc":{"start":{"line":438,"column":25},"end":{"line":438,"column":null}},"line":438},"36":{"name":"(anonymous_36)","decl":{"start":{"line":441,"column":48},"end":{"line":441,"column":53}},"loc":{"start":{"line":441,"column":64},"end":{"line":444,"column":10}},"line":441},"37":{"name":"(anonymous_37)","decl":{"start":{"line":457,"column":8},"end":{"line":457,"column":34}},"loc":{"start":{"line":457,"column":74},"end":{"line":459,"column":null}},"line":457},"38":{"name":"(anonymous_38)","decl":{"start":{"line":461,"column":25},"end":{"line":461,"column":32}},"loc":{"start":{"line":461,"column":80},"end":{"line":553,"column":null}},"line":461},"39":{"name":"(anonymous_39)","decl":{"start":{"line":466,"column":23},"end":{"line":466,"column":29}},"loc":{"start":{"line":466,"column":39},"end":{"line":466,"column":102}},"line":466},"40":{"name":"(anonymous_40)","decl":{"start":{"line":469,"column":23},"end":{"line":469,"column":31}},"loc":{"start":{"line":469,"column":41},"end":{"line":469,"column":65}},"line":469},"41":{"name":"(anonymous_41)","decl":{"start":{"line":469,"column":67},"end":{"line":469,"column":72}},"loc":{"start":{"line":469,"column":82},"end":{"line":469,"column":101}},"line":469},"42":{"name":"(anonymous_42)","decl":{"start":{"line":476,"column":7},"end":{"line":476,"column":null}},"loc":{"start":{"line":478,"column":11},"end":{"line":479,"column":null}},"line":478},"43":{"name":"(anonymous_43)","decl":{"start":{"line":481,"column":7},"end":{"line":481,"column":12}},"loc":{"start":{"line":481,"column":25},"end":{"line":498,"column":7}},"line":481},"44":{"name":"(anonymous_44)","decl":{"start":{"line":531,"column":31},"end":{"line":531,"column":40}},"loc":{"start":{"line":531,"column":40},"end":{"line":532,"column":null}},"line":531},"45":{"name":"(anonymous_45)","decl":{"start":{"line":532,"column":53},"end":{"line":532,"column":58}},"loc":{"start":{"line":532,"column":73},"end":{"line":532,"column":92}},"line":532},"46":{"name":"(anonymous_46)","decl":{"start":{"line":537,"column":13},"end":{"line":537,"column":21}},"loc":{"start":{"line":537,"column":21},"end":{"line":537,"column":64}},"line":537},"47":{"name":"(anonymous_47)","decl":{"start":{"line":538,"column":13},"end":{"line":538,"column":18}},"loc":{"start":{"line":538,"column":29},"end":{"line":538,"column":76}},"line":538},"48":{"name":"(anonymous_48)","decl":{"start":{"line":555,"column":8},"end":{"line":555,"column":32}},"loc":{"start":{"line":555,"column":71},"end":{"line":583,"column":null}},"line":555},"49":{"name":"(anonymous_49)","decl":{"start":{"line":585,"column":8},"end":{"line":585,"column":28}},"loc":{"start":{"line":585,"column":68},"end":{"line":588,"column":null}},"line":585},"50":{"name":"(anonymous_50)","decl":{"start":{"line":605,"column":6},"end":{"line":605,"column":null}},"loc":{"start":{"line":606,"column":34},"end":{"line":606,"column":null}},"line":606},"51":{"name":"proposeTurn","decl":{"start":{"line":614,"column":10},"end":{"line":614,"column":22}},"loc":{"start":{"line":614,"column":74},"end":{"line":660,"column":null}},"line":614},"52":{"name":"(anonymous_52)","decl":{"start":{"line":618,"column":20},"end":{"line":618,"column":null}},"loc":{"start":{"line":619,"column":14},"end":{"line":619,"column":null}},"line":619}},"branchMap":{"0":{"loc":{"start":{"line":82,"column":6},"end":{"line":82,"column":null}},"type":"binary-expr","locations":[{"start":{"line":82,"column":6},"end":{"line":82,"column":73}},{"start":{"line":82,"column":73},"end":{"line":82,"column":null}}],"line":82},"1":{"loc":{"start":{"line":82,"column":20},"end":{"line":82,"column":46}},"type":"binary-expr","locations":[{"start":{"line":82,"column":20},"end":{"line":82,"column":40}},{"start":{"line":82,"column":40},"end":{"line":82,"column":46}}],"line":82},"2":{"loc":{"start":{"line":82,"column":46},"end":{"line":82,"column":73}},"type":"binary-expr","locations":[{"start":{"line":82,"column":46},"end":{"line":82,"column":67}},{"start":{"line":82,"column":67},"end":{"line":82,"column":73}}],"line":82},"3":{"loc":{"start":{"line":83,"column":6},"end":{"line":83,"column":null}},"type":"binary-expr","locations":[{"start":{"line":83,"column":6},"end":{"line":83,"column":76}},{"start":{"line":83,"column":76},"end":{"line":83,"column":null}}],"line":83},"4":{"loc":{"start":{"line":83,"column":21},"end":{"line":83,"column":48}},"type":"binary-expr","locations":[{"start":{"line":83,"column":21},"end":{"line":83,"column":42}},{"start":{"line":83,"column":42},"end":{"line":83,"column":48}}],"line":83},"5":{"loc":{"start":{"line":83,"column":48},"end":{"line":83,"column":76}},"type":"binary-expr","locations":[{"start":{"line":83,"column":48},"end":{"line":83,"column":70}},{"start":{"line":83,"column":70},"end":{"line":83,"column":76}}],"line":83},"6":{"loc":{"start":{"line":106,"column":9},"end":{"line":106,"column":null}},"type":"binary-expr","locations":[{"start":{"line":106,"column":9},"end":{"line":106,"column":27}},{"start":{"line":106,"column":27},"end":{"line":106,"column":56}},{"start":{"line":106,"column":56},"end":{"line":106,"column":null}}],"line":106},"7":{"loc":{"start":{"line":117,"column":4},"end":{"line":119,"column":null}},"type":"cond-expr","locations":[{"start":{"line":118,"column":8},"end":{"line":118,"column":null}},{"start":{"line":119,"column":8},"end":{"line":119,"column":null}}],"line":117},"8":{"loc":{"start":{"line":117,"column":4},"end":{"line":117,"column":null}},"type":"binary-expr","locations":[{"start":{"line":117,"column":4},"end":{"line":117,"column":42}},{"start":{"line":117,"column":42},"end":{"line":117,"column":null}}],"line":117},"9":{"loc":{"start":{"line":120,"column":15},"end":{"line":122,"column":null}},"type":"cond-expr","locations":[{"start":{"line":121,"column":6},"end":{"line":121,"column":null}},{"start":{"line":122,"column":6},"end":{"line":122,"column":null}}],"line":120},"10":{"loc":{"start":{"line":125,"column":2},"end":{"line":131,"column":null}},"type":"if","locations":[{"start":{"line":125,"column":2},"end":{"line":131,"column":null}},{"start":{},"end":{}}],"line":125},"11":{"loc":{"start":{"line":126,"column":4},"end":{"line":128,"column":null}},"type":"binary-expr","locations":[{"start":{"line":126,"column":4},"end":{"line":126,"column":null}},{"start":{"line":127,"column":4},"end":{"line":127,"column":null}},{"start":{"line":128,"column":4},"end":{"line":128,"column":null}}],"line":126},"12":{"loc":{"start":{"line":133,"column":2},"end":{"line":133,"column":null}},"type":"if","locations":[{"start":{"line":133,"column":2},"end":{"line":133,"column":null}},{"start":{},"end":{}}],"line":133},"13":{"loc":{"start":{"line":133,"column":6},"end":{"line":133,"column":79}},"type":"binary-expr","locations":[{"start":{"line":133,"column":6},"end":{"line":133,"column":29}},{"start":{"line":133,"column":29},"end":{"line":133,"column":79}}],"line":133},"14":{"loc":{"start":{"line":135,"column":2},"end":{"line":139,"column":null}},"type":"if","locations":[{"start":{"line":135,"column":2},"end":{"line":139,"column":null}},{"start":{},"end":{}}],"line":135},"15":{"loc":{"start":{"line":136,"column":4},"end":{"line":136,"column":null}},"type":"if","locations":[{"start":{"line":136,"column":4},"end":{"line":136,"column":null}},{"start":{},"end":{}}],"line":136},"16":{"loc":{"start":{"line":137,"column":4},"end":{"line":137,"column":null}},"type":"if","locations":[{"start":{"line":137,"column":4},"end":{"line":137,"column":null}},{"start":{},"end":{}}],"line":137},"17":{"loc":{"start":{"line":141,"column":2},"end":{"line":141,"column":null}},"type":"if","locations":[{"start":{"line":141,"column":2},"end":{"line":141,"column":null}},{"start":{},"end":{}}],"line":141},"18":{"loc":{"start":{"line":142,"column":2},"end":{"line":152,"column":null}},"type":"if","locations":[{"start":{"line":142,"column":2},"end":{"line":152,"column":null}},{"start":{},"end":{}}],"line":142},"19":{"loc":{"start":{"line":144,"column":4},"end":{"line":144,"column":null}},"type":"if","locations":[{"start":{"line":144,"column":4},"end":{"line":144,"column":null}},{"start":{},"end":{}}],"line":144},"20":{"loc":{"start":{"line":145,"column":4},"end":{"line":145,"column":null}},"type":"if","locations":[{"start":{"line":145,"column":4},"end":{"line":145,"column":null}},{"start":{},"end":{}}],"line":145},"21":{"loc":{"start":{"line":145,"column":8},"end":{"line":145,"column":84}},"type":"binary-expr","locations":[{"start":{"line":145,"column":8},"end":{"line":145,"column":43}},{"start":{"line":145,"column":43},"end":{"line":145,"column":84}}],"line":145},"22":{"loc":{"start":{"line":155,"column":2},"end":{"line":164,"column":null}},"type":"if","locations":[{"start":{"line":155,"column":2},"end":{"line":164,"column":null}},{"start":{},"end":{}}],"line":155},"23":{"loc":{"start":{"line":156,"column":4},"end":{"line":156,"column":null}},"type":"if","locations":[{"start":{"line":156,"column":4},"end":{"line":156,"column":null}},{"start":{},"end":{}}],"line":156},"24":{"loc":{"start":{"line":156,"column":8},"end":{"line":156,"column":74}},"type":"binary-expr","locations":[{"start":{"line":156,"column":8},"end":{"line":156,"column":38}},{"start":{"line":156,"column":38},"end":{"line":156,"column":74}}],"line":156},"25":{"loc":{"start":{"line":166,"column":2},"end":{"line":166,"column":null}},"type":"if","locations":[{"start":{"line":166,"column":2},"end":{"line":166,"column":null}},{"start":{},"end":{}}],"line":166},"26":{"loc":{"start":{"line":167,"column":2},"end":{"line":167,"column":null}},"type":"if","locations":[{"start":{"line":167,"column":2},"end":{"line":167,"column":null}},{"start":{},"end":{}}],"line":167},"27":{"loc":{"start":{"line":167,"column":6},"end":{"line":167,"column":85}},"type":"binary-expr","locations":[{"start":{"line":167,"column":6},"end":{"line":167,"column":41}},{"start":{"line":167,"column":41},"end":{"line":167,"column":85}}],"line":167},"28":{"loc":{"start":{"line":194,"column":2},"end":{"line":194,"column":null}},"type":"if","locations":[{"start":{"line":194,"column":2},"end":{"line":194,"column":null}},{"start":{},"end":{}}],"line":194},"29":{"loc":{"start":{"line":195,"column":2},"end":{"line":200,"column":null}},"type":"if","locations":[{"start":{"line":195,"column":2},"end":{"line":200,"column":null}},{"start":{},"end":{}}],"line":195},"30":{"loc":{"start":{"line":196,"column":4},"end":{"line":197,"column":null}},"type":"binary-expr","locations":[{"start":{"line":196,"column":4},"end":{"line":196,"column":null}},{"start":{"line":197,"column":4},"end":{"line":197,"column":null}}],"line":196},"31":{"loc":{"start":{"line":202,"column":4},"end":{"line":203,"column":null}},"type":"binary-expr","locations":[{"start":{"line":202,"column":4},"end":{"line":203,"column":19}},{"start":{"line":203,"column":19},"end":{"line":203,"column":null}}],"line":202},"32":{"loc":{"start":{"line":205,"column":4},"end":{"line":209,"column":null}},"type":"cond-expr","locations":[{"start":{"line":206,"column":8},"end":{"line":206,"column":null}},{"start":{"line":207,"column":8},"end":{"line":209,"column":null}}],"line":205},"33":{"loc":{"start":{"line":205,"column":4},"end":{"line":205,"column":null}},"type":"binary-expr","locations":[{"start":{"line":205,"column":4},"end":{"line":205,"column":54}},{"start":{"line":205,"column":54},"end":{"line":205,"column":null}}],"line":205},"34":{"loc":{"start":{"line":208,"column":21},"end":{"line":208,"column":null}},"type":"binary-expr","locations":[{"start":{"line":208,"column":21},"end":{"line":208,"column":50}},{"start":{"line":208,"column":36},"end":{"line":208,"column":null}}],"line":208},"35":{"loc":{"start":{"line":208,"column":50},"end":{"line":208,"column":76}},"type":"binary-expr","locations":[{"start":{"line":208,"column":50},"end":{"line":208,"column":67}},{"start":{"line":208,"column":67},"end":{"line":208,"column":76}}],"line":208},"36":{"loc":{"start":{"line":211,"column":21},"end":{"line":211,"column":null}},"type":"binary-expr","locations":[{"start":{"line":211,"column":21},"end":{"line":211,"column":47}},{"start":{"line":211,"column":47},"end":{"line":211,"column":null}}],"line":211},"37":{"loc":{"start":{"line":212,"column":16},"end":{"line":212,"column":null}},"type":"binary-expr","locations":[{"start":{"line":212,"column":16},"end":{"line":212,"column":41}},{"start":{"line":212,"column":41},"end":{"line":212,"column":null}}],"line":212},"38":{"loc":{"start":{"line":215,"column":4},"end":{"line":217,"column":null}},"type":"cond-expr","locations":[{"start":{"line":216,"column":8},"end":{"line":216,"column":null}},{"start":{"line":217,"column":8},"end":{"line":217,"column":null}}],"line":215},"39":{"loc":{"start":{"line":215,"column":4},"end":{"line":215,"column":null}},"type":"binary-expr","locations":[{"start":{"line":215,"column":4},"end":{"line":215,"column":28}},{"start":{"line":215,"column":28},"end":{"line":215,"column":null}}],"line":215},"40":{"loc":{"start":{"line":220,"column":8},"end":{"line":222,"column":null}},"type":"cond-expr","locations":[{"start":{"line":221,"column":8},"end":{"line":221,"column":null}},{"start":{"line":222,"column":8},"end":{"line":222,"column":null}}],"line":220},"41":{"loc":{"start":{"line":220,"column":8},"end":{"line":220,"column":null}},"type":"binary-expr","locations":[{"start":{"line":220,"column":8},"end":{"line":220,"column":58}},{"start":{"line":220,"column":58},"end":{"line":220,"column":null}}],"line":220},"42":{"loc":{"start":{"line":223,"column":8},"end":{"line":223,"column":null}},"type":"cond-expr","locations":[{"start":{"line":223,"column":27},"end":{"line":223,"column":70}},{"start":{"line":223,"column":70},"end":{"line":223,"column":null}}],"line":223},"43":{"loc":{"start":{"line":235,"column":2},"end":{"line":237,"column":null}},"type":"if","locations":[{"start":{"line":235,"column":2},"end":{"line":237,"column":null}},{"start":{},"end":{}}],"line":235},"44":{"loc":{"start":{"line":238,"column":15},"end":{"line":238,"column":null}},"type":"cond-expr","locations":[{"start":{"line":238,"column":41},"end":{"line":238,"column":52}},{"start":{"line":238,"column":52},"end":{"line":238,"column":null}}],"line":238},"45":{"loc":{"start":{"line":239,"column":2},"end":{"line":241,"column":null}},"type":"if","locations":[{"start":{"line":239,"column":2},"end":{"line":241,"column":null}},{"start":{},"end":{}}],"line":239},"46":{"loc":{"start":{"line":242,"column":19},"end":{"line":242,"column":null}},"type":"cond-expr","locations":[{"start":{"line":242,"column":56},"end":{"line":242,"column":73}},{"start":{"line":242,"column":73},"end":{"line":242,"column":null}}],"line":242},"47":{"loc":{"start":{"line":243,"column":22},"end":{"line":243,"column":null}},"type":"cond-expr","locations":[{"start":{"line":243,"column":62},"end":{"line":243,"column":82}},{"start":{"line":243,"column":82},"end":{"line":243,"column":null}}],"line":243},"48":{"loc":{"start":{"line":244,"column":2},"end":{"line":246,"column":null}},"type":"if","locations":[{"start":{"line":244,"column":2},"end":{"line":246,"column":null}},{"start":{},"end":{}}],"line":244},"49":{"loc":{"start":{"line":244,"column":6},"end":{"line":244,"column":33}},"type":"binary-expr","locations":[{"start":{"line":244,"column":6},"end":{"line":244,"column":19}},{"start":{"line":244,"column":19},"end":{"line":244,"column":33}}],"line":244},"50":{"loc":{"start":{"line":248,"column":4},"end":{"line":250,"column":null}},"type":"cond-expr","locations":[{"start":{"line":249,"column":8},"end":{"line":249,"column":null}},{"start":{"line":250,"column":8},"end":{"line":250,"column":null}}],"line":248},"51":{"loc":{"start":{"line":248,"column":4},"end":{"line":248,"column":null}},"type":"binary-expr","locations":[{"start":{"line":248,"column":4},"end":{"line":248,"column":39}},{"start":{"line":248,"column":39},"end":{"line":248,"column":null}}],"line":248},"52":{"loc":{"start":{"line":251,"column":27},"end":{"line":263,"column":null}},"type":"cond-expr","locations":[{"start":{"line":252,"column":6},"end":{"line":262,"column":null}},{"start":{"line":263,"column":6},"end":{"line":263,"column":null}}],"line":251},"53":{"loc":{"start":{"line":255,"column":31},"end":{"line":255,"column":56}},"type":"binary-expr","locations":[{"start":{"line":255,"column":31},"end":{"line":255,"column":54}},{"start":{"line":255,"column":54},"end":{"line":255,"column":56}}],"line":255},"54":{"loc":{"start":{"line":256,"column":14},"end":{"line":258,"column":null}},"type":"cond-expr","locations":[{"start":{"line":257,"column":14},"end":{"line":257,"column":null}},{"start":{"line":258,"column":14},"end":{"line":258,"column":null}}],"line":256},"55":{"loc":{"start":{"line":259,"column":30},"end":{"line":261,"column":null}},"type":"cond-expr","locations":[{"start":{"line":260,"column":14},"end":{"line":260,"column":null}},{"start":{"line":261,"column":14},"end":{"line":261,"column":null}}],"line":259},"56":{"loc":{"start":{"line":264,"column":16},"end":{"line":264,"column":null}},"type":"cond-expr","locations":[{"start":{"line":264,"column":43},"end":{"line":264,"column":55}},{"start":{"line":264,"column":55},"end":{"line":264,"column":null}}],"line":264},"57":{"loc":{"start":{"line":265,"column":20},"end":{"line":265,"column":null}},"type":"cond-expr","locations":[{"start":{"line":265,"column":74},"end":{"line":265,"column":87}},{"start":{"line":265,"column":87},"end":{"line":265,"column":null}}],"line":265},"58":{"loc":{"start":{"line":265,"column":20},"end":{"line":265,"column":74}},"type":"binary-expr","locations":[{"start":{"line":265,"column":20},"end":{"line":265,"column":54}},{"start":{"line":265,"column":54},"end":{"line":265,"column":74}}],"line":265},"59":{"loc":{"start":{"line":267,"column":4},"end":{"line":267,"column":null}},"type":"cond-expr","locations":[{"start":{"line":267,"column":41},"end":{"line":267,"column":61}},{"start":{"line":267,"column":61},"end":{"line":267,"column":null}}],"line":267},"60":{"loc":{"start":{"line":272,"column":10},"end":{"line":272,"column":null}},"type":"cond-expr","locations":[{"start":{"line":272,"column":22},"end":{"line":272,"column":38}},{"start":{"line":272,"column":38},"end":{"line":272,"column":null}}],"line":272},"61":{"loc":{"start":{"line":276,"column":12},"end":{"line":276,"column":null}},"type":"cond-expr","locations":[{"start":{"line":276,"column":53},"end":{"line":276,"column":93}},{"start":{"line":276,"column":93},"end":{"line":276,"column":null}}],"line":276},"62":{"loc":{"start":{"line":277,"column":12},"end":{"line":277,"column":null}},"type":"cond-expr","locations":[{"start":{"line":277,"column":56},"end":{"line":277,"column":102}},{"start":{"line":277,"column":102},"end":{"line":277,"column":null}}],"line":277},"63":{"loc":{"start":{"line":278,"column":12},"end":{"line":280,"column":null}},"type":"cond-expr","locations":[{"start":{"line":279,"column":12},"end":{"line":279,"column":null}},{"start":{"line":280,"column":12},"end":{"line":280,"column":null}}],"line":278},"64":{"loc":{"start":{"line":281,"column":12},"end":{"line":281,"column":null}},"type":"cond-expr","locations":[{"start":{"line":281,"column":25},"end":{"line":281,"column":55}},{"start":{"line":281,"column":55},"end":{"line":281,"column":null}}],"line":281},"65":{"loc":{"start":{"line":282,"column":12},"end":{"line":282,"column":null}},"type":"cond-expr","locations":[{"start":{"line":282,"column":39},"end":{"line":282,"column":81}},{"start":{"line":282,"column":81},"end":{"line":282,"column":null}}],"line":282},"66":{"loc":{"start":{"line":284,"column":10},"end":{"line":284,"column":null}},"type":"cond-expr","locations":[{"start":{"line":284,"column":36},"end":{"line":284,"column":52}},{"start":{"line":284,"column":52},"end":{"line":284,"column":null}}],"line":284},"67":{"loc":{"start":{"line":295,"column":4},"end":{"line":298,"column":null}},"type":"binary-expr","locations":[{"start":{"line":295,"column":4},"end":{"line":295,"column":null}},{"start":{"line":296,"column":4},"end":{"line":296,"column":null}},{"start":{"line":297,"column":4},"end":{"line":297,"column":null}},{"start":{"line":298,"column":5},"end":{"line":298,"column":null}}],"line":295},"68":{"loc":{"start":{"line":306,"column":32},"end":{"line":306,"column":47}},"type":"binary-expr","locations":[{"start":{"line":306,"column":32},"end":{"line":306,"column":43}},{"start":{"line":306,"column":43},"end":{"line":306,"column":47}}],"line":306},"69":{"loc":{"start":{"line":308,"column":10},"end":{"line":308,"column":null}},"type":"cond-expr","locations":[{"start":{"line":308,"column":47},"end":{"line":308,"column":75}},{"start":{"line":308,"column":75},"end":{"line":308,"column":null}}],"line":308},"70":{"loc":{"start":{"line":309,"column":10},"end":{"line":309,"column":null}},"type":"cond-expr","locations":[{"start":{"line":309,"column":53},"end":{"line":309,"column":93}},{"start":{"line":309,"column":93},"end":{"line":309,"column":null}}],"line":309},"71":{"loc":{"start":{"line":317,"column":2},"end":{"line":322,"column":null}},"type":"if","locations":[{"start":{"line":317,"column":2},"end":{"line":322,"column":null}},{"start":{},"end":{}}],"line":317},"72":{"loc":{"start":{"line":317,"column":6},"end":{"line":317,"column":70}},"type":"binary-expr","locations":[{"start":{"line":317,"column":6},"end":{"line":317,"column":35}},{"start":{"line":317,"column":35},"end":{"line":317,"column":53}},{"start":{"line":317,"column":53},"end":{"line":317,"column":70}}],"line":317},"73":{"loc":{"start":{"line":319,"column":4},"end":{"line":319,"column":null}},"type":"if","locations":[{"start":{"line":319,"column":4},"end":{"line":319,"column":null}},{"start":{},"end":{}}],"line":319},"74":{"loc":{"start":{"line":320,"column":4},"end":{"line":320,"column":null}},"type":"if","locations":[{"start":{"line":320,"column":4},"end":{"line":320,"column":null}},{"start":{},"end":{}}],"line":320},"75":{"loc":{"start":{"line":321,"column":4},"end":{"line":321,"column":null}},"type":"if","locations":[{"start":{"line":321,"column":4},"end":{"line":321,"column":null}},{"start":{},"end":{}}],"line":321},"76":{"loc":{"start":{"line":327,"column":2},"end":{"line":327,"column":null}},"type":"if","locations":[{"start":{"line":327,"column":2},"end":{"line":327,"column":null}},{"start":{},"end":{}}],"line":327},"77":{"loc":{"start":{"line":359,"column":24},"end":{"line":359,"column":null}},"type":"binary-expr","locations":[{"start":{"line":359,"column":24},"end":{"line":359,"column":49}},{"start":{"line":359,"column":49},"end":{"line":359,"column":null}}],"line":359},"78":{"loc":{"start":{"line":360,"column":27},"end":{"line":360,"column":null}},"type":"binary-expr","locations":[{"start":{"line":360,"column":27},"end":{"line":360,"column":55}},{"start":{"line":360,"column":55},"end":{"line":360,"column":null}}],"line":360},"79":{"loc":{"start":{"line":399,"column":4},"end":{"line":401,"column":null}},"type":"if","locations":[{"start":{"line":399,"column":4},"end":{"line":401,"column":null}},{"start":{},"end":{}}],"line":399},"80":{"loc":{"start":{"line":402,"column":4},"end":{"line":404,"column":null}},"type":"if","locations":[{"start":{"line":402,"column":4},"end":{"line":404,"column":null}},{"start":{},"end":{}}],"line":402},"81":{"loc":{"start":{"line":402,"column":8},"end":{"line":402,"column":93}},"type":"binary-expr","locations":[{"start":{"line":402,"column":8},"end":{"line":402,"column":54}},{"start":{"line":402,"column":54},"end":{"line":402,"column":93}}],"line":402},"82":{"loc":{"start":{"line":405,"column":4},"end":{"line":407,"column":null}},"type":"if","locations":[{"start":{"line":405,"column":4},"end":{"line":407,"column":null}},{"start":{},"end":{}}],"line":405},"83":{"loc":{"start":{"line":408,"column":4},"end":{"line":422,"column":null}},"type":"if","locations":[{"start":{"line":408,"column":4},"end":{"line":422,"column":null}},{"start":{},"end":{}}],"line":408},"84":{"loc":{"start":{"line":410,"column":6},"end":{"line":412,"column":null}},"type":"if","locations":[{"start":{"line":410,"column":6},"end":{"line":412,"column":null}},{"start":{},"end":{}}],"line":410},"85":{"loc":{"start":{"line":416,"column":14},"end":{"line":416,"column":null}},"type":"cond-expr","locations":[{"start":{"line":416,"column":38},"end":{"line":416,"column":80}},{"start":{"line":416,"column":80},"end":{"line":416,"column":null}}],"line":416},"86":{"loc":{"start":{"line":418,"column":12},"end":{"line":418,"column":null}},"type":"cond-expr","locations":[{"start":{"line":418,"column":101},"end":{"line":418,"column":105}},{"start":{"line":418,"column":105},"end":{"line":418,"column":null}}],"line":418},"87":{"loc":{"start":{"line":418,"column":12},"end":{"line":418,"column":101}},"type":"binary-expr","locations":[{"start":{"line":418,"column":12},"end":{"line":418,"column":59}},{"start":{"line":418,"column":59},"end":{"line":418,"column":101}}],"line":418},"88":{"loc":{"start":{"line":423,"column":18},"end":{"line":423,"column":34}},"type":"binary-expr","locations":[{"start":{"line":423,"column":18},"end":{"line":423,"column":32}},{"start":{"line":423,"column":32},"end":{"line":423,"column":34}}],"line":423},"89":{"loc":{"start":{"line":424,"column":4},"end":{"line":426,"column":null}},"type":"if","locations":[{"start":{"line":424,"column":4},"end":{"line":426,"column":null}},{"start":{},"end":{}}],"line":424},"90":{"loc":{"start":{"line":427,"column":17},"end":{"line":427,"column":null}},"type":"binary-expr","locations":[{"start":{"line":427,"column":17},"end":{"line":427,"column":38}},{"start":{"line":427,"column":38},"end":{"line":427,"column":null}}],"line":427},"91":{"loc":{"start":{"line":440,"column":27},"end":{"line":440,"column":null}},"type":"binary-expr","locations":[{"start":{"line":440,"column":27},"end":{"line":440,"column":53}},{"start":{"line":440,"column":53},"end":{"line":440,"column":null}}],"line":440},"92":{"loc":{"start":{"line":450,"column":12},"end":{"line":450,"column":null}},"type":"cond-expr","locations":[{"start":{"line":450,"column":54},"end":{"line":450,"column":98}},{"start":{"line":450,"column":98},"end":{"line":450,"column":null}}],"line":450},"93":{"loc":{"start":{"line":451,"column":12},"end":{"line":451,"column":null}},"type":"cond-expr","locations":[{"start":{"line":451,"column":55},"end":{"line":451,"column":101}},{"start":{"line":451,"column":101},"end":{"line":451,"column":null}}],"line":451},"94":{"loc":{"start":{"line":464,"column":25},"end":{"line":464,"column":null}},"type":"binary-expr","locations":[{"start":{"line":464,"column":25},"end":{"line":464,"column":58}},{"start":{"line":464,"column":58},"end":{"line":464,"column":null}}],"line":464},"95":{"loc":{"start":{"line":466,"column":6},"end":{"line":467,"column":null}},"type":"binary-expr","locations":[{"start":{"line":466,"column":6},"end":{"line":467,"column":21}},{"start":{"line":467,"column":21},"end":{"line":467,"column":null}}],"line":466},"96":{"loc":{"start":{"line":478,"column":11},"end":{"line":479,"column":null}},"type":"binary-expr","locations":[{"start":{"line":478,"column":11},"end":{"line":478,"column":37}},{"start":{"line":478,"column":37},"end":{"line":478,"column":null}},{"start":{"line":479,"column":10},"end":{"line":479,"column":null}}],"line":478},"97":{"loc":{"start":{"line":482,"column":8},"end":{"line":490,"column":null}},"type":"if","locations":[{"start":{"line":482,"column":8},"end":{"line":490,"column":null}},{"start":{},"end":{}}],"line":482},"98":{"loc":{"start":{"line":482,"column":12},"end":{"line":482,"column":82}},"type":"binary-expr","locations":[{"start":{"line":482,"column":12},"end":{"line":482,"column":51}},{"start":{"line":482,"column":51},"end":{"line":482,"column":82}}],"line":482},"99":{"loc":{"start":{"line":496,"column":20},"end":{"line":496,"column":42}},"type":"binary-expr","locations":[{"start":{"line":496,"column":20},"end":{"line":496,"column":40}},{"start":{"line":496,"column":40},"end":{"line":496,"column":42}}],"line":496},"100":{"loc":{"start":{"line":500,"column":6},"end":{"line":507,"column":null}},"type":"binary-expr","locations":[{"start":{"line":500,"column":6},"end":{"line":500,"column":42}},{"start":{"line":500,"column":42},"end":{"line":507,"column":null}}],"line":500},"101":{"loc":{"start":{"line":515,"column":21},"end":{"line":515,"column":null}},"type":"binary-expr","locations":[{"start":{"line":515,"column":21},"end":{"line":515,"column":42}},{"start":{"line":515,"column":42},"end":{"line":515,"column":null}}],"line":515},"102":{"loc":{"start":{"line":532,"column":17},"end":{"line":532,"column":51}},"type":"binary-expr","locations":[{"start":{"line":532,"column":17},"end":{"line":532,"column":49}},{"start":{"line":532,"column":49},"end":{"line":532,"column":51}}],"line":532},"103":{"loc":{"start":{"line":537,"column":32},"end":{"line":537,"column":58}},"type":"binary-expr","locations":[{"start":{"line":537,"column":32},"end":{"line":537,"column":49}},{"start":{"line":537,"column":49},"end":{"line":537,"column":58}}],"line":537},"104":{"loc":{"start":{"line":540,"column":12},"end":{"line":542,"column":null}},"type":"cond-expr","locations":[{"start":{"line":541,"column":12},"end":{"line":541,"column":null}},{"start":{"line":542,"column":12},"end":{"line":542,"column":null}}],"line":540},"105":{"loc":{"start":{"line":548,"column":12},"end":{"line":548,"column":null}},"type":"cond-expr","locations":[{"start":{"line":548,"column":54},"end":{"line":548,"column":98}},{"start":{"line":548,"column":98},"end":{"line":548,"column":null}}],"line":548},"106":{"loc":{"start":{"line":549,"column":12},"end":{"line":549,"column":null}},"type":"cond-expr","locations":[{"start":{"line":549,"column":55},"end":{"line":549,"column":101}},{"start":{"line":549,"column":101},"end":{"line":549,"column":null}}],"line":549},"107":{"loc":{"start":{"line":557,"column":4},"end":{"line":559,"column":null}},"type":"if","locations":[{"start":{"line":557,"column":4},"end":{"line":559,"column":null}},{"start":{},"end":{}}],"line":557},"108":{"loc":{"start":{"line":567,"column":4},"end":{"line":573,"column":null}},"type":"if","locations":[{"start":{"line":567,"column":4},"end":{"line":573,"column":null}},{"start":{},"end":{}}],"line":567},"109":{"loc":{"start":{"line":574,"column":21},"end":{"line":574,"column":null}},"type":"binary-expr","locations":[{"start":{"line":574,"column":21},"end":{"line":574,"column":43}},{"start":{"line":574,"column":43},"end":{"line":574,"column":null}}],"line":574},"110":{"loc":{"start":{"line":575,"column":4},"end":{"line":577,"column":null}},"type":"if","locations":[{"start":{"line":575,"column":4},"end":{"line":577,"column":null}},{"start":{},"end":{}}],"line":575},"111":{"loc":{"start":{"line":579,"column":12},"end":{"line":579,"column":null}},"type":"cond-expr","locations":[{"start":{"line":579,"column":49},"end":{"line":579,"column":70}},{"start":{"line":579,"column":70},"end":{"line":579,"column":null}}],"line":579},"112":{"loc":{"start":{"line":606,"column":34},"end":{"line":606,"column":null}},"type":"cond-expr","locations":[{"start":{"line":606,"column":51},"end":{"line":606,"column":60}},{"start":{"line":606,"column":60},"end":{"line":606,"column":null}}],"line":606},"113":{"loc":{"start":{"line":634,"column":8},"end":{"line":639,"column":null}},"type":"if","locations":[{"start":{"line":634,"column":8},"end":{"line":639,"column":null}},{"start":{},"end":{}}],"line":634},"114":{"loc":{"start":{"line":637,"column":21},"end":{"line":637,"column":null}},"type":"binary-expr","locations":[{"start":{"line":637,"column":21},"end":{"line":637,"column":39}},{"start":{"line":637,"column":39},"end":{"line":637,"column":null}}],"line":637},"115":{"loc":{"start":{"line":653,"column":18},"end":{"line":653,"column":null}},"type":"cond-expr","locations":[{"start":{"line":653,"column":32},"end":{"line":653,"column":53}},{"start":{"line":653,"column":53},"end":{"line":653,"column":null}}],"line":653}},"s":{"0":12,"1":12,"2":12,"3":12,"4":994,"5":1011,"6":7,"7":514,"8":981,"9":514,"10":2015,"11":500,"12":500,"13":374,"14":500,"15":500,"16":500,"17":126,"18":374,"19":372,"20":374,"21":371,"22":9,"23":365,"24":26,"25":1,"26":25,"27":25,"28":1,"29":24,"30":339,"31":1,"32":338,"33":307,"34":307,"35":307,"36":0,"37":307,"38":2,"39":305,"40":31,"41":31,"42":31,"43":29,"44":1,"45":28,"46":2,"47":2,"48":2,"49":0,"50":2,"51":1,"52":1,"53":504,"54":4,"55":500,"56":169,"57":331,"58":1255,"59":504,"60":690,"61":504,"62":776,"63":504,"64":504,"65":504,"66":504,"67":504,"68":507,"69":4,"70":503,"71":507,"72":1,"73":502,"74":507,"75":507,"76":1,"77":501,"78":507,"79":3,"80":1,"81":3,"82":507,"83":507,"84":507,"85":507,"86":11,"87":2,"88":502,"89":502,"90":502,"91":0,"92":2,"93":1,"94":1,"95":0,"96":1,"97":0,"98":1,"99":0,"100":2,"101":2,"102":2,"103":0,"104":0,"105":0,"106":33,"107":33,"108":33,"109":33,"110":33,"111":994,"112":33,"113":983,"114":33,"115":10,"116":33,"117":502,"118":33,"119":502,"120":502,"121":17,"122":485,"123":4,"124":481,"125":4,"126":477,"127":2,"128":2,"129":1,"130":1,"131":475,"132":502,"133":0,"134":475,"135":502,"136":763,"137":1283,"138":950,"139":474,"140":33,"141":501,"142":33,"143":508,"144":508,"145":508,"146":508,"147":1749,"148":508,"149":3315,"150":1512,"151":508,"152":15008,"153":7471,"154":502,"155":502,"156":6969,"157":508,"158":508,"159":3315,"160":2064,"161":2212,"162":1010,"163":507,"164":33,"165":507,"166":507,"167":6,"168":501,"169":501,"170":490,"171":11,"172":507,"173":7,"174":4,"175":33,"176":7,"177":33,"178":507,"179":33,"180":502,"181":502,"182":502,"183":502,"184":0,"185":502,"186":502,"187":500,"188":0,"189":500,"190":2,"191":2,"192":502},"f":{"0":994,"1":1011,"2":7,"3":514,"4":981,"5":514,"6":2015,"7":500,"8":374,"9":372,"10":371,"11":25,"12":307,"13":31,"14":2,"15":504,"16":1255,"17":690,"18":776,"19":507,"20":3,"21":1,"22":3,"23":11,"24":2,"25":502,"26":2,"27":2,"28":33,"29":994,"30":983,"31":10,"32":502,"33":502,"34":763,"35":1283,"36":950,"37":501,"38":508,"39":1749,"40":3315,"41":1512,"42":15008,"43":7471,"44":3315,"45":2064,"46":2212,"47":1010,"48":507,"49":7,"50":507,"51":502,"52":0},"b":{"0":[981,8],"1":[981,502],"2":[981,8],"3":[981,8],"4":[981,502],"5":[981,8],"6":[2015,1512,1510],"7":[498,2],"8":[500,498],"9":[498,2],"10":[126,374],"11":[500,186,152],"12":[9,365],"13":[374,371],"14":[26,339],"15":[1,25],"16":[1,24],"17":[1,338],"18":[307,31],"19":[0,307],"20":[2,305],"21":[307,306],"22":[29,2],"23":[1,28],"24":[29,28],"25":[0,2],"26":[1,1],"27":[2,1],"28":[4,500],"29":[169,331],"30":[500,196],"31":[331,0],"32":[27,304],"33":[504,27],"34":[690,497],"35":[497,0],"36":[504,0],"37":[504,0],"38":[223,108],"39":[504,331],"40":[27,304],"41":[504,27],"42":[223,108],"43":[4,503],"44":[502,1],"45":[1,506],"46":[502,0],"47":[501,1],"48":[1,506],"49":[507,502],"50":[1,500],"51":[501,1],"52":[3,498],"53":[3,0],"54":[1,2],"55":[3,0],"56":[501,0],"57":[477,24],"58":[507,478],"59":[477,24],"60":[495,6],"61":[501,0],"62":[0,501],"63":[11,490],"64":[1,500],"65":[3,498],"66":[477,24],"67":[2,2,2,1],"68":[502,0],"69":[502,0],"70":[502,0],"71":[1,1],"72":[2,2,2],"73":[0,1],"74":[0,1],"75":[0,1],"76":[2,0],"77":[33,32],"78":[33,32],"79":[17,485],"80":[4,481],"81":[485,483],"82":[4,477],"83":[2,475],"84":[1,1],"85":[1,0],"86":[1,0],"87":[2,0],"88":[475,0],"89":[0,502],"90":[475,0],"91":[502,0],"92":[473,1],"93":[473,1],"94":[508,177],"95":[508,0],"96":[15008,15007,8139],"97":[502,6969],"98":[7471,6969],"99":[6969,0],"100":[508,499],"101":[508,0],"102":[3315,1473],"103":[2212,0],"104":[7,501],"105":[500,7],"106":[500,7],"107":[6,501],"108":[490,11],"109":[11,7],"110":[7,500],"111":[0,4],"112":[500,7],"113":[0,500],"114":[0,0],"115":[0,2]},"meta":{"lastBranch":116,"lastFunction":53,"lastStatement":193,"seen":{"s:45:38:45:Infinity":0,"s:46:42:46:Infinity":1,"s:47:35:47:Infinity":2,"s:59:19:88:Infinity":3,"f:71:4:71:14":0,"s:71:31:71:Infinity":4,"f:72:4:72:19":1,"s:72:19:72:Infinity":5,"f:75:4:75:14":2,"s:75:31:75:Infinity":6,"f:76:4:76:19":3,"s:76:19:76:Infinity":7,"f:81:4:81:14":4,"s:81:31:85:Infinity":8,"b:82:6:82:73:82:73:82:Infinity":0,"b:82:20:82:40:82:40:82:46":1,"b:82:46:82:67:82:67:82:73":2,"b:83:6:83:76:83:76:83:Infinity":3,"b:83:21:83:42:83:42:83:48":4,"b:83:48:83:70:83:70:83:76":5,"f:86:4:86:20":5,"s:86:20:86:Infinity":9,"f:105:9:105:23":6,"s:106:2:106:Infinity":10,"b:106:9:106:27:106:27:106:56:106:56:106:Infinity":6,"f:112:16:112:Infinity":7,"s:117:4:119:Infinity":11,"b:118:8:118:Infinity:119:8:119:Infinity":7,"b:117:4:117:42:117:42:117:Infinity":8,"s:120:15:122:Infinity":12,"b:121:6:121:Infinity:122:6:122:Infinity":9,"f:121:25:121:33":8,"s:121:56:121:79":13,"s:123:39:123:Infinity":14,"s:124:25:124:Infinity":15,"b:125:2:131:Infinity:undefined:undefined:undefined:undefined":10,"s:125:2:131:Infinity":16,"b:126:4:126:Infinity:127:4:127:Infinity:128:4:128:Infinity":11,"s:130:4:130:Infinity":17,"s:132:22:132:Infinity":18,"f:132:27:132:32":9,"s:132:40:132:71":19,"b:133:2:133:Infinity:undefined:undefined:undefined:undefined":12,"s:133:2:133:Infinity":20,"b:133:6:133:29:133:29:133:79":13,"f:133:41:133:47":10,"s:133:62:133:76":21,"s:133:79:133:Infinity":22,"b:135:2:139:Infinity:undefined:undefined:undefined:undefined":14,"s:135:2:139:Infinity":23,"b:136:4:136:Infinity:undefined:undefined:undefined:undefined":15,"s:136:4:136:Infinity":24,"s:136:53:136:Infinity":25,"b:137:4:137:Infinity:undefined:undefined:undefined:undefined":16,"s:137:4:137:Infinity":26,"f:137:21:137:27":11,"s:137:42:137:83":27,"s:137:86:137:Infinity":28,"s:138:4:138:Infinity":29,"b:141:2:141:Infinity:undefined:undefined:undefined:undefined":17,"s:141:2:141:Infinity":30,"s:141:50:141:Infinity":31,"b:142:2:152:Infinity:undefined:undefined:undefined:undefined":18,"s:142:2:152:Infinity":32,"s:143:16:143:Infinity":33,"f:143:28:143:34":12,"s:143:49:143:100":34,"b:144:4:144:Infinity:undefined:undefined:undefined:undefined":19,"s:144:4:144:Infinity":35,"s:144:14:144:Infinity":36,"b:145:4:145:Infinity:undefined:undefined:undefined:undefined":20,"s:145:4:145:Infinity":37,"b:145:8:145:43:145:43:145:84":21,"s:145:84:145:Infinity":38,"s:146:4:151:Infinity":39,"s:154:19:154:Infinity":40,"f:154:31:154:37":13,"s:154:52:154:85":41,"b:155:2:164:Infinity:undefined:undefined:undefined:undefined":22,"s:155:2:164:Infinity":42,"b:156:4:156:Infinity:undefined:undefined:undefined:undefined":23,"s:156:4:156:Infinity":43,"b:156:8:156:38:156:38:156:74":24,"s:156:74:156:Infinity":44,"s:157:4:163:Infinity":45,"s:165:17:165:Infinity":46,"f:165:29:165:35":14,"s:165:50:165:97":47,"b:166:2:166:Infinity:undefined:undefined:undefined:undefined":25,"s:166:2:166:Infinity":48,"s:166:30:166:Infinity":49,"b:167:2:167:Infinity:undefined:undefined:undefined:undefined":26,"s:167:2:167:Infinity":50,"b:167:6:167:41:167:41:167:85":27,"s:167:85:167:Infinity":51,"s:168:2:173:Infinity":52,"f:189:16:189:Infinity":15,"b:194:2:194:Infinity:undefined:undefined:undefined:undefined":28,"s:194:2:194:Infinity":53,"s:194:18:194:Infinity":54,"b:195:2:200:Infinity:undefined:undefined:undefined:undefined":29,"s:195:2:200:Infinity":55,"b:196:4:196:Infinity:197:4:197:Infinity":30,"s:199:4:199:Infinity":56,"s:202:4:203:Infinity":57,"b:202:4:203:19:203:19:203:Infinity":31,"f:202:21:202:27":16,"s:202:37:202:98":58,"s:205:4:209:Infinity":59,"b:206:8:206:Infinity:207:8:209:Infinity":32,"b:205:4:205:54:205:54:205:Infinity":33,"f:207:32:207:Infinity":17,"s:208:21:208:Infinity":60,"b:208:21:208:50:208:36:208:Infinity":34,"b:208:50:208:67:208:67:208:76":35,"s:210:16:210:Infinity":61,"f:210:40:210:46":18,"s:210:56:210:82":62,"s:211:21:211:Infinity":63,"b:211:21:211:47:211:47:211:Infinity":36,"s:212:16:212:Infinity":64,"b:212:16:212:41:212:41:212:Infinity":37,"s:213:26:213:Infinity":65,"s:215:4:217:Infinity":66,"b:216:8:216:Infinity:217:8:217:Infinity":38,"b:215:4:215:28:215:28:215:Infinity":39,"s:218:2:224:Infinity":67,"b:221:8:221:Infinity:222:8:222:Infinity":40,"b:220:8:220:58:220:58:220:Infinity":41,"b:223:27:223:70:223:70:223:Infinity":42,"f:231:9:231:Infinity":19,"b:235:2:237:Infinity:undefined:undefined:undefined:undefined":43,"s:235:2:237:Infinity":68,"s:236:4:236:Infinity":69,"s:238:15:238:Infinity":70,"b:238:41:238:52:238:52:238:Infinity":44,"b:239:2:241:Infinity:undefined:undefined:undefined:undefined":45,"s:239:2:241:Infinity":71,"s:240:4:240:Infinity":72,"s:242:19:242:Infinity":73,"b:242:56:242:73:242:73:242:Infinity":46,"s:243:22:243:Infinity":74,"b:243:62:243:82:243:82:243:Infinity":47,"b:244:2:246:Infinity:undefined:undefined:undefined:undefined":48,"s:244:2:246:Infinity":75,"b:244:6:244:19:244:19:244:33":49,"s:245:4
[...]
":{"line":200,"column":8},"end":{"line":200,"column":null}},"49":{"start":{"line":201,"column":8},"end":{"line":201,"column":null}},"50":{"start":{"line":203,"column":6},"end":{"line":207,"column":null}},"51":{"start":{"line":204,"column":8},"end":{"line":204,"column":null}},"52":{"start":{"line":206,"column":8},"end":{"line":206,"column":null}},"53":{"start":{"line":211,"column":2},"end":{"line":240,"column":null}},"54":{"start":{"line":212,"column":4},"end":{"line":239,"column":null}},"55":{"start":{"line":213,"column":24},"end":{"line":213,"column":null}},"56":{"start":{"line":214,"column":19},"end":{"line":214,"column":null}},"57":{"start":{"line":215,"column":48},"end":{"line":215,"column":null}},"58":{"start":{"line":216,"column":23},"end":{"line":227,"column":null}},"59":{"start":{"line":228,"column":6},"end":{"line":228,"column":null}},"60":{"start":{"line":230,"column":6},"end":{"line":233,"column":null}},"61":{"start":{"line":231,"column":8},"end":{"line":231,"column":null}},"62":{"start":{"line":232,"column":8},"end":{"line":232,"column":null}},"63":{"start":{"line":234,"column":6},"end":{"line":238,"column":null}},"64":{"start":{"line":235,"column":8},"end":{"line":235,"column":null}},"65":{"start":{"line":237,"column":8},"end":{"line":237,"column":null}},"66":{"start":{"line":242,"column":2},"end":{"line":268,"column":null}},"67":{"start":{"line":243,"column":4},"end":{"line":267,"column":null}},"68":{"start":{"line":244,"column":24},"end":{"line":244,"column":null}},"69":{"start":{"line":245,"column":19},"end":{"line":245,"column":null}},"70":{"start":{"line":246,"column":23},"end":{"line":255,"column":null}},"71":{"start":{"line":256,"column":6},"end":{"line":256,"column":null}},"72":{"start":{"line":258,"column":6},"end":{"line":261,"column":null}},"73":{"start":{"line":259,"column":8},"end":{"line":259,"column":null}},"74":{"start":{"line":260,"column":8},"end":{"line":260,"column":null}},"75":{"start":{"line":262,"column":6},"end":{"line":266,"column":null}},"76":{"start":{"line":263,"column":8},"end":{"line":263,"column":null}},"77":{"start":{"line":265,"column":8},"end":{"line":265,"column":null}},"78":{"start":{"line":270,"column":2},"end":{"line":288,"column":null}},"79":{"start":{"line":271,"column":4},"end":{"line":287,"column":null}},"80":{"start":{"line":272,"column":24},"end":{"line":272,"column":null}},"81":{"start":{"line":273,"column":19},"end":{"line":273,"column":null}},"82":{"start":{"line":274,"column":23},"end":{"line":274,"column":null}},"83":{"start":{"line":275,"column":19},"end":{"line":275,"column":null}},"84":{"start":{"line":276,"column":6},"end":{"line":276,"column":null}},"85":{"start":{"line":278,"column":6},"end":{"line":281,"column":null}},"86":{"start":{"line":279,"column":8},"end":{"line":279,"column":null}},"87":{"start":{"line":280,"column":8},"end":{"line":280,"column":null}},"88":{"start":{"line":282,"column":6},"end":{"line":286,"column":null}},"89":{"start":{"line":283,"column":8},"end":{"line":283,"column":null}},"90":{"start":{"line":285,"column":8},"end":{"line":285,"column":null}},"91":{"start":{"line":290,"column":2},"end":{"line":315,"column":null}},"92":{"start":{"line":291,"column":4},"end":{"line":314,"column":null}},"93":{"start":{"line":292,"column":24},"end":{"line":292,"column":null}},"94":{"start":{"line":293,"column":19},"end":{"line":293,"column":null}},"95":{"start":{"line":296,"column":25},"end":{"line":296,"column":null}},"96":{"start":{"line":297,"column":25},"end":{"line":300,"column":null}},"97":{"start":{"line":301,"column":6},"end":{"line":301,"column":null}},"98":{"start":{"line":303,"column":6},"end":{"line":306,"column":null}},"99":{"start":{"line":304,"column":8},"end":{"line":304,"column":null}},"100":{"start":{"line":305,"column":8},"end":{"line":305,"column":null}},"101":{"start":{"line":307,"column":6},"end":{"line":312,"column":null}},"102":{"start":{"line":308,"column":8},"end":{"line":310,"column":null}},"103":{"start":{"line":311,"column":8},"end":{"line":311,"column":null}},"104":{"start":{"line":313,"column":6},"end":{"line":313,"column":null}},"105":{"start":{"line":317,"column":2},"end":{"line":317,"column":null}}},"fnMap":{"0":{"name":"coordinatorErrorStatus","decl":{"start":{"line":91,"column":9},"end":{"line":91,"column":32}},"loc":{"start":{"line":91,"column":54},"end":{"line":97,"column":null}},"line":91},"1":{"name":"fail","decl":{"start":{"line":99,"column":9},"end":{"line":99,"column":14}},"loc":{"start":{"line":99,"column":69},"end":{"line":107,"column":null}},"line":99},"2":{"name":"createTutorSessionRoutes","decl":{"start":{"line":118,"column":16},"end":{"line":118,"column":41}},"loc":{"start":{"line":118,"column":90},"end":{"line":318,"column":null}},"line":118},"3":{"name":"(anonymous_3)","decl":{"start":{"line":126,"column":8},"end":{"line":126,"column":25}},"loc":{"start":{"line":126,"column":76},"end":{"line":128,"column":null}},"line":126},"4":{"name":"(anonymous_4)","decl":{"start":{"line":130,"column":19},"end":{"line":130,"column":26}},"loc":{"start":{"line":130,"column":45},"end":{"line":192,"column":3}},"line":130},"5":{"name":"(anonymous_5)","decl":{"start":{"line":172,"column":41},"end":{"line":172,"column":46}},"loc":{"start":{"line":172,"column":57},"end":{"line":176,"column":12}},"line":172},"6":{"name":"(anonymous_6)","decl":{"start":{"line":194,"column":13},"end":{"line":194,"column":29}},"loc":{"start":{"line":194,"column":48},"end":{"line":209,"column":3}},"line":194},"7":{"name":"(anonymous_7)","decl":{"start":{"line":211,"column":35},"end":{"line":211,"column":42}},"loc":{"start":{"line":211,"column":61},"end":{"line":240,"column":3}},"line":211},"8":{"name":"(anonymous_8)","decl":{"start":{"line":242,"column":47},"end":{"line":242,"column":54}},"loc":{"start":{"line":242,"column":73},"end":{"line":268,"column":3}},"line":242},"9":{"name":"(anonymous_9)","decl":{"start":{"line":270,"column":14},"end":{"line":270,"column":39}},"loc":{"start":{"line":270,"column":58},"end":{"line":288,"column":3}},"line":270},"10":{"name":"(anonymous_10)","decl":{"start":{"line":290,"column":33},"end":{"line":290,"column":40}},"loc":{"start":{"line":290,"column":59},"end":{"line":315,"column":3}},"line":290}},"branchMap":{"0":{"loc":{"start":{"line":92,"column":2},"end":{"line":92,"column":null}},"type":"if","locations":[{"start":{"line":92,"column":2},"end":{"line":92,"column":null}},{"start":{},"end":{}}],"line":92},"1":{"loc":{"start":{"line":93,"column":2},"end":{"line":93,"column":null}},"type":"if","locations":[{"start":{"line":93,"column":2},"end":{"line":93,"column":null}},{"start":{},"end":{}}],"line":93},"2":{"loc":{"start":{"line":93,"column":6},"end":{"line":93,"column":67}},"type":"binary-expr","locations":[{"start":{"line":93,"column":6},"end":{"line":93,"column":38}},{"start":{"line":93,"column":38},"end":{"line":93,"column":67}}],"line":93},"3":{"loc":{"start":{"line":94,"column":2},"end":{"line":94,"column":null}},"type":"if","locations":[{"start":{"line":94,"column":2},"end":{"line":94,"column":null}},{"start":{},"end":{}}],"line":94},"4":{"loc":{"start":{"line":94,"column":6},"end":{"line":94,"column":104}},"type":"binary-expr","locations":[{"start":{"line":94,"column":6},"end":{"line":94,"column":43}},{"start":{"line":94,"column":43},"end":{"line":94,"column":74}},{"start":{"line":94,"column":74},"end":{"line":94,"column":104}}],"line":94},"5":{"loc":{"start":{"line":95,"column":2},"end":{"line":95,"column":null}},"type":"if","locations":[{"start":{"line":95,"column":2},"end":{"line":95,"column":null}},{"start":{},"end":{}}],"line":95},"6":{"loc":{"start":{"line":95,"column":6},"end":{"line":95,"column":61}},"type":"binary-expr","locations":[{"start":{"line":95,"column":6},"end":{"line":95,"column":34}},{"start":{"line":95,"column":34},"end":{"line":95,"column":61}}],"line":95},"7":{"loc":{"start":{"line":100,"column":2},"end":{"line":105,"column":null}},"type":"if","locations":[{"start":{"line":100,"column":2},"end":{"line":105,"column":null}},{"start":{},"end":{}}],"line":100},"8":{"loc":{"start":{"line":118,"column":41},"end":{"line":118,"column":90}},"type":"default-arg","locations":[{"start":{"line":118,"column":78},"end":{"line":118,"column":90}}],"line":118},"9":{"loc":{"start":{"line":121,"column":4},"end":{"line":124,"column":null}},"type":"binary-expr","locations":[{"start":{"line":121,"column":4},"end":{"line":121,"column":null}},{"start":{"line":122,"column":4},"end":{"line":124,"column":null}}],"line":121},"10":{"loc":{"start":{"line":123,"column":21},"end":{"line":123,"column":null}},"type":"binary-expr","locations":[{"start":{"line":123,"column":21},"end":{"line":123,"column":46}},{"start":{"line":123,"column":46},"end":{"line":123,"column":82}},{"start":{"line":123,"column":82},"end":{"line":123,"column":null}}],"line":123},"11":{"loc":{"start":{"line":127,"column":12},"end":{"line":127,"column":97}},"type":"cond-expr","locations":[{"start":{"line":127,"column":68},"end":{"line":127,"column":89}},{"start":{"line":127,"column":89},"end":{"line":127,"column":97}}],"line":127},"12":{"loc":{"start":{"line":127,"column":12},"end":{"line":127,"column":68}},"type":"binary-expr","locations":[{"start":{"line":127,"column":12},"end":{"line":127,"column":47}},{"start":{"line":127,"column":47},"end":{"line":127,"column":68}}],"line":127},"13":{"loc":{"start":{"line":133,"column":6},"end":{"line":141,"column":null}},"type":"if","locations":[{"start":{"line":133,"column":6},"end":{"line":141,"column":null}},{"start":{},"end":{}}],"line":133},"14":{"loc":{"start":{"line":143,"column":8},"end":{"line":143,"column":null}},"type":"binary-expr","locations":[{"start":{"line":143,"column":8},"end":{"line":143,"column":26}},{"start":{"line":143,"column":26},"end":{"line":143,"column":null}}],"line":143},"15":{"loc":{"start":{"line":148,"column":12},"end":{"line":148,"column":null}},"type":"cond-expr","locations":[{"start":{"line":148,"column":31},"end":{"line":148,"column":67}},{"start":{"line":148,"column":67},"end":{"line":148,"column":null}}],"line":148},"16":{"loc":{"start":{"line":163,"column":20},"end":{"line":171,"column":null}},"type":"cond-expr","locations":[{"start":{"line":164,"column":14},"end":{"line":170,"column":null}},{"start":{"line":171,"column":14},"end":{"line":171,"column":null}}],"line":163},"17":{"loc":{"start":{"line":169,"column":20},"end":{"line":169,"column":null}},"type":"cond-expr","locations":[{"start":{"line":169,"column":45},"end":{"line":169,"column":66}},{"start":{"line":169,"column":66},"end":{"line":169,"column":null}}],"line":169},"18":{"loc":{"start":{"line":182,"column":6},"end":{"line":185,"column":null}},"type":"if","locations":[{"start":{"line":182,"column":6},"end":{"line":185,"column":null}},{"start":{},"end":{}}],"line":182},"19":{"loc":{"start":{"line":199,"column":6},"end":{"line":202,"column":null}},"type":"if","locations":[{"start":{"line":199,"column":6},"end":{"line":202,"column":null}},{"start":{},"end":{}}],"line":199},"20":{"loc":{"start":{"line":224,"column":14},"end":{"line":224,"column":null}},"type":"cond-expr","locations":[{"start":{"line":224,"column":32},"end":{"line":224,"column":110}},{"start":{"line":224,"column":110},"end":{"line":224,"column":null}}],"line":224},"21":{"loc":{"start":{"line":226,"column":55},"end":{"line":226,"column":117}},"type":"binary-expr","locations":[{"start":{"line":226,"column":55},"end":{"line":226,"column":77}},{"start":{"line":226,"column":77},"end":{"line":226,"column":117}}],"line":226},"22":{"loc":{"start":{"line":230,"column":6},"end":{"line":233,"column":null}},"type":"if","locations":[{"start":{"line":230,"column":6},"end":{"line":233,"column":null}},{"start":{},"end":{}}],"line":230},"23":{"loc":{"start":{"line":251,"column":14},"end":{"line":251,"column":null}},"type":"cond-expr","locations":[{"start":{"line":251,"column":35},"end":{"line":251,"column":75}},{"start":{"line":251,"column":75},"end":{"line":251,"column":null}}],"line":251},"24":{"loc":{"start":{"line":252,"column":14},"end":{"line":252,"column":null}},"type":"cond-expr","locations":[{"start":{"line":252,"column":29},"end":{"line":252,"column":57}},{"start":{"line":252,"column":57},"end":{"line":252,"column":null}}],"line":252},"25":{"loc":{"start":{"line":254,"column":55},"end":{"line":254,"column":102}},"type":"binary-expr","locations":[{"start":{"line":254,"column":55},"end":{"line":254,"column":77}},{"start":{"line":254,"column":77},"end":{"line":254,"column":102}}],"line":254},"26":{"loc":{"start":{"line":258,"column":6},"end":{"line":261,"column":null}},"type":"if","locations":[{"start":{"line":258,"column":6},"end":{"line":261,"column":null}},{"start":{},"end":{}}],"line":258},"27":{"loc":{"start":{"line":273,"column":40},"end":{"line":273,"column":54}},"type":"binary-expr","locations":[{"start":{"line":273,"column":40},"end":{"line":273,"column":52}},{"start":{"line":273,"column":52},"end":{"line":273,"column":54}}],"line":273},"28":{"loc":{"start":{"line":274,"column":62},"end":{"line":274,"column":87}},"type":"binary-expr","locations":[{"start":{"line":274,"column":62},"end":{"line":274,"column":77}},{"start":{"line":274,"column":77},"end":{"line":274,"column":87}}],"line":274},"29":{"loc":{"start":{"line":278,"column":6},"end":{"line":281,"column":null}},"type":"if","locations":[{"start":{"line":278,"column":6},"end":{"line":281,"column":null}},{"start":{},"end":{}}],"line":278},"30":{"loc":{"start":{"line":296,"column":25},"end":{"line":296,"column":null}},"type":"binary-expr","locations":[{"start":{"line":296,"column":25},"end":{"line":296,"column":48}},{"start":{"line":296,"column":48},"end":{"line":296,"column":null}}],"line":296},"31":{"loc":{"start":{"line":303,"column":6},"end":{"line":306,"column":null}},"type":"if","locations":[{"start":{"line":303,"column":6},"end":{"line":306,"column":null}},{"start":{},"end":{}}],"line":303},"32":{"loc":{"start":{"line":307,"column":6},"end":{"line":312,"column":null}},"type":"if","locations":[{"start":{"line":307,"column":6},"end":{"line":312,"column":null}},{"start":{},"end":{}}],"line":307}},"s":{"0":9,"1":9,"2":9,"3":9,"4":9,"5":9,"6":9,"7":9,"8":11,"9":6,"10":5,"11":1,"12":4,"13":2,"14":2,"15":1,"16":1,"17":16,"18":11,"19":11,"20":5,"21":29,"22":29,"23":29,"24":28,"25":29,"26":17,"27":17,"28":17,"29":2,"30":2,"31":13,"32":17,"33":17,"34":10,"35":10,"36":20,"37":5,"38":2,"39":2,"40":3,"41":3,"42":1,"43":29,"44":12,"45":12,"46":12,"47":4,"48":1,"49":1,"50":3,"51":3,"52":1,"53":29,"54":15,"55":15,"56":15,"57":15,"58":15,"59":8,"60":7,"61":2,"62":2,"63":5,"64":5,"65":1,"66":29,"67":16,"68":16,"69":16,"70":16,"71":12,"72":4,"73":1,"74":1,"75":3,"76":3,"77":1,"78":29,"79":7,"80":7,"81":7,"82":7,"83":7,"84":7,"85":3,"86":1,"87":1,"88":2,"89":2,"90":1,"91":29,"92":6,"93":6,"94":6,"95":6,"96":6,"97":1,"98":5,"99":2,"100":2,"101":3,"102":2,"103":2,"104":1,"105":29},"f":{"0":11,"1":16,"2":29,"3":28,"4":17,"5":20,"6":12,"7":15,"8":16,"9":7,"10":6},"b":{"0":[6,5],"1":[1,4],"2":[5,5],"3":[2,2],"4":[4,4,3],"5":[1,1],"6":[2,1],"7":[11,5],"8":[29],"9":[29,0],"10":[0,0,0],"11":[3,25],"12":[28,3],"13":[2,15],"14":[13,1],"15":[0,13],"16":[10,0],"17":[0,10],"18":[2,3],"19":[1,3],"20":[1,12],"21":[15,12],"22":[2,5],"23":[0,15],"24":[0,15],"25":[16,15],"26":[1,3],"27":[7,0],"28":[7,3],"29":[1,2],"30":[6,1],"31":[2,3],"32":[2,1]},"meta":{"lastBranch":33,"lastFunction":11,"lastStatement":106,"seen":{"s:28:23:28:Infinity":0,"s:29:22:36:Infinity":1,"s:38:29:47:Infinity":2,"s:49:20:54:Infinity":3,"s:56:19:69:Infinity":4,"s:71:30:77:Infinity":5,"s:79:23:81:Infinity":6,"s:83:18:89:Infinity":7,"f:91:9:91:32":0,"b:92:2:92:Infinity:undefined:undefined:undefined:undefined":0,"s:92:2:92:Infinity":8,"s:92:36:92:Infinity":9,"b:93:2:93:Infinity:undefined:undefined:undefined:undefined":1,"s:93:2:93:Infinity":10,"b:93:6:93:38:93:38:93:67":2,"s:93:67:93:Infinity":11,"b:94:2:94:Infinity:undefined:undefined:undefined:undefined":3,"s:94:2:94:Infinity":12,"b:94:6:94:43:94:43:94:74:94:74:94:104":4,"s:94:104:94:Infinity":13,"b:95:2:95:Infinity:undefined:undefined:undefined:undefined":5,"s:95:2:95:Infinity":14,"b:95:6:95:34:95:34:95:61":6,"s:95:61:95:Infinity":15,"s:96:2:96:Infinity":16,"f:99:9:99:14":1,"b:100:2:105:Infinity:undefined:undefined:undefined:undefined":7,"s:100:2:105:Infinity":17,"s:101:4:103:Infinity":18,"s:104:4:104:Infinity":19,"s:106:2:106:Infinity":20,"f:118:16:118:41":2,"b:118:78:118:90":8,"s:119:17:119:24":21,"s:121:4:124:Infinity":22,"b:121:4:121:Infinity:122:4:124:Infinity":9,"b:123:21:123:46:123:46:123:82:123:82:123:Infinity":10,"s:126:8:128:Infinity":23,"f:126:8:126:25":3,"s:127:4:127:Infinity":24,"b:127:68:127:89:127:89:127:97":11,"b:127:12:127:47:127:47:127:68":12,"s:130:2:192:Infinity":25,"f:130:19:130:26":4,"s:131:4:191:Infinity":26,"s:132:19:132:Infinity":27,"b:133:6:141:Infinity:undefined:undefined:undefined:undefined":13,"s:133:6:141:Infinity":28,"s:134:8:139:Infinity":29,"s:140:8:140:Infinity":30,"s:143:8:143:Infinity":31,"b:143:8:143:26:143:26:143:Infinity":14,"s:144:6:149:Infinity":32,"b:148:31:148:67:148:67:148:Infinity":15,"s:152:19:152:Infinity":33,"s:153:19:153:Infinity":34,"s:154:6:180:Infinity":35,"b:164:14:170:Infinity:171:14:171:Infinity":16,"b:169:45:169:66:169:66:169:Infinity":17,"f:172:41:172:46":5,"s:172:57:176:12":36,"b:182:6:185:Infinity:undefined:undefined:undefined:undefined":18,"s:182:6:185:Infinity":37,"s:183:8:183:Infinity":38,"s:184:8:184:Infinity":39,"s:186:6:190:Infinity":40,"s:187:8:187:Infinity":41,"s:189:8:189:Infinity":42,"s:194:2:209:Infinity":43,"f:194:13:194:29":6,"s:195:4:208:Infinity":44,"s:196:24:196:Infinity":45,"s:197:6:197:Infinity":46,"b:199:6:202:Infinity:undefined:undefined:undefined:undefined":19,"s:199:6:202:Infinity":47,"s:200:8:200:Infinity":48,"s:201:8:201:Infinity":49,"s:203:6:207:Infinity":50,"s:204:8:204:Infinity":51,"s:206:8:206:Infinity":52,"s:211:2:240:Infinity":53,"f:211:35:211:42":7,"s:212:4:239:Infinity":54,"s:213:24:213:Infinity":55,"s:214:19:214:Infinity":56,"s:215:48:215:Infinity":57,"s:216:23:227:Infinity":58,"b:224:32:224:110:224:110:224:Infinity":20,"b:226:55:226:77:226:77:226:117":21,"s:228:6:228:Infinity":59,"b:230:6:233:Infinity:undefined:undefined:undefined:undefined":22,"s:230:6:233:Infinity":60,"s:231:8:231:Infinity":61,"s:232:8:232:Infinity":62,"s:234:6:238:Infinity":63,"s:235:8:235:Infinity":64,"s:237:8:237:Infinity":65,"s:242:2:268:Infinity":66,"f:242:47:242:54":8,"s:243:4:267:Infinity":67,"s:244:24:244:Infinity":68,"s:245:19:245:Infinity":69,"s:246:23:255:Infinity":70,"b:251:35:251:75:251:75:251:Infinity":23,"b:252:29:252:57:252:57:252:Infinity":24,"b:254:55:254:77:254:77:254:102":25,"s:256:6:256:Infinity":71,"b:258:6:261:Infinity:undefined:undefined:undefined:undefined":26,"s:258:6:261:Infinity":72,"s:259:8:259:Infinity":73,"s:260:8:260:Infinity":74,"s:262:6:266:Infinity":75,"s:263:8:263:Infinity":76,"s:265:8:265:Infinity":77,"s:270:2:288:Infinity":78,"f:270:14:270:39":9,"s:271:4:287:Infinity":79,"s:272:24:272:Infinity":80,"s:273:19:273:Infinity":81,"b:273:40:273:52:273:52:273:54":27,"s:274:23:274:Infinity":82,"b:274:62:274:77:274:77:274:87":28,"s:275:19:275:Infinity":83,"s:276:6:276:Infinity":84,"b:278:6:281:Infinity:undefined:undefined:undefined:undefined":29,"s:278:6:281:Infinity":85,"s:279:8:279:Infinity":86,"s:280:8:280:Infinity":87,"s:282:6:286:Infinity":88,"s:283:8:283:Infinity":89,"s:285:8:285:Infinity":90,"s:290:2:315:Infinity":91,"f:290:33:290:40":10,"s:291:4:314:Infinity":92,"s:292:24:292:Infinity":93,"s:293:19:293:Infinity":94,"s:296:25:296:Infinity":95,"b:296:25:296:48:296:48:296:Infinity":30,"s:297:25:300:Infinity":96,"s:301:6:301:Infinity":97,"b:303:6:306:Infinity:undefined:undefined:undefined:undefined":31,"s:303:6:306:Infinity":98,"s:304:8:304:Infinity":99,"s:305:8:305:Infinity":100,"b:307:6:312:Infinity:undefined:undefined:undefined:undefined":32,"s:307:6:312:Infinity":101,"s:308:8:310:Infinity":102,"s:311:8:311:Infinity":103,"s:313:6:313:Infinity":104,"s:317:2:317:Infinity":105},"fnNames":{}}}
}
