{"/Users/gaochong/develop/teaching-tools-mvp/web/backend/src/services/tutorIntelligence/contextView.ts": {"path":"/Users/gaochong/develop/teaching-tools-mvp/web/backend/src/services/tutorIntelligence/contextView.ts","statementMap":{"0":{"start":{"line":42,"column":45},"end":{"line":42,"column":null}},"1":{"start":{"line":43,"column":46},"end":{"line":43,"column":null}},"2":{"start":{"line":52,"column":20},"end":{"line":52,"column":null}},"3":{"start":{"line":53,"column":18},"end":{"line":53,"column":null}},"4":{"start":{"line":53,"column":51},"end":{"line":53,"column":84}},"5":{"start":{"line":54,"column":17},"end":{"line":54,"column":null}},"6":{"start":{"line":55,"column":26},"end":{"line":55,"column":null}},"7":{"start":{"line":55,"column":61},"end":{"line":55,"column":85}},"8":{"start":{"line":56,"column":16},"end":{"line":56,"column":null}},"9":{"start":{"line":56,"column":53},"end":{"line":56,"column":86}},"10":{"start":{"line":57,"column":19},"end":{"line":61,"column":null}},"11":{"start":{"line":59,"column":36},"end":{"line":59,"column":67}},"12":{"start":{"line":60,"column":22},"end":{"line":60,"column":41}},"13":{"start":{"line":62,"column":2},"end":{"line":64,"column":null}},"14":{"start":{"line":63,"column":4},"end":{"line":63,"column":null}},"15":{"start":{"line":63,"column":48},"end":{"line":63,"column":null}},"16":{"start":{"line":65,"column":44},"end":{"line":73,"column":null}},"17":{"start":{"line":66,"column":27},"end":{"line":66,"column":97}},"18":{"start":{"line":66,"column":60},"end":{"line":66,"column":96}},"19":{"start":{"line":67,"column":59},"end":{"line":67,"column":73}},"20":{"start":{"line":68,"column":21},"end":{"line":73,"column":6}},"21":{"start":{"line":74,"column":45},"end":{"line":83,"column":null}},"22":{"start":{"line":75,"column":13},"end":{"line":75,"column":56}},"23":{"start":{"line":76,"column":21},"end":{"line":83,"column":6}},"24":{"start":{"line":84,"column":28},"end":{"line":90,"column":null}},"25":{"start":{"line":84,"column":54},"end":{"line":89,"column":null}},"26":{"start":{"line":85,"column":58},"end":{"line":89,"column":6}},"27":{"start":{"line":91,"column":2},"end":{"line":91,"column":null}},"28":{"start":{"line":107,"column":8},"end":{"line":108,"column":null}},"29":{"start":{"line":108,"column":4},"end":{"line":108,"column":null}},"30":{"start":{"line":108,"column":36},"end":{"line":108,"column":72}},"31":{"start":{"line":110,"column":14},"end":{"line":110,"column":null}},"32":{"start":{"line":111,"column":2},"end":{"line":116,"column":null}},"33":{"start":{"line":112,"column":25},"end":{"line":112,"column":null}},"34":{"start":{"line":113,"column":4},"end":{"line":115,"column":null}},"35":{"start":{"line":117,"column":2},"end":{"line":117,"column":null}},"36":{"start":{"line":118,"column":2},"end":{"line":127,"column":null}},"37":{"start":{"line":119,"column":25},"end":{"line":119,"column":null}},"38":{"start":{"line":120,"column":18},"end":{"line":120,"column":null}},"39":{"start":{"line":121,"column":22},"end":{"line":121,"column":null}},"40":{"start":{"line":122,"column":4},"end":{"line":122,"column":null}},"41":{"start":{"line":122,"column":20},"end":{"line":122,"column":null}},"42":{"start":{"line":123,"column":4},"end":{"line":125,"column":null}},"43":{"start":{"line":124,"column":6},"end":{"line":124,"column":null}},"44":{"start":{"line":126,"column":4},"end":{"line":126,"column":null}},"45":{"start":{"line":128,"column":2},"end":{"line":128,"column":null}},"46":{"start":{"line":129,"column":2},"end":{"line":148,"column":null}},"47":{"start":{"line":130,"column":25},"end":{"line":130,"column":null}},"48":{"start":{"line":131,"column":18},"end":{"line":131,"column":null}},"49":{"start":{"line":133,"column":10},"end":{"line":135,"column":null}},"50":{"start":{"line":134,"column":17},"end":{"line":134,"column":null}},"51":{"start":{"line":136,"column":22},"end":{"line":136,"column":null}},"52":{"start":{"line":137,"column":4},"end":{"line":137,"column":null}},"53":{"start":{"line":137,"column":37},"end":{"line":137,"column":null}},"54":{"start":{"line":138,"column":4},"end":{"line":140,"column":null}},"55":{"start":{"line":139,"column":6},"end":{"line":139,"column":null}},"56":{"start":{"line":141,"column":4},"end":{"line":141,"column":null}},"57":{"start":{"line":141,"column":36},"end":{"line":141,"column":null}},"58":{"start":{"line":142,"column":4},"end":{"line":147,"column":null}},"59":{"start":{"line":149,"column":2},"end":{"line":149,"column":null}},"60":{"start":{"line":150,"column":2},"end":{"line":161,"column":null}},"61":{"start":{"line":151,"column":20},"end":{"line":151,"column":null}},"62":{"start":{"line":152,"column":18},"end":{"line":152,"column":null}},"63":{"start":{"line":152,"column":56},"end":{"line":152,"column":82}},"64":{"start":{"line":153,"column":4},"end":{"line":153,"column":null}},"65":{"start":{"line":153,"column":16},"end":{"line":153,"column":null}},"66":{"start":{"line":154,"column":4},"end":{"line":160,"column":null}},"67":{"start":{"line":162,"column":2},"end":{"line":162,"column":null}}},"fnMap":{"0":{"name":"buildAlignmentContext","decl":{"start":{"line":48,"column":16},"end":{"line":48,"column":null}},"loc":{"start":{"line":51,"column":24},"end":{"line":92,"column":null}},"line":51},"1":{"name":"(anonymous_1)","decl":{"start":{"line":53,"column":35},"end":{"line":53,"column":41}},"loc":{"start":{"line":53,"column":51},"end":{"line":53,"column":84}},"line":53},"2":{"name":"(anonymous_2)","decl":{"start":{"line":55,"column":43},"end":{"line":55,"column":51}},"loc":{"start":{"line":55,"column":61},"end":{"line":55,"column":85}},"line":55},"3":{"name":"(anonymous_3)","decl":{"start":{"line":56,"column":32},"end":{"line":56,"column":43}},"loc":{"start":{"line":56,"column":53},"end":{"line":56,"column":86}},"line":56},"4":{"name":"(anonymous_4)","decl":{"start":{"line":59,"column":7},"end":{"line":59,"column":15}},"loc":{"start":{"line":59,"column":36},"end":{"line":59,"column":67}},"line":59},"5":{"name":"(anonymous_5)","decl":{"start":{"line":60,"column":7},"end":{"line":60,"column":12}},"loc":{"start":{"line":60,"column":22},"end":{"line":60,"column":41}},"line":60},"6":{"name":"(anonymous_6)","decl":{"start":{"line":66,"column":5},"end":{"line":66,"column":10}},"loc":{"start":{"line":66,"column":27},"end":{"line":66,"column":97}},"line":66},"7":{"name":"(anonymous_7)","decl":{"start":{"line":66,"column":44},"end":{"line":66,"column":50}},"loc":{"start":{"line":66,"column":60},"end":{"line":66,"column":96}},"line":66},"8":{"name":"(anonymous_8)","decl":{"start":{"line":67,"column":5},"end":{"line":67,"column":13}},"loc":{"start":{"line":67,"column":59},"end":{"line":67,"column":73}},"line":67},"9":{"name":"(anonymous_9)","decl":{"start":{"line":68,"column":5},"end":{"line":68,"column":10}},"loc":{"start":{"line":68,"column":21},"end":{"line":73,"column":6}},"line":68},"10":{"name":"(anonymous_10)","decl":{"start":{"line":75,"column":5},"end":{"line":75,"column":13}},"loc":{"start":{"line":75,"column":13},"end":{"line":75,"column":56}},"line":75},"11":{"name":"(anonymous_11)","decl":{"start":{"line":76,"column":5},"end":{"line":76,"column":10}},"loc":{"start":{"line":76,"column":21},"end":{"line":83,"column":6}},"line":76},"12":{"name":"(anonymous_12)","decl":{"start":{"line":84,"column":45},"end":{"line":84,"column":54}},"loc":{"start":{"line":84,"column":54},"end":{"line":89,"column":null}},"line":84},"13":{"name":"(anonymous_13)","decl":{"start":{"line":85,"column":36},"end":{"line":85,"column":41}},"loc":{"start":{"line":85,"column":58},"end":{"line":89,"column":6}},"line":85},"14":{"name":"validateGroundingRef","decl":{"start":{"line":106,"column":16},"end":{"line":106,"column":37}},"loc":{"start":{"line":106,"column":99},"end":{"line":163,"column":null}},"line":106},"15":{"name":"(anonymous_15)","decl":{"start":{"line":107,"column":8},"end":{"line":107,"column":23}},"loc":{"start":{"line":108,"column":4},"end":{"line":108,"column":null}},"line":108},"16":{"name":"(anonymous_16)","decl":{"start":{"line":108,"column":20},"end":{"line":108,"column":26}},"loc":{"start":{"line":108,"column":36},"end":{"line":108,"column":72}},"line":108},"17":{"name":"(anonymous_17)","decl":{"start":{"line":133,"column":56},"end":{"line":133,"column":null}},"loc":{"start":{"line":134,"column":17},"end":{"line":134,"column":null}},"line":134},"18":{"name":"(anonymous_18)","decl":{"start":{"line":152,"column":40},"end":{"line":152,"column":46}},"loc":{"start":{"line":152,"column":56},"end":{"line":152,"column":82}},"line":152}},"branchMap":{"0":{"loc":{"start":{"line":54,"column":17},"end":{"line":54,"column":null}},"type":"binary-expr","locations":[{"start":{"line":54,"column":17},"end":{"line":54,"column":37}},{"start":{"line":54,"column":37},"end":{"line":54,"column":null}}],"line":54},"1":{"loc":{"start":{"line":63,"column":4},"end":{"line":63,"column":null}},"type":"if","locations":[{"start":{"line":63,"column":4},"end":{"line":63,"column":null}},{"start":{},"end":{}}],"line":63},"2":{"loc":{"start":{"line":63,"column":9},"end":{"line":63,"column":38}},"type":"binary-expr","locations":[{"start":{"line":63,"column":9},"end":{"line":63,"column":36}},{"start":{"line":63,"column":36},"end":{"line":63,"column":38}}],"line":63},"3":{"loc":{"start":{"line":71,"column":34},"end":{"line":71,"column":68}},"type":"binary-expr","locations":[{"start":{"line":71,"column":34},"end":{"line":71,"column":65}},{"start":{"line":71,"column":65},"end":{"line":71,"column":68}}],"line":71},"4":{"loc":{"start":{"line":72,"column":30},"end":{"line":72,"column":60}},"type":"binary-expr","locations":[{"start":{"line":72,"column":30},"end":{"line":72,"column":57}},{"start":{"line":72,"column":57},"end":{"line":72,"column":60}}],"line":72},"5":{"loc":{"start":{"line":75,"column":24},"end":{"line":75,"column":50}},"type":"binary-expr","locations":[{"start":{"line":75,"column":24},"end":{"line":75,"column":41}},{"start":{"line":75,"column":41},"end":{"line":75,"column":50}}],"line":75},"6":{"loc":{"start":{"line":78,"column":15},"end":{"line":78,"column":null}},"type":"binary-expr","locations":[{"start":{"line":78,"column":15},"end":{"line":78,"column":32}},{"start":{"line":78,"column":32},"end":{"line":78,"column":null}}],"line":78},"7":{"loc":{"start":{"line":85,"column":5},"end":{"line":85,"column":34}},"type":"binary-expr","locations":[{"start":{"line":85,"column":5},"end":{"line":85,"column":32}},{"start":{"line":85,"column":32},"end":{"line":85,"column":34}}],"line":85},"8":{"loc":{"start":{"line":111,"column":2},"end":{"line":116,"column":null}},"type":"if","locations":[{"start":{"line":111,"column":2},"end":{"line":116,"column":null}},{"start":{},"end":{}}],"line":111},"9":{"loc":{"start":{"line":113,"column":11},"end":{"line":115,"column":null}},"type":"cond-expr","locations":[{"start":{"line":114,"column":8},"end":{"line":114,"column":null}},{"start":{"line":115,"column":8},"end":{"line":115,"column":null}}],"line":113},"10":{"loc":{"start":{"line":118,"column":2},"end":{"line":127,"column":null}},"type":"if","locations":[{"start":{"line":118,"column":2},"end":{"line":127,"column":null}},{"start":{},"end":{}}],"line":118},"11":{"loc":{"start":{"line":122,"column":4},"end":{"line":122,"column":null}},"type":"if","locations":[{"start":{"line":122,"column":4},"end":{"line":122,"column":null}},{"start":{},"end":{}}],"line":122},"12":{"loc":{"start":{"line":123,"column":4},"end":{"line":125,"column":null}},"type":"if","locations":[{"start":{"line":123,"column":4},"end":{"line":125,"column":null}},{"start":{},"end":{}}],"line":123},"13":{"loc":{"start":{"line":129,"column":2},"end":{"line":148,"column":null}},"type":"if","locations":[{"start":{"line":129,"column":2},"end":{"line":148,"column":null}},{"start":{},"end":{}}],"line":129},"14":{"loc":{"start":{"line":133,"column":26},"end":{"line":133,"column":54}},"type":"binary-expr","locations":[{"start":{"line":133,"column":26},"end":{"line":133,"column":52}},{"start":{"line":133,"column":52},"end":{"line":133,"column":54}}],"line":133},"15":{"loc":{"start":{"line":134,"column":17},"end":{"line":134,"column":null}},"type":"binary-expr","locations":[{"start":{"line":134,"column":17},"end":{"line":134,"column":57}},{"start":{"line":134,"column":57},"end":{"line":134,"column":null}}],"line":134},"16":{"loc":{"start":{"line":137,"column":4},"end":{"line":137,"column":null}},"type":"if","locations":[{"start":{"line":137,"column":4},"end":{"line":137,"column":null}},{"start":{},"end":{}}],"line":137},"17":{"loc":{"start":{"line":137,"column":8},"end":{"line":137,"column":37}},"type":"binary-expr","locations":[{"start":{"line":137,"column":8},"end":{"line":137,"column":22}},{"start":{"line":137,"column":22},"end":{"line":137,"column":37}}],"line":137},"18":{"loc":{"start":{"line":138,"column":4},"end":{"line":140,"column":null}},"type":"if","locations":[{"start":{"line":138,"column":4},"end":{"line":140,"column":null}},{"start":{},"end":{}}],"line":138},"19":{"loc":{"start":{"line":138,"column":8},"end":{"line":138,"column":83}},"type":"binary-expr","locations":[{"start":{"line":138,"column":8},"end":{"line":138,"column":25}},{"start":{"line":138,"column":25},"end":{"line":138,"column":38}},{"start":{"line":138,"column":38},"end":{"line":138,"column":83}}],"line":138},"20":{"loc":{"start":{"line":141,"column":4},"end":{"line":141,"column":null}},"type":"if","locations":[{"start":{"line":141,"column":4},"end":{"line":141,"column":null}},{"start":{},"end":{}}],"line":141},"21":{"loc":{"start":{"line":150,"column":2},"end":{"line":161,"column":null}},"type":"if","locations":[{"start":{"line":150,"column":2},"end":{"line":161,"column":null}},{"start":{},"end":{}}],"line":150},"22":{"loc":{"start":{"line":153,"column":4},"end":{"line":153,"column":null}},"type":"if","locations":[{"start":{"line":153,"column":4},"end":{"line":153,"column":null}},{"start":{},"end":{}}],"line":153},"23":{"loc":{"start":{"line":158,"column":10},"end":{"line":158,"column":null}},"type":"cond-expr","locations":[{"start":{"line":158,"column":36},"end":{"line":158,"column":81}},{"start":{"line":158,"column":81},"end":{"line":158,"column":null}}],"line":158}},"s":{"0":16,"1":16,"2":519,"3":519,"4":1759,"5":519,"6":519,"7":3351,"8":519,"9":943,"10":519,"11":1547,"12":1193,"13":519,"14":1547,"15":692,"16":519,"17":1403,"18":5047,"19":1403,"20":1403,"21":519,"22":2236,"23":1033,"24":519,"25":3351,"26":1529,"27":519,"28":79,"29":70,"30":150,"31":79,"32":79,"33":55,"34":55,"35":24,"36":24,"37":6,"38":6,"39":6,"40":6,"41":0,"42":6,"43":4,"44":2,"45":18,"46":18,"47":9,"48":9,"49":9,"50":21,"51":9,"52":9,"53":1,"54":8,"55":1,"56":7,"57":0,"58":7,"59":9,"60":9,"61":6,"62":6,"63":12,"64":6,"65":2,"66":4,"67":3},"f":{"0":519,"1":1759,"2":3351,"3":943,"4":1547,"5":1193,"6":1403,"7":5047,"8":1403,"9":1403,"10":2236,"11":1033,"12":3351,"13":1529,"14":79,"15":70,"16":150,"17":21,"18":12},"b":{"0":[519,0],"1":[692,855],"2":[1547,855],"3":[1403,1390],"4":[1403,711],"5":[2236,0],"6":[1033,0],"7":[3351,2074],"8":[55,24],"9":[53,2],"10":[6,18],"11":[0,6],"12":[4,2],"13":[9,9],"14":[9,0],"15":[21,7],"16":[1,8],"17":[9,4],"18":[1,7],"19":[8,1,1],"20":[0,7],"21":[6,3],"22":[2,4],"23":[4,0]},"meta":{"lastBranch":24,"lastFunction":19,"lastStatement":68,"seen":{"s:42:45:42:Infinity":0,"s:43:46:43:Infinity":1,"f:48:16:48:Infinity":0,"s:52:20:52:Infinity":2,"s:53:18:53:Infinity":3,"f:53:35:53:41":1,"s:53:51:53:84":4,"s:54:17:54:Infinity":5,"b:54:17:54:37:54:37:54:Infinity":0,"s:55:26:55:Infinity":6,"f:55:43:55:51":2,"s:55:61:55:85":7,"s:56:16:56:Infinity":8,"f:56:32:56:43":3,"s:56:53:56:86":9,"s:57:19:61:Infinity":10,"f:59:7:59:15":4,"s:59:36:59:67":11,"f:60:7:60:12":5,"s:60:22:60:41":12,"s:62:2:64:Infinity":13,"b:63:4:63:Infinity:undefined:undefined:undefined:undefined":1,"s:63:4:63:Infinity":14,"b:63:9:63:36:63:36:63:38":2,"s:63:48:63:Infinity":15,"s:65:44:73:Infinity":16,"f:66:5:66:10":6,"s:66:27:66:97":17,"f:66:44:66:50":7,"s:66:60:66:96":18,"f:67:5:67:13":8,"s:67:59:67:73":19,"f:68:5:68:10":9,"s:68:21:73:6":20,"b:71:34:71:65:71:65:71:68":3,"b:72:30:72:57:72:57:72:60":4,"s:74:45:83:Infinity":21,"f:75:5:75:13":10,"s:75:13:75:56":22,"b:75:24:75:41:75:41:75:50":5,"f:76:5:76:10":11,"s:76:21:83:6":23,"b:78:15:78:32:78:32:78:Infinity":6,"s:84:28:90:Infinity":24,"f:84:45:84:54":12,"s:84:54:89:Infinity":25,"b:85:5:85:32:85:32:85:34":7,"f:85:36:85:41":13,"s:85:58:89:6":26,"s:91:2:91:Infinity":27,"f:106:16:106:37":14,"s:107:8:108:Infinity":28,"f:107:8:107:23":15,"s:108:4:108:Infinity":29,"f:108:20:108:26":16,"s:108:36:108:72":30,"s:110:14:110:Infinity":31,"b:111:2:116:Infinity:undefined:undefined:undefined:undefined":8,"s:111:2:116:Infinity":32,"s:112:25:112:Infinity":33,"s:113:4:115:Infinity":34,"b:114:8:114:Infinity:115:8:115:Infinity":9,"s:117:2:117:Infinity":35,"b:118:2:127:Infinity:undefined:undefined:undefined:undefined":10,"s:118:2:127:Infinity":36,"s:119:25:119:Infinity":37,"s:120:18:120:Infinity":38,"s:121:22:121:Infinity":39,"b:122:4:122:Infinity:undefined:undefined:undefined:undefined":11,"s:122:4:122:Infinity":40,"s:122:20:122:Infinity":41,"b:123:4:125:Infinity:undefined:undefined:undefined:undefined":12,"s:123:4:125:Infinity":42,"s:124:6:124:Infinity":43,"s:126:4:126:Infinity":44,"s:128:2:128:Infinity":45,"b:129:2:148:Infinity:undefined:undefined:undefined:undefined":13,"s:129:2:148:Infinity":46,"s:130:25:130:Infinity":47,"s:131:18:131:Infinity":48,"s:133:10:135:Infinity":49,"b:133:26:133:52:133:52:133:54":14,"f:133:56:133:Infinity":17,"s:134:17:134:Infinity":50,"b:134:17:134:57:134:57:134:Infinity":15,"s:136:22:136:Infinity":51,"b:137:4:137:Infinity:undefined:undefined:undefined:undefined":16,"s:137:4:137:Infinity":52,"b:137:8:137:22:137:22:137:37":17,"s:137:37:137:Infinity":53,"b:138:4:140:Infinity:undefined:undefined:undefined:undefined":18,"s:138:4:140:Infinity":54,"b:138:8:138:25:138:25:138:38:138:38:138:83":19,"s:139:6:139:Infinity":55,"b:141:4:141:Infinity:undefined:undefined:undefined:undefined":20,"s:141:4:141:Infinity":56,"s:141:36:141:Infinity":57,"s:142:4:147:Infinity":58,"s:149:2:149:Infinity":59,"b:150:2:161:Infinity:undefined:undefined:undefined:undefined":21,"s:150:2:161:Infinity":60,"s:151:20:151:Infinity":61,"s:152:18:152:Infinity":62,"f:152:40:152:46":18,"s:152:56:152:82":63,"b:153:4:153:Infinity:undefined:undefined:undefined:undefined":22,"s:153:4:153:Infinity":64,"s:153:16:153:Infinity":65,"s:154:4:160:Infinity":66,"b:158:36:158:81:158:81:158:Infinity":23,"s:162:2:162:Infinity":67},"fnNames":{}}}
,"/Users/gaochong/develop/teaching-tools-mvp/web/backend/src/services/tutorIntelligence/negationGuard.ts": {"path":"/Users/gaochong/develop/teaching-tools-mvp/web/backend/src/services/tutorIntelligence/negationGuard.ts","statementMap":{"0":{"start":{"line":8,"column":62},"end":{"line":21,"column":null}},"1":{"start":{"line":24,"column":2},"end":{"line":24,"column":null}},"2":{"start":{"line":24,"column":54},"end":{"line":24,"column":75}}},"fnMap":{"0":{"name":"hasSentenceLevelNegation","decl":{"start":{"line":23,"column":16},"end":{"line":23,"column":41}},"loc":{"start":{"line":23,"column":64},"end":{"line":25,"column":null}},"line":23},"1":{"name":"(anonymous_1)","decl":{"start":{"line":24,"column":37},"end":{"line":24,"column":43}},"loc":{"start":{"line":24,"column":54},"end":{"line":24,"column":75}},"line":24}},"branchMap":{},"s":{"0":16,"1":579,"2":5345},"f":{"0":579,"1":5345},"b":{},"meta":{"lastBranch":0,"lastFunction":2,"lastStatement":3,"seen":{"s:8:62:21:Infinity":0,"f:23:16:23:41":0,"s:24:2:24:Infinity":1,"f:24:37:24:43":1,"s:24:54:24:75":2},"fnNames":{}}}
,"/Users/gaochong/develop/teaching-tools-mvp/web/backend/src/services/tutorIntelligence/policyGraph.ts": {"path":"/Users/gaochong/develop/teaching-tools-mvp/web/backend/src/services/tutorIntelligence/policyGraph.ts","statementMap":{"0":{"start":{"line":49,"column":17},"end":{"line":49,"column":null}},"1":{"start":{"line":50,"column":2},"end":{"line":50,"column":null}},"2":{"start":{"line":57,"column":38},"end":{"line":57,"column":null}},"3":{"start":{"line":58,"column":42},"end":{"line":58,"column":null}},"4":{"start":{"line":59,"column":35},"end":{"line":59,"column":null}},"5":{"start":{"line":71,"column":19},"end":{"line":100,"column":null}},"6":{"start":{"line":83,"column":31},"end":{"line":83,"column":null}},"7":{"start":{"line":84,"column":19},"end":{"line":84,"column":null}},"8":{"start":{"line":87,"column":31},"end":{"line":87,"column":null}},"9":{"start":{"line":88,"column":19},"end":{"line":88,"column":null}},"10":{"start":{"line":93,"column":31},"end":{"line":97,"column":null}},"11":{"start":{"line":98,"column":20},"end":{"line":98,"column":null}},"12":{"start":{"line":118,"column":2},"end":{"line":118,"column":null}},"13":{"start":{"line":129,"column":4},"end":{"line":131,"column":null}},"14":{"start":{"line":132,"column":15},"end":{"line":134,"column":null}},"15":{"start":{"line":133,"column":56},"end":{"line":133,"column":79}},"16":{"start":{"line":135,"column":39},"end":{"line":135,"column":null}},"17":{"start":{"line":136,"column":25},"end":{"line":136,"column":null}},"18":{"start":{"line":137,"column":2},"end":{"line":143,"column":null}},"19":{"start":{"line":142,"column":4},"end":{"line":142,"column":null}},"20":{"start":{"line":144,"column":22},"end":{"line":144,"column":null}},"21":{"start":{"line":144,"column":40},"end":{"line":144,"column":71}},"22":{"start":{"line":145,"column":2},"end":{"line":145,"column":null}},"23":{"start":{"line":145,"column":62},"end":{"line":145,"column":76}},"24":{"start":{"line":145,"column":79},"end":{"line":145,"column":null}},"25":{"start":{"line":147,"column":2},"end":{"line":151,"column":null}},"26":{"start":{"line":148,"column":4},"end":{"line":148,"column":null}},"27":{"start":{"line":148,"column":53},"end":{"line":148,"column":null}},"28":{"start":{"line":149,"column":4},"end":{"line":149,"column":null}},"29":{"start":{"line":149,"column":42},"end":{"line":149,"column":83}},"30":{"start":{"line":149,"column":86},"end":{"line":149,"column":null}},"31":{"start":{"line":150,"column":4},"end":{"line":150,"column":null}},"32":{"start":{"line":153,"column":2},"end":{"line":153,"column":null}},"33":{"start":{"line":153,"column":50},"end":{"line":153,"column":null}},"34":{"start":{"line":154,"column":2},"end":{"line":164,"column":null}},"35":{"start":{"line":155,"column":16},"end":{"line":155,"column":null}},"36":{"start":{"line":155,"column":49},"end":{"line":155,"column":100}},"37":{"start":{"line":156,"column":4},"end":{"line":156,"column":null}},"38":{"start":{"line":156,"column":14},"end":{"line":156,"column":null}},"39":{"start":{"line":157,"column":4},"end":{"line":157,"column":null}},"40":{"start":{"line":157,"column":84},"end":{"line":157,"column":null}},"41":{"start":{"line":158,"column":4},"end":{"line":163,"column":null}},"42":{"start":{"line":166,"column":19},"end":{"line":166,"column":null}},"43":{"start":{"line":166,"column":52},"end":{"line":166,"column":85}},"44":{"start":{"line":167,"column":2},"end":{"line":176,"column":null}},"45":{"start":{"line":168,"column":4},"end":{"line":168,"column":null}},"46":{"start":{"line":168,"column":74},"end":{"line":168,"column":null}},"47":{"start":{"line":169,"column":4},"end":{"line":175,"column":null}},"48":{"start":{"line":177,"column":17},"end":{"line":177,"column":null}},"49":{"start":{"line":177,"column":50},"end":{"line":177,"column":97}},"50":{"start":{"line":178,"column":2},"end":{"line":178,"column":null}},"51":{"start":{"line":178,"column":30},"end":{"line":178,"column":null}},"52":{"start":{"line":179,"column":2},"end":{"line":179,"column":null}},"53":{"start":{"line":179,"column":85},"end":{"line":179,"column":null}},"54":{"start":{"line":180,"column":2},"end":{"line":185,"column":null}},"55":{"start":{"line":206,"column":2},"end":{"line":206,"column":null}},"56":{"start":{"line":206,"column":18},"end":{"line":206,"column":null}},"57":{"start":{"line":207,"column":2},"end":{"line":212,"column":null}},"58":{"start":{"line":211,"column":4},"end":{"line":211,"column":null}},"59":{"start":{"line":214,"column":4},"end":{"line":215,"column":null}},"60":{"start":{"line":214,"column":37},"end":{"line":214,"column":98}},"61":{"start":{"line":217,"column":4},"end":{"line":221,"column":null}},"62":{"start":{"line":220,"column":21},"end":{"line":220,"column":null}},"63":{"start":{"line":222,"column":16},"end":{"line":222,"column":null}},"64":{"start":{"line":222,"column":56},"end":{"line":222,"column":82}},"65":{"start":{"line":223,"column":21},"end":{"line":223,"column":null}},"66":{"start":{"line":224,"column":16},"end":{"line":224,"column":null}},"67":{"start":{"line":225,"column":26},"end":{"line":225,"column":null}},"68":{"start":{"line":227,"column":4},"end":{"line":229,"column":null}},"69":{"start":{"line":230,"column":2},"end":{"line":236,"column":null}},"70":{"start":{"line":247,"column":2},"end":{"line":249,"column":null}},"71":{"start":{"line":248,"column":4},"end":{"line":248,"column":null}},"72":{"start":{"line":250,"column":15},"end":{"line":250,"column":null}},"73":{"start":{"line":251,"column":2},"end":{"line":253,"column":null}},"74":{"start":{"line":252,"column":4},"end":{"line":252,"column":null}},"75":{"start":{"line":254,"column":19},"end":{"line":254,"column":null}},"76":{"start":{"line":255,"column":22},"end":{"line":255,"column":null}},"77":{"start":{"line":256,"column":2},"end":{"line":258,"column":null}},"78":{"start":{"line":257,"column":4},"end":{"line":257,"column":null}},"79":{"start":{"line":260,"column":4},"end":{"line":262,"column":null}},"80":{"start":{"line":263,"column":27},"end":{"line":275,"column":null}},"81":{"start":{"line":266,"column":26},"end":{"line":274,"column":10}},"82":{"start":{"line":269,"column":76},"end":{"line":269,"column":86}},"83":{"start":{"line":272,"column":53},"end":{"line":272,"column":64}},"84":{"start":{"line":276,"column":16},"end":{"line":276,"column":null}},"85":{"start":{"line":277,"column":20},"end":{"line":277,"column":null}},"86":{"start":{"line":279,"column":4},"end":{"line":279,"column":null}},"87":{"start":{"line":281,"column":2},"end":{"line":302,"column":null}},"88":{"start":{"line":291,"column":58},"end":{"line":291,"column":68}},"89":{"start":{"line":306,"column":2},"end":{"line":310,"column":null}},"90":{"start":{"line":317,"column":2},"end":{"line":325,"column":null}},"91":{"start":{"line":318,"column":21},"end":{"line":318,"column":null}},"92":{"start":{"line":319,"column":4},"end":{"line":322,"column":null}},"93":{"start":{"line":324,"column":4},"end":{"line":324,"column":null}},"94":{"start":{"line":329,"column":2},"end":{"line":334,"column":null}},"95":{"start":{"line":330,"column":17},"end":{"line":330,"column":null}},"96":{"start":{"line":331,"column":4},"end":{"line":331,"column":null}},"97":{"start":{"line":331,"column":35},"end":{"line":331,"column":null}},"98":{"start":{"line":332,"column":4},"end":{"line":332,"column":null}},"99":{"start":{"line":332,"column":28},"end":{"line":332,"column":null}},"100":{"start":{"line":333,"column":4},"end":{"line":333,"column":null}},"101":{"start":{"line":333,"column":33},"end":{"line":333,"column":null}},"102":{"start":{"line":335,"column":2},"end":{"line":335,"column":null}},"103":{"start":{"line":339,"column":2},"end":{"line":339,"column":null}},"104":{"start":{"line":339,"column":30},"end":{"line":339,"column":null}},"105":{"start":{"line":340,"column":2},"end":{"line":344,"column":null}},"106":{"start":{"line":341,"column":4},"end":{"line":341,"column":null}},"107":{"start":{"line":343,"column":4},"end":{"line":343,"column":null}},"108":{"start":{"line":371,"column":24},"end":{"line":371,"column":null}},"109":{"start":{"line":372,"column":27},"end":{"line":372,"column":null}},"110":{"start":{"line":373,"column":16},"end":{"line":373,"column":null}},"111":{"start":{"line":375,"column":22},"end":{"line":382,"column":null}},"112":{"start":{"line":384,"column":8},"end":{"line":384,"column":null}},"113":{"start":{"line":384,"column":46},"end":{"line":384,"column":null}},"114":{"start":{"line":385,"column":8},"end":{"line":385,"column":null}},"115":{"start":{"line":385,"column":48},"end":{"line":385,"column":null}},"116":{"start":{"line":387,"column":21},"end":{"line":391,"column":null}},"117":{"start":{"line":397,"column":4},"end":{"line":400,"column":null}},"118":{"start":{"line":403,"column":8},"end":{"line":405,"column":null}},"119":{"start":{"line":403,"column":68},"end":{"line":405,"column":null}},"120":{"start":{"line":407,"column":29},"end":{"line":497,"column":null}},"121":{"start":{"line":408,"column":18},"end":{"line":408,"column":null}},"122":{"start":{"line":411,"column":4},"end":{"line":413,"column":null}},"123":{"start":{"line":412,"column":6},"end":{"line":412,"column":null}},"124":{"start":{"line":414,"column":4},"end":{"line":416,"column":null}},"125":{"start":{"line":415,"column":6},"end":{"line":415,"column":null}},"126":{"start":{"line":417,"column":4},"end":{"line":419,"column":null}},"127":{"start":{"line":418,"column":6},"end":{"line":418,"column":null}},"128":{"start":{"line":420,"column":4},"end":{"line":434,"column":null}},"129":{"start":{"line":421,"column":22},"end":{"line":421,"column":null}},"130":{"start":{"line":422,"column":6},"end":{"line":424,"column":null}},"131":{"start":{"line":423,"column":8},"end":{"line":423,"column":null}},"132":{"start":{"line":425,"column":6},"end":{"line":433,"column":null}},"133":{"start":{"line":435,"column":10},"end":{"line":435,"column":null}},"134":{"start":{"line":436,"column":4},"end":{"line":438,"column":null}},"135":{"start":{"line":437,"column":6},"end":{"line":437,"column":null}},"136":{"start":{"line":442,"column":26},"end":{"line":445,"column":null}},"137":{"start":{"line":446,"column":18},"end":{"line":446,"column":null}},"138":{"start":{"line":447,"column":32},"end":{"line":447,"column":null}},"139":{"start":{"line":448,"column":35},"end":{"line":451,"column":null}},"140":{"start":{"line":452,"column":4},"end":{"line":468,"column":null}},"141":{"start":{"line":457,"column":6},"end":{"line":467,"column":null}},"142":{"start":{"line":469,"column":17},"end":{"line":469,"column":null}},"143":{"start":{"line":470,"column":19},"end":{"line":488,"column":null}},"144":{"start":{"line":477,"column":25},"end":{"line":477,"column":null}},"145":{"start":{"line":480,"column":25},"end":{"line":480,"column":null}},"146":{"start":{"line":483,"column":64},"end":{"line":486,"column":10}},"147":{"start":{"line":489,"column":4},"end":{"line":496,"column":null}},"148":{"start":{"line":499,"column":8},"end":{"line":501,"column":null}},"149":{"start":{"line":499,"column":74},"end":{"line":501,"column":null}},"150":{"start":{"line":503,"column":25},"end":{"line":595,"column":null}},"151":{"start":{"line":504,"column":17},"end":{"line":504,"column":null}},"152":{"start":{"line":505,"column":20},"end":{"line":505,"column":null}},"153":{"start":{"line":506,"column":25},"end":{"line":506,"column":null}},"154":{"start":{"line":508,"column":6},"end":{"line":509,"column":null}},"155":{"start":{"line":508,"column":39},"end":{"line":508,"column":102}},"156":{"start":{"line":510,"column":30},"end":{"line":512,"column":null}},"157":{"start":{"line":511,"column":41},"end":{"line":511,"column":65}},"158":{"start":{"line":511,"column":82},"end":{"line":511,"column":101}},"159":{"start":{"line":517,"column":28},"end":{"line":540,"column":null}},"160":{"start":{"line":520,"column":11},"end":{"line":521,"column":null}},"161":{"start":{"line":524,"column":8},"end":{"line":532,"column":null}},"162":{"start":{"line":525,"column":26},"end":{"line":525,"column":null}},"163":{"start":{"line":526,"column":10},"end":{"line":531,"column":null}},"164":{"start":{"line":533,"column":8},"end":{"line":539,"column":null}},"165":{"start":{"line":542,"column":6},"end":{"line":549,"column":null}},"166":{"start":{"line":550,"column":19},"end":{"line":586,"column":null}},"167":{"start":{"line":573,"column":40},"end":{"line":574,"column":null}},"168":{"start":{"line":574,"column":73},"end":{"line":574,"column":92}},"169":{"start":{"line":579,"column":21},"end":{"line":579,"column":64}},"170":{"start":{"line":580,"column":29},"end":{"line":580,"column":76}},"171":{"start":{"line":587,"column":4},"end":{"line":594,"column":null}},"172":{"start":{"line":597,"column":8},"end":{"line":625,"column":null}},"173":{"start":{"line":598,"column":19},"end":{"line":598,"column":null}},"174":{"start":{"line":599,"column":4},"end":{"line":601,"column":null}},"175":{"start":{"line":600,"column":6},"end":{"line":600,"column":null}},"176":{"start":{"line":602,"column":18},"end":{"line":608,"column":null}},"177":{"start":{"line":609,"column":4},"end":{"line":615,"column":null}},"178":{"start":{"line":610,"column":6},"end":{"line":614,"column":null}},"179":{"start":{"line":616,"column":21},"end":{"line":616,"column":null}},"180":{"start":{"line":617,"column":4},"end":{"line":619,"column":null}},"181":{"start":{"line":618,"column":6},"end":{"line":618,"column":null}},"182":{"start":{"line":620,"column":4},"end":{"line":624,"column":null}},"183":{"start":{"line":627,"column":8},"end":{"line":630,"column":null}},"184":{"start":{"line":627,"column":68},"end":{"line":630,"column":null}},"185":{"start":{"line":634,"column":16},"end":{"line":652,"column":null}},"186":{"start":{"line":648,"column":34},"end":{"line":648,"column":null}},"187":{"start":{"line":654,"column":2},"end":{"line":703,"column":null}},"188":{"start":{"line":657,"column":24},"end":{"line":657,"column":null}},"189":{"start":{"line":658,"column":25},"end":{"line":658,"column":null}},"190":{"start":{"line":659,"column":25},"end":{"line":659,"column":null}},"191":{"start":{"line":660,"column":20},"end":{"line":663,"column":null}},"192":{"start":{"line":661,"column":14},"end":{"line":661,"column":null}},"193":{"start":{"line":664,"column":6},"end":{"line":701,"column":null}},"194":{"start":{"line":665,"column":24},"end":{"line":675,"column":null}},"195":{"start":{"line":676,"column":8},"end":{"line":681,"column":null}},"196":{"start":{"line":677,"column":10},"end":{"line":680,"column":null}},"197":{"start":{"line":682,"column":8},"end":{"line":689,"column":null}},"198":{"start":{"line":691,"column":28},"end":{"line":691,"column":null}},"199":{"start":{"line":692,"column":8},"end":{"line":698,"column":null}},"200":{"start":{"line":700,"column":8},"end":{"line":700,"column":null}}},"fnMap":{"0":{"name":"positiveEnvInt","decl":{"start":{"line":48,"column":9},"end":{"line":48,"column":24}},"loc":{"start":{"line":48,"column":64},"end":{"line":51,"column":null}},"line":48},"1":{"name":"(anonymous_1)","decl":{"start":{"line":83,"column":4},"end":{"line":83,"column":14}},"loc":{"start":{"line":83,"column":31},"end":{"line":83,"column":null}},"line":83},"2":{"name":"(anonymous_2)","decl":{"start":{"line":84,"column":4},"end":{"line":84,"column":19}},"loc":{"start":{"line":84,"column":19},"end":{"line":84,"column":null}},"line":84},"3":{"name":"(anonymous_3)","decl":{"start":{"line":87,"column":4},"end":{"line":87,"column":14}},"loc":{"start":{"line":87,"column":31},"end":{"line":87,"column":null}},"line":87},"4":{"name":"(anonymous_4)","decl":{"start":{"line":88,"column":4},"end":{"line":88,"column":19}},"loc":{"start":{"line":88,"column":19},"end":{"line":88,"column":null}},"line":88},"5":{"name":"(anonymous_5)","decl":{"start":{"line":93,"column":4},"end":{"line":93,"column":14}},"loc":{"start":{"line":93,"column":31},"end":{"line":97,"column":null}},"line":93},"6":{"name":"(anonymous_6)","decl":{"start":{"line":98,"column":4},"end":{"line":98,"column":20}},"loc":{"start":{"line":98,"column":20},"end":{"line":98,"column":null}},"line":98},"7":{"name":"isPlainObject","decl":{"start":{"line":117,"column":9},"end":{"line":117,"column":23}},"loc":{"start":{"line":117,"column":73},"end":{"line":119,"column":null}},"line":117},"8":{"name":"gateAlignmentProposal","decl":{"start":{"line":124,"column":16},"end":{"line":124,"column":null}},"loc":{"start":{"line":127,"column":21},"end":{"line":186,"column":null}},"line":127},"9":{"name":"(anonymous_9)","decl":{"start":{"line":133,"column":25},"end":{"line":133,"column":33}},"loc":{"start":{"line":133,"column":56},"end":{"line":133,"column":79}},"line":133},"10":{"name":"(anonymous_10)","decl":{"start":{"line":144,"column":27},"end":{"line":144,"column":32}},"loc":{"start":{"line":144,"column":40},"end":{"line":144,"column":71}},"line":144},"11":{"name":"(anonymous_11)","decl":{"start":{"line":145,"column":41},"end":{"line":145,"column":47}},"loc":{"start":{"line":145,"column":62},"end":{"line":145,"column":76}},"line":145},"12":{"name":"(anonymous_12)","decl":{"start":{"line":149,"column":21},"end":{"line":149,"column":27}},"loc":{"start":{"line":149,"column":42},"end":{"line":149,"column":83}},"line":149},"13":{"name":"(anonymous_13)","decl":{"start":{"line":155,"column":28},"end":{"line":155,"column":34}},"loc":{"start":{"line":155,"column":49},"end":{"line":155,"column":100}},"line":155},"14":{"name":"(anonymous_14)","decl":{"start":{"line":166,"column":31},"end":{"line":166,"column":37}},"loc":{"start":{"line":166,"column":52},"end":{"line":166,"column":85}},"line":166},"15":{"name":"(anonymous_15)","decl":{"start":{"line":177,"column":29},"end":{"line":177,"column":35}},"loc":{"start":{"line":177,"column":50},"end":{"line":177,"column":97}},"line":177},"16":{"name":"projectProvisional","decl":{"start":{"line":201,"column":16},"end":{"line":201,"column":null}},"loc":{"start":{"line":205,"column":20},"end":{"line":237,"column":null}},"line":205},"17":{"name":"(anonymous_17)","decl":{"start":{"line":214,"column":21},"end":{"line":214,"column":27}},"loc":{"start":{"line":214,"column":37},"end":{"line":214,"column":98}},"line":214},"18":{"name":"(anonymous_18)","decl":{"start":{"line":219,"column":32},"end":{"line":219,"column":null}},"loc":{"start":{"line":220,"column":21},"end":{"line":220,"column":null}},"line":220},"19":{"name":"(anonymous_19)","decl":{"start":{"line":222,"column":40},"end":{"line":222,"column":46}},"loc":{"start":{"line":222,"column":56},"end":{"line":222,"column":82}},"line":222},"20":{"name":"mapRawMove","decl":{"start":{"line":243,"column":9},"end":{"line":243,"column":null}},"loc":{"start":{"line":246,"column":85},"end":{"line":303,"column":null}},"line":246},"21":{"name":"(anonymous_21)","decl":{"start":{"line":266,"column":9},"end":{"line":266,"column":14}},"loc":{"start":{"line":266,"column":26},"end":{"line":274,"column":10}},"line":266},"22":{"name":"(anonymous_22)","decl":{"start":{"line":269,"column":64},"end":{"line":269,"column":69}},"loc":{"start":{"line":269,"column":76},"end":{"line":269,"column":86}},"line":269},"23":{"name":"(anonymous_23)","decl":{"start":{"line":272,"column":40},"end":{"line":272,"column":45}},"loc":{"start":{"line":272,"column":53},"end":{"line":272,"column":64}},"line":272},"24":{"name":"(anonymous_24)","decl":{"start":{"line":291,"column":46},"end":{"line":291,"column":51}},"loc":{"start":{"line":291,"column":58},"end":{"line":291,"column":68}},"line":291},"25":{"name":"isRetryableModelFailure","decl":{"start":{"line":305,"column":9},"end":{"line":305,"column":33}},"loc":{"start":{"line":305,"column":58},"end":{"line":312,"column":null}},"line":305},"26":{"name":"actionTemplateSummary","decl":{"start":{"line":316,"column":9},"end":{"line":316,"column":31}},"loc":{"start":{"line":316,"column":102},"end":{"line":326,"column":null}},"line":316},"27":{"name":"modelFailureKindOf","decl":{"start":{"line":328,"column":9},"end":{"line":328,"column":28}},"loc":{"start":{"line":328,"column":67},"end":{"line":336,"column":null}},"line":328},"28":{"name":"errorMessage","decl":{"start":{"line":338,"column":9},"end":{"line":338,"column":22}},"loc":{"start":{"line":338,"column":46},"end":{"line":345,"column":null}},"line":338},"29":{"name":"createTutorPolicyGraph","decl":{"start":{"line":370,"column":16},"end":{"line":370,"column":39}},"loc":{"start":{"line":370,"column":86},"end":{"line":704,"column":null}},"line":370},"30":{"name":"(anonymous_30)","decl":{"start":{"line":384,"column":8},"end":{"line":384,"column":23}},"loc":{"start":{"line":384,"column":46},"end":{"line":384,"column":null}},"line":384},"31":{"name":"(anonymous_31)","decl":{"start":{"line":385,"column":8},"end":{"line":385,"column":25}},"loc":{"start":{"line":385,"column":48},"end":{"line":385,"column":null}},"line":385},"32":{"name":"fallbackUpdate","decl":{"start":{"line":393,"column":11},"end":{"line":393,"column":null}},"loc":{"start":{"line":396,"column":17},"end":{"line":401,"column":null}},"line":396},"33":{"name":"(anonymous_33)","decl":{"start":{"line":403,"column":8},"end":{"line":403,"column":28}},"loc":{"start":{"line":403,"column":68},"end":{"line":405,"column":null}},"line":403},"34":{"name":"(anonymous_34)","decl":{"start":{"line":407,"column":29},"end":{"line":407,"column":36}},"loc":{"start":{"line":407,"column":84},"end":{"line":497,"column":null}},"line":407},"35":{"name":"(anonymous_35)","decl":{"start":{"line":476,"column":44},"end":{"line":476,"column":null}},"loc":{"start":{"line":477,"column":25},"end":{"line":477,"column":null}},"line":477},"36":{"name":"(anonymous_36)","decl":{"start":{"line":479,"column":46},"end":{"line":479,"column":null}},"loc":{"start":{"line":480,"column":25},"end":{"line":480,"column":null}},"line":480},"37":{"name":"(anonymous_37)","decl":{"start":{"line":483,"column":48},"end":{"line":483,"column":53}},"loc":{"start":{"line":483,"column":64},"end":{"line":486,"column":10}},"line":483},"38":{"name":"(anonymous_38)","decl":{"start":{"line":499,"column":8},"end":{"line":499,"column":34}},"loc":{"start":{"line":499,"column":74},"end":{"line":501,"column":null}},"line":499},"39":{"name":"(anonymous_39)","decl":{"start":{"line":503,"column":25},"end":{"line":503,"column":32}},"loc":{"start":{"line":503,"column":80},"end":{"line":595,"column":null}},"line":503},"40":{"name":"(anonymous_40)","decl":{"start":{"line":508,"column":23},"end":{"line":508,"column":29}},"loc":{"start":{"line":508,"column":39},"end":{"line":508,"column":102}},"line":508},"41":{"name":"(anonymous_41)","decl":{"start":{"line":511,"column":23},"end":{"line":511,"column":31}},"loc":{"start":{"line":511,"column":41},"end":{"line":511,"column":65}},"line":511},"42":{"name":"(anonymous_42)","decl":{"start":{"line":511,"column":67},"end":{"line":511,"column":72}},"loc":{"start":{"line":511,"column":82},"end":{"line":511,"column":101}},"line":511},"43":{"name":"(anonymous_43)","decl":{"start":{"line":518,"column":7},"end":{"line":518,"column":null}},"loc":{"start":{"line":520,"column":11},"end":{"line":521,"column":null}},"line":520},"44":{"name":"(anonymous_44)","decl":{"start":{"line":523,"column":7},"end":{"line":523,"column":12}},"loc":{"start":{"line":523,"column":25},"end":{"line":540,"column":7}},"line":523},"45":{"name":"(anonymous_45)","decl":{"start":{"line":573,"column":31},"end":{"line":573,"column":40}},"loc":{"start":{"line":573,"column":40},"end":{"line":574,"column":null}},"line":573},"46":{"name":"(anonymous_46)","decl":{"start":{"line":574,"column":53},"end":{"line":574,"column":58}},"loc":{"start":{"line":574,"column":73},"end":{"line":574,"column":92}},"line":574},"47":{"name":"(anonymous_47)","decl":{"start":{"line":579,"column":13},"end":{"line":579,"column":21}},"loc":{"start":{"line":579,"column":21},"end":{"line":579,"column":64}},"line":579},"48":{"name":"(anonymous_48)","decl":{"start":{"line":580,"column":13},"end":{"line":580,"column":18}},"loc":{"start":{"line":580,"column":29},"end":{"line":580,"column":76}},"line":580},"49":{"name":"(anonymous_49)","decl":{"start":{"line":597,"column":8},"end":{"line":597,"column":32}},"loc":{"start":{"line":597,"column":71},"end":{"line":625,"column":null}},"line":597},"50":{"name":"(anonymous_50)","decl":{"start":{"line":627,"column":8},"end":{"line":627,"column":28}},"loc":{"start":{"line":627,"column":68},"end":{"line":630,"column":null}},"line":627},"51":{"name":"(anonymous_51)","decl":{"start":{"line":647,"column":6},"end":{"line":647,"column":null}},"loc":{"start":{"line":648,"column":34},"end":{"line":648,"column":null}},"line":648},"52":{"name":"proposeTurn","decl":{"start":{"line":656,"column":10},"end":{"line":656,"column":22}},"loc":{"start":{"line":656,"column":74},"end":{"line":702,"column":null}},"line":656},"53":{"name":"(anonymous_53)","decl":{"start":{"line":660,"column":20},"end":{"line":660,"column":null}},"loc":{"start":{"line":661,"column":14},"end":{"line":661,"column":null}},"line":661}},"branchMap":{"0":{"loc":{"start":{"line":50,"column":9},"end":{"line":50,"column":null}},"type":"cond-expr","locations":[{"start":{"line":50,"column":49},"end":{"line":50,"column":70}},{"start":{"line":50,"column":70},"end":{"line":50,"column":null}}],"line":50},"1":{"loc":{"start":{"line":50,"column":9},"end":{"line":50,"column":49}},"type":"binary-expr","locations":[{"start":{"line":50,"column":9},"end":{"line":50,"column":36}},{"start":{"line":50,"column":36},"end":{"line":50,"column":49}}],"line":50},"2":{"loc":{"start":{"line":94,"column":6},"end":{"line":94,"column":null}},"type":"binary-expr","locations":[{"start":{"line":94,"column":6},"end":{"line":94,"column":73}},{"start":{"line":94,"column":73},"end":{"line":94,"column":null}}],"line":94},"3":{"loc":{"start":{"line":94,"column":20},"end":{"line":94,"column":46}},"type":"binary-expr","locations":[{"start":{"line":94,"column":20},"end":{"line":94,"column":40}},{"start":{"line":94,"column":40},"end":{"line":94,"column":46}}],"line":94},"4":{"loc":{"start":{"line":94,"column":46},"end":{"line":94,"column":73}},"type":"binary-expr","locations":[{"start":{"line":94,"column":46},"end":{"line":94,"column":67}},{"start":{"line":94,"column":67},"end":{"line":94,"column":73}}],"line":94},"5":{"loc":{"start":{"line":95,"column":6},"end":{"line":95,"column":null}},"type":"binary-expr","locations":[{"start":{"line":95,"column":6},"end":{"line":95,"column":76}},{"start":{"line":95,"column":76},"end":{"line":95,"column":null}}],"line":95},"6":{"loc":{"start":{"line":95,"column":21},"end":{"line":95,"column":48}},"type":"binary-expr","locations":[{"start":{"line":95,"column":21},"end":{"line":95,"column":42}},{"start":{"line":95,"column":42},"end":{"line":95,"column":48}}],"line":95},"7":{"loc":{"start":{"line":95,"column":48},"end":{"line":95,"column":76}},"type":"binary-expr","locations":[{"start":{"line":95,"column":48},"end":{"line":95,"column":70}},{"start":{"line":95,"column":70},"end":{"line":95,"column":76}}],"line":95},"8":{"loc":{"start":{"line":118,"column":9},"end":{"line":118,"column":null}},"type":"binary-expr","locations":[{"start":{"line":118,"column":9},"end":{"line":118,"column":27}},{"start":{"line":118,"column":27},"end":{"line":118,"column":56}},{"start":{"line":118,"column":56},"end":{"line":118,"column":null}}],"line":118},"9":{"loc":{"start":{"line":129,"column":4},"end":{"line":131,"column":null}},"type":"cond-expr","locations":[{"start":{"line":130,"column":8},"end":{"line":130,"column":null}},{"start":{"line":131,"column":8},"end":{"line":131,"column":null}}],"line":129},"10":{"loc":{"start":{"line":129,"column":4},"end":{"line":129,"column":null}},"type":"binary-expr","locations":[{"start":{"line":129,"column":4},"end":{"line":129,"column":42}},{"start":{"line":129,"column":42},"end":{"line":129,"column":null}}],"line":129},"11":{"loc":{"start":{"line":132,"column":15},"end":{"line":134,"column":null}},"type":"cond-expr","locations":[{"start":{"line":133,"column":6},"end":{"line":133,"column":null}},{"start":{"line":134,"column":6},"end":{"line":134,"column":null}}],"line":132},"12":{"loc":{"start":{"line":137,"column":2},"end":{"line":143,"column":null}},"type":"if","locations":[{"start":{"line":137,"column":2},"end":{"line":143,"column":null}},{"start":{},"end":{}}],"line":137},"13":{"loc":{"start":{"line":138,"column":4},"end":{"line":140,"column":null}},"type":"binary-expr","locations":[{"start":{"line":138,"column":4},"end":{"line":138,"column":null}},{"start":{"line":139,"column":4},"end":{"line":139,"column":null}},{"start":{"line":140,"column":4},"end":{"line":140,"column":null}}],"line":138},"14":{"loc":{"start":{"line":145,"column":2},"end":{"line":145,"column":null}},"type":"if","locations":[{"start":{"line":145,"column":2},"end":{"line":145,"column":null}},{"start":{},"end":{}}],"line":145},"15":{"loc":{"start":{"line":145,"column":6},"end":{"line":145,"column":79}},"type":"binary-expr","locations":[{"start":{"line":145,"column":6},"end":{"line":145,"column":29}},{"start":{"line":145,"column":29},"end":{"line":145,"column":79}}],"line":145},"16":{"loc":{"start":{"line":147,"column":2},"end":{"line":151,"column":null}},"type":"if","locations":[{"start":{"line":147,"column":2},"end":{"line":151,"column":null}},{"start":{},"end":{}}],"line":147},"17":{"loc":{"start":{"line":148,"column":4},"end":{"line":148,"column":null}},"type":"if","locations":[{"start":{"line":148,"column":4},"end":{"line":148,"column":null}},{"start":{},"end":{}}],"line":148},"18":{"loc":{"start":{"line":149,"column":4},"end":{"line":149,"column":null}},"type":"if","locations":[{"start":{"line":149,"column":4},"end":{"line":149,"column":null}},{"start":{},"end":{}}],"line":149},"19":{"loc":{"start":{"line":153,"column":2},"end":{"line":153,"column":null}},"type":"if","locations":[{"start":{"line":153,"column":2},"end":{"line":153,"column":null}},{"start":{},"end":{}}],"line":153},"20":{"loc":{"start":{"line":154,"column":2},"end":{"line":164,"column":null}},"type":"if","locations":[{"start":{"line":154,"column":2},"end":{"line":164,"column":null}},{"start":{},"end":{}}],"line":154},"21":{"loc":{"start":{"line":156,"column":4},"end":{"line":156,"column":null}},"type":"if","locations":[{"start":{"line":156,"column":4},"end":{"line":156,"column":null}},{"start":{},"end":{}}],"line":156},"22":{"loc":{"start":{"line":157,"column":4},"end":{"line":157,"column":null}},"type":"if","locations":[{"start":{"line":157,"column":4},"end":{"line":157,"column":null}},{"start":{},"end":{}}],"line":157},"23":{"loc":{"start":{"line":157,"column":8},"end":{"line":157,"column":84}},"type":"binary-expr","locations":[{"start":{"line":157,"column":8},"end":{"line":157,"column":43}},{"start":{"line":157,"column":43},"end":{"line":157,"column":84}}],"line":157},"24":{"loc":{"start":{"line":167,"column":2},"end":{"line":176,"column":null}},"type":"if","locations":[{"start":{"line":167,"column":2},"end":{"line":176,"column":null}},{"start":{},"end":{}}],"line":167},"25":{"loc":{"start":{"line":168,"column":4},"end":{"line":168,"column":null}},"type":"if","locations":[{"start":{"line":168,"column":4},"end":{"line":168,"column":null}},{"start":{},"end":{}}],"line":168},"26":{"loc":{"start":{"line":168,"column":8},"end":{"line":168,"column":74}},"type":"binary-expr","locations":[{"start":{"line":168,"column":8},"end":{"line":168,"column":38}},{"start":{"line":168,"column":38},"end":{"line":168,"column":74}}],"line":168},"27":{"loc":{"start":{"line":178,"column":2},"end":{"line":178,"column":null}},"type":"if","locations":[{"start":{"line":178,"column":2},"end":{"line":178,"column":null}},{"start":{},"end":{}}],"line":178},"28":{"loc":{"start":{"line":179,"column":2},"end":{"line":179,"column":null}},"type":"if","locations":[{"start":{"line":179,"column":2},"end":{"line":179,"column":null}},{"start":{},"end":{}}],"line":179},"29":{"loc":{"start":{"line":179,"column":6},"end":{"line":179,"column":85}},"type":"binary-expr","locations":[{"start":{"line":179,"column":6},"end":{"line":179,"column":41}},{"start":{"line":179,"column":41},"end":{"line":179,"column":85}}],"line":179},"30":{"loc":{"start":{"line":206,"column":2},"end":{"line":206,"column":null}},"type":"if","locations":[{"start":{"line":206,"column":2},"end":{"line":206,"column":null}},{"start":{},"end":{}}],"line":206},"31":{"loc":{"start":{"line":207,"column":2},"end":{"line":212,"column":null}},"type":"if","locations":[{"start":{"line":207,"column":2},"end":{"line":212,"column":null}},{"start":{},"end":{}}],"line":207},"32":{"loc":{"start":{"line":208,"column":4},"end":{"line":209,"column":null}},"type":"binary-expr","locations":[{"start":{"line":208,"column":4},"end":{"line":208,"column":null}},{"start":{"line":209,"column":4},"end":{"line":209,"column":null}}],"line":208},"33":{"loc":{"start":{"line":214,"column":4},"end":{"line":215,"column":null}},"type":"binary-expr","locations":[{"start":{"line":214,"column":4},"end":{"line":215,"column":19}},{"start":{"line":215,"column":19},"end":{"line":215,"column":null}}],"line":214},"34":{"loc":{"start":{"line":217,"column":4},"end":{"line":221,"column":null}},"type":"cond-expr","locations":[{"start":{"line":218,"column":8},"end":{"line":218,"column":null}},{"start":{"line":219,"column":8},"end":{"line":221,"column":null}}],"line":217},"35":{"loc":{"start":{"line":217,"column":4},"end":{"line":217,"column":null}},"type":"binary-expr","locations":[{"start":{"line":217,"column":4},"end":{"line":217,"column":54}},{"start":{"line":217,"column":54},"end":{"line":217,"column":null}}],"line":217},"36":{"loc":{"start":{"line":220,"column":21},"end":{"line":220,"column":null}},"type":"binary-expr","locations":[{"start":{"line":220,"column":21},"end":{"line":220,"column":50}},{"start":{"line":220,"column":36},"end":{"line":220,"column":null}}],"line":220},"37":{"loc":{"start":{"line":220,"column":50},"end":{"line":220,"column":76}},"type":"binary-expr","locations":[{"start":{"line":220,"column":50},"end":{"line":220,"column":67}},{"start":{"line":220,"column":67},"end":{"line":220,"column":76}}],"line":220},"38":{"loc":{"start":{"line":223,"column":21},"end":{"line":223,"column":null}},"type":"binary-expr","locations":[{"start":{"line":223,"column":21},"end":{"line":223,"column":47}},{"start":{"line":223,"column":47},"end":{"line":223,"column":null}}],"line":223},"39":{"loc":{"start":{"line":224,"column":16},"end":{"line":224,"column":null}},"type":"binary-expr","locations":[{"start":{"line":224,"column":16},"end":{"line":224,"column":41}},{"start":{"line":224,"column":41},"end":{"line":224,"column":null}}],"line":224},"40":{"loc":{"start":{"line":227,"column":4},"end":{"line":229,"column":null}},"type":"cond-expr","locations":[{"start":{"line":228,"column":8},"end":{"line":228,"column":null}},{"start":{"line":229,"column":8},"end":{"line":229,"column":null}}],"line":227},"41":{"loc":{"start":{"line":227,"column":4},"end":{"line":227,"column":null}},"type":"binary-expr","locations":[{"start":{"line":227,"column":4},"end":{"line":227,"column":28}},{"start":{"line":227,"column":28},"end":{"line":227,"column":null}}],"line":227},"42":{"loc":{"start":{"line":232,"column":8},"end":{"line":234,"column":null}},"type":"cond-expr","locations":[{"start":{"line":233,"column":8},"end":{"line":233,"column":null}},{"start":{"line":234,"column":8},"end":{"line":234,"column":null}}],"line":232},"43":{"loc":{"start":{"line":232,"column":8},"end":{"line":232,"column":null}},"type":"binary-expr","locations":[{"start":{"line":232,"column":8},"end":{"line":232,"column":58}},{"start":{"line":232,"column":58},"end":{"line":232,"column":null}}],"line":232},"44":{"loc":{"start":{"line":235,"column":8},"end":{"line":235,"column":null}},"type":"cond-expr","locations":[{"start":{"line":235,"column":27},"end":{"line":235,"column":70}},{"start":{"line":235,"column":70},"end":{"line":235,"column":null}}],"line":235},"45":{"loc":{"start":{"line":247,"column":2},"end":{"line":249,"column":null}},"type":"if","locations":[{"start":{"line":247,"column":2},"end":{"line":249,"column":null}},{"start":{},"end":{}}],"line":247},"46":{"loc":{"start":{"line":250,"column":15},"end":{"line":250,"column":null}},"type":"cond-expr","locations":[{"start":{"line":250,"column":41},"end":{"line":250,"column":52}},{"start":{"line":250,"column":52},"end":{"line":250,"column":null}}],"line":250},"47":{"loc":{"start":{"line":251,"column":2},"end":{"line":253,"column":null}},"type":"if","locations":[{"start":{"line":251,"column":2},"end":{"line":253,"column":null}},{"start":{},"end":{}}],"line":251},"48":{"loc":{"start":{"line":254,"column":19},"end":{"line":254,"column":null}},"type":"cond-expr","locations":[{"start":{"line":254,"column":56},"end":{"line":254,"column":73}},{"start":{"line":254,"column":73},"end":{"line":254,"column":null}}],"line":254},"49":{"loc":{"start":{"line":255,"column":22},"end":{"line":255,"column":null}},"type":"cond-expr","locations":[{"start":{"line":255,"column":62},"end":{"line":255,"column":82}},{"start":{"line":255,"column":82},"end":{"line":255,"column":null}}],"line":255},"50":{"loc":{"start":{"line":256,"column":2},"end":{"line":258,"column":null}},"type":"if","locations":[{"start":{"line":256,"column":2},"end":{"line":258,"column":null}},{"start":{},"end":{}}],"line":256},"51":{"loc":{"start":{"line":256,"column":6},"end":{"line":256,"column":33}},"type":"binary-expr","locations":[{"start":{"line":256,"column":6},"end":{"line":256,"column":19}},{"start":{"line":256,"column":19},"end":{"line":256,"column":33}}],"line":256},"52":{"loc":{"start":{"line":260,"column":4},"end":{"line":262,"column":null}},"type":"cond-expr","locations":[{"start":{"line":261,"column":8},"end":{"line":261,"column":null}},{"start":{"line":262,"column":8},"end":{"line":262,"column":null}}],"line":260},"53":{"loc":{"start":{"line":260,"column":4},"end":{"line":260,"column":null}},"type":"binary-expr","locations":[{"start":{"line":260,"column":4},"end":{"line":260,"column":39}},{"start":{"line":260,"column":39},"end":{"line":260,"column":null}}],"line":260},"54":{"loc":{"start":{"line":263,"column":27},"end":{"line":275,"column":null}},"type":"cond-expr","locations":[{"start":{"line":264,"column":6},"end":{"line":274,"column":null}},{"start":{"line":275,"column":6},"end":{"line":275,"column":null}}],"line":263},"55":{"loc":{"start":{"line":267,"column":31},"end":{"line":267,"column":56}},"type":"binary-expr","locations":[{"start":{"line":267,"column":31},"end":{"line":267,"column":54}},{"start":{"line":267,"column":54},"end":{"line":267,"column":56}}],"line":267},"56":{"loc":{"start":{"line":268,"column":14},"end":{"line":270,"column":null}},"type":"cond-expr","locations":[{"start":{"line":269,"column":14},"end":{"line":269,"column":null}},{"start":{"line":270,"column":14},"end":{"line":270,"column":null}}],"line":268},"57":{"loc":{"start":{"line":271,"column":30},"end":{"line":273,"column":null}},"type":"cond-expr","locations":[{"start":{"line":272,"column":14},"end":{"line":272,"column":null}},{"start":{"line":273,"column":14},"end":{"line":273,"column":null}}],"line":271},"58":{"loc":{"start":{"line":276,"column":16},"end":{"line":276,"column":null}},"type":"cond-expr","locations":[{"start":{"line":276,"column":43},"end":{"line":276,"column":55}},{"start":{"line":276,"column":55},"end":{"line":276,"column":null}}],"line":276},"59":{"loc":{"start":{"line":277,"column":20},"end":{"line":277,"column":null}},"type":"cond-expr","locations":[{"start":{"line":277,"column":74},"end":{"line":277,"column":87}},{"start":{"line":277,"column":87},"end":{"line":277,"column":null}}],"line":277},"60":{"loc":{"start":{"line":277,"column":20},"end":{"line":277,"column":74}},"type":"binary-expr","locations":[{"start":{"line":277,"column":20},"end":{"line":277,"column":54}},{"start":{"line":277,"column":54},"end":{"line":277,"column":74}}],"line":277},"61":{"loc":{"start":{"line":279,"column":4},"end":{"line":279,"column":null}},"type":"cond-expr","locations":[{"start":{"line":279,"column":41},"end":{"line":279,"column":61}},{"start":{"line":279,"column":61},"end":{"line":279,"column":null}}],"line":279},"62":{"loc":{"start":{"line":284,"column":10},"end":{"line":284,"column":null}},"type":"cond-expr","locations":[{"start":{"line":284,"column":22},"end":{"line":284,"column":38}},{"start":{"line":284,"column":38},"end":{"line":284,"column":null}}],"line":284},"63":{"loc":{"start":{"line":288,"column":12},"end":{"line":288,"column":null}},"type":"cond-expr","locations":[{"start":{"line":288,"column":53},"end":{"line":288,"column":93}},{"start":{"line":288,"column":93},"end":{"line":288,"column":null}}],"line":288},"64":{"loc":{"start":{"line":289,"column":12},"end":{"line":289,"column":null}},"type":"cond-expr","locations":[{"start":{"line":289,"column":56},"end":{"line":289,"column":102}},{"start":{"line":289,"column":102},"end":{"line":289,"column":null}}],"line":289},"65":{"loc":{"start":{"line":290,"column":12},"end":{"line":292,"column":null}},"type":"cond-expr","locations":[{"start":{"line":291,"column":12},"end":{"line":291,"column":null}},{"start":{"line":292,"column":12},"end":{"line":292,"column":null}}],"line":290},"66":{"loc":{"start":{"line":293,"column":12},"end":{"line":293,"column":null}},"type":"cond-expr","locations":[{"start":{"line":293,"column":25},"end":{"line":293,"column":55}},{"start":{"line":293,"column":55},"end":{"line":293,"column":null}}],"line":293},"67":{"loc":{"start":{"line":294,"column":12},"end":{"line":294,"column":null}},"type":"cond-expr","locations":[{"start":{"line":294,"column":39},"end":{"line":294,"column":81}},{"start":{"line":294,"column":81},"end":{"line":294,"column":null}}],"line":294},"68":{"loc":{"start":{"line":296,"column":10},"end":{"line":296,"column":null}},"type":"cond-expr","locations":[{"start":{"line":296,"column":36},"end":{"line":296,"column":52}},{"start":{"line":296,"column":52},"end":{"line":296,"column":null}}],"line":296},"69":{"loc":{"start":{"line":307,"column":4},"end":{"line":310,"column":null}},"type":"binary-expr","locations":[{"start":{"line":307,"column":4},"end":{"line":307,"column":null}},{"start":{"line":308,"column":4},"end":{"line":308,"column":null}},{"start":{"line":309,"column":4},"end":{"line":309,"column":null}},{"start":{"line":310,"column":5},"end":{"line":310,"column":null}}],"line":307},"70":{"loc":{"start":{"line":318,"column":32},"end":{"line":318,"column":47}},"type":"binary-expr","locations":[{"start":{"line":318,"column":32},"end":{"line":318,"column":43}},{"start":{"line":318,"column":43},"end":{"line":318,"column":47}}],"line":318},"71":{"loc":{"start":{"line":320,"column":10},"end":{"line":320,"column":null}},"type":"cond-expr","locations":[{"start":{"line":320,"column":47},"end":{"line":320,"column":75}},{"start":{"line":320,"column":75},"end":{"line":320,"column":null}}],"line":320},"72":{"loc":{"start":{"line":321,"column":10},"end":{"line":321,"column":null}},"type":"cond-expr","locations":[{"start":{"line":321,"column":53},"end":{"line":321,"column":93}},{"start":{"line":321,"column":93},"end":{"line":321,"column":null}}],"line":321},"73":{"loc":{"start":{"line":329,"column":2},"end":{"line":334,"column":null}},"type":"if","locations":[{"start":{"line":329,"column":2},"end":{"line":334,"column":null}},{"start":{},"end":{}}],"line":329},"74":{"loc":{"start":{"line":329,"column":6},"end":{"line":329,"column":70}},"type":"binary-expr","locations":[{"start":{"line":329,"column":6},"end":{"line":329,"column":35}},{"start":{"line":329,"column":35},"end":{"line":329,"column":53}},{"start":{"line":329,"column":53},"end":{"line":329,"column":70}}],"line":329},"75":{"loc":{"start":{"line":331,"column":4},"end":{"line":331,"column":null}},"type":"if","locations":[{"start":{"line":331,"column":4},"end":{"line":331,"column":null}},{"start":{},"end":{}}],"line":331},"76":{"loc":{"start":{"line":332,"column":4},"end":{"line":332,"column":null}},"type":"if","locations":[{"start":{"line":332,"column":4},"end":{"line":332,"column":null}},{"start":{},"end":{}}],"line":332},"77":{"loc":{"start":{"line":333,"column":4},"end":{"line":333,"column":null}},"type":"if","locations":[{"start":{"line":333,"column":4},"end":{"line":333,"column":null}},{"start":{},"end":{}}],"line":333},"78":{"loc":{"start":{"line":339,"column":2},"end":{"line":339,"column":null}},"type":"if","locations":[{"start":{"line":339,"column":2},"end":{"line":339,"column":null}},{"start":{},"end":{}}],"line":339},"79":{"loc":{"start":{"line":371,"column":24},"end":{"line":371,"column":null}},"type":"binary-expr","locations":[{"start":{"line":371,"column":24},"end":{"line":371,"column":49}},{"start":{"line":371,"column":49},"end":{"line":371,"column":null}}],"line":371},"80":{"loc":{"start":{"line":372,"column":27},"end":{"line":372,"column":null}},"type":"binary-expr","locations":[{"start":{"line":372,"column":27},"end":{"line":372,"column":55}},{"start":{"line":372,"column":55},"end":{"line":372,"column":null}}],"line":372},"81":{"loc":{"start":{"line":411,"column":4},"end":{"line":413,"column":null}},"type":"if","locations":[{"start":{"line":411,"column":4},"end":{"line":413,"column":null}},{"start":{},"end":{}}],"line":411},"82":{"loc":{"start":{"line":414,"column":4},"end":{"line":416,"column":null}},"type":"if","locations":[{"start":{"line":414,"column":4},"end":{"line":416,"column":null}},{"start":{},"end":{}}],"line":414},"83":{"loc":{"start":{"line":414,"column":8},"end":{"line":414,"column":93}},"type":"binary-expr","locations":[{"start":{"line":414,"column":8},"end":{"line":414,"column":54}},{"start":{"line":414,"column":54},"end":{"line":414,"column":93}}],"line":414},"84":{"loc":{"start":{"line":417,"column":4},"end":{"line":419,"column":null}},"type":"if","locations":[{"start":{"line":417,"column":4},"end":{"line":419,"column":null}},{"start":{},"end":{}}],"line":417},"85":{"loc":{"start":{"line":420,"column":4},"end":{"line":434,"column":null}},"type":"if","locations":[{"start":{"line":420,"column":4},"end":{"line":434,"column":null}},{"start":{},"end":{}}],"line":420},"86":{"loc":{"start":{"line":422,"column":6},"end":{"line":424,"column":null}},"type":"if","locations":[{"start":{"line":422,"column":6},"end":{"line":424,"column":null}},{"start":{},"end":{}}],"line":422},"87":{"loc":{"start":{"line":428,"column":14},"end":{"line":428,"column":null}},"type":"cond-expr","locations":[{"start":{"line":428,"column":38},"end":{"line":428,"column":80}},{"start":{"line":428,"column":80},"end":{"line":428,"column":null}}],"line":428},"88":{"loc":{"start":{"line":430,"column":12},"end":{"line":430,"column":null}},"type":"cond-expr","locations":[{"start":{"line":430,"column":101},"end":{"line":430,"column":105}},{"start":{"line":430,"column":105},"end":{"line":430,"column":null}}],"line":430},"89":{"loc":{"start":{"line":430,"column":12},"end":{"line":430,"column":101}},"type":"binary-expr","locations":[{"start":{"line":430,"column":12},"end":{"line":430,"column":59}},{"start":{"line":430,"column":59},"end":{"line":430,"column":101}}],"line":430},"90":{"loc":{"start":{"line":435,"column":18},"end":{"line":435,"column":34}},"type":"binary-expr","locations":[{"start":{"line":435,"column":18},"end":{"line":435,"column":32}},{"start":{"line":435,"column":32},"end":{"line":435,"column":34}}],"line":435},"91":{"loc":{"start":{"line":436,"column":4},"end":{"line":438,"column":null}},"type":"if","locations":[{"start":{"line":436,"column":4},"end":{"line":438,"column":null}},{"start":{},"end":{}}],"line":436},"92":{"loc":{"start":{"line":450,"column":76},"end":{"line":450,"column":93}},"type":"binary-expr","locations":[{"start":{"line":450,"column":76},"end":{"line":450,"column":91}},{"start":{"line":450,"column":91},"end":{"line":450,"column":93}}],"line":450},"93":{"loc":{"start":{"line":452,"column":4},"end":{"line":468,"column":null}},"type":"if","locations":[{"start":{"line":452,"column":4},"end":{"line":468,"column":null}},{"start":{},"end":{}}],"line":452},"94":{"loc":{"start":{"line":453,"column":6},"end":{"line":455,"column":null}},"type":"binary-expr","locations":[{"start":{"line":453,"column":6},"end":{"line":453,"column":null}},{"start":{"line":454,"column":6},"end":{"line":454,"column":null}},{"start":{"line":455,"column":6},"end":{"line":455,"column":null}}],"line":453},"95":{"loc":{"start":{"line":460,"column":14},"end":{"line":460,"column":null}},"type":"cond-expr","locations":[{"start":{"line":460,"column":44},"end":{"line":460,"column":92}},{"start":{"line":460,"column":92},"end":{"line":460,"column":null}}],"line":460},"96":{"loc":{"start":{"line":461,"column":14},"end":{"line":463,"column":null}},"type":"cond-expr","locations":[{"start":{"line":462,"column":14},"end":{"line":462,"column":null}},{"start":{"line":463,"column":14},"end":{"line":463,"column":null}}],"line":461},"97":{"loc":{"start":{"line":464,"column":22},"end":{"line":464,"column":null}},"type":"cond-expr","locations":[{"start":{"line":464,"column":64},"end":{"line":464,"column":71}},{"start":{"line":464,"column":71},"end":{"line":464,"column":null}}],"line":464},"98":{"loc":{"start":{"line":469,"column":17},"end":{"line":469,"column":null}},"type":"binary-expr","locations":[{"start":{"line":469,"column":17},"end":{"line":469,"column":38}},{"start":{"line":469,"column":38},"end":{"line":469,"column":null}}],"line":469},"99":{"loc":{"start":{"line":482,"column":27},"end":{"line":482,"column":null}},"type":"binary-expr","locations":[{"start":{"line":482,"column":27},"end":{"line":482,"column":53}},{"start":{"line":482,"column":53},"end":{"line":482,"column":null}}],"line":482},"100":{"loc":{"start":{"line":492,"column":12},"end":{"line":492,"column":null}},"type":"cond-expr","locations":[{"start":{"line":492,"column":54},"end":{"line":492,"column":98}},{"start":{"line":492,"column":98},"end":{"line":492,"column":null}}],"line":492},"101":{"loc":{"start":{"line":493,"column":12},"end":{"line":493,"column":null}},"type":"cond-expr","locations":[{"start":{"line":493,"column":55},"end":{"line":493,"column":101}},{"start":{"line":493,"column":101},"end":{"line":493,"column":null}}],"line":493},"102":{"loc":{"start":{"line":506,"column":25},"end":{"line":506,"column":null}},"type":"binary-expr","locations":[{"start":{"line":506,"column":25},"end":{"line":506,"column":58}},{"start":{"line":506,"column":58},"end":{"line":506,"column":null}}],"line":506},"103":{"loc":{"start":{"line":508,"column":6},"end":{"line":509,"column":null}},"type":"binary-expr","locations":[{"start":{"line":508,"column":6},"end":{"line":509,"column":21}},{"start":{"line":509,"column":21},"end":{"line":509,"column":null}}],"line":508},"104":{"loc":{"start":{"line":520,"column":11},"end":{"line":521,"column":null}},"type":"binary-expr","locations":[{"start":{"line":520,"column":11},"end":{"line":520,"column":37}},{"start":{"line":520,"column":37},"end":{"line":520,"column":null}},{"start":{"line":521,"column":10},"end":{"line":521,"column":null}}],"line":520},"105":{"loc":{"start":{"line":524,"column":8},"end":{"line":532,"column":null}},"type":"if","locations":[{"start":{"line":524,"column":8},"end":{"line":532,"column":null}},{"start":{},"end":{}}],"line":524},"106":{"loc":{"start":{"line":524,"column":12},"end":{"line":524,"column":82}},"type":"binary-expr","locations":[{"start":{"line":524,"column":12},"end":{"line":524,"column":51}},{"start":{"line":524,"column":51},"end":{"line":524,"column":82}}],"line":524},"107":{"loc":{"start":{"line":538,"column":20},"end":{"line":538,"column":42}},"type":"binary-expr","locations":[{"start":{"line":538,"column":20},"end":{"line":538,"column":40}},{"start":{"line":538,"column":40},"end":{"line":538,"column":42}}],"line":538},"108":{"loc":{"start":{"line":542,"column":6},"end":{"line":549,"column":null}},"type":"binary-expr","locations":[{"start":{"line":542,"column":6},"end":{"line":542,"column":42}},{"start":{"line":542,"column":42},"end":{"line":549,"column":null}}],"line":542},"109":{"loc":{"start":{"line":557,"column":21},"end":{"line":557,"column":null}},"type":"binary-expr","locations":[{"start":{"line":557,"column":21},"end":{"line":557,"column":42}},{"start":{"line":557,"column":42},"end":{"line":557,"column":null}}],"line":557},"110":{"loc":{"start":{"line":574,"column":17},"end":{"line":574,"column":51}},"type":"binary-expr","locations":[{"start":{"line":574,"column":17},"end":{"line":574,"column":49}},{"start":{"line":574,"column":49},"end":{"line":574,"column":51}}],"line":574},"111":{"loc":{"start":{"line":579,"column":32},"end":{"line":579,"column":58}},"type":"binary-expr","locations":[{"start":{"line":579,"column":32},"end":{"line":579,"column":49}},{"start":{"line":579,"column":49},"end":{"line":579,"column":58}}],"line":579},"112":{"loc":{"start":{"line":582,"column":12},"end":{"line":584,"column":null}},"type":"cond-expr","locations":[{"start":{"line":583,"column":12},"end":{"line":583,"column":null}},{"start":{"line":584,"column":12},"end":{"line":584,"column":null}}],"line":582},"113":{"loc":{"start":{"line":590,"column":12},"end":{"line":590,"column":null}},"type":"cond-expr","locations":[{"start":{"line":590,"column":54},"end":{"line":590,"column":98}},{"start":{"line":590,"column":98},"end":{"line":590,"column":null}}],"line":590},"114":{"loc":{"start":{"line":591,"column":12},"end":{"line":591,"column":null}},"type":"cond-expr","locations":[{"start":{"line":591,"column":55},"end":{"line":591,"column":101}},{"start":{"line":591,"column":101},"end":{"line":591,"column":null}}],"line":591},"115":{"loc":{"start":{"line":599,"column":4},"end":{"line":601,"column":null}},"type":"if","locations":[{"start":{"line":599,"column":4},"end":{"line":601,"column":null}},{"start":{},"end":{}}],"line":599},"116":{"loc":{"start":{"line":609,"column":4},"end":{"line":615,"column":null}},"type":"if","locations":[{"start":{"line":609,"column":4},"end":{"line":615,"column":null}},{"start":{},"end":{}}],"line":609},"117":{"loc":{"start":{"line":616,"column":21},"end":{"line":616,"column":null}},"type":"binary-expr","locations":[{"start":{"line":616,"column":21},"end":{"line":616,"column":43}},{"start":{"line":616,"column":43},"end":{"line":616,"column":null}}],"line":616},"118":{"loc":{"start":{"line":617,"column":4},"end":{"line":619,"column":null}},"type":"if","locations":[{"start":{"line":617,"column":4},"end":{"line":619,"column":null}},{"start":{},"end":{}}],"line":617},"119":{"loc":{"start":{"line":621,"column":12},"end":{"line":621,"column":null}},"type":"cond-expr","locations":[{"start":{"line":621,"column":49},"end":{"line":621,"column":70}},{"start":{"line":621,"column":70},"end":{"line":621,"column":null}}],"line":621},"120":{"loc":{"start":{"line":648,"column":34},"end":{"line":648,"column":null}},"type":"cond-expr","locations":[{"start":{"line":648,"column":51},"end":{"line":648,"column":60}},{"start":{"line":648,"column":60},"end":{"line":648,"column":null}}],"line":648},"121":{"loc":{"start":{"line":676,"column":8},"end":{"line":681,"column":null}},"type":"if","locations":[{"start":{"line":676,"column":8},"end":{"line":681,"column":null}},{"start":{},"end":{}}],"line":676},"122":{"loc":{"start":{"line":679,"column":21},"end":{"line":679,"column":null}},"type":"binary-expr","locations":[{"start":{"line":679,"column":21},"end":{"line":679,"column":39}},{"start":{"line":679,"column":39},"end":{"line":679,"column":null}}],"line":679},"123":{"loc":{"start":{"line":695,"column":18},"end":{"line":695,"column":null}},"type":"cond-expr","locations":[{"start":{"line":695,"column":32},"end":{"line":695,"column":53}},{"start":{"line":695,"column":53},"end":{"line":695,"column":null}}],"line":695}},"s":{"0":32,"1":32,"2":16,"3":16,"4":16,"5":16,"6":998,"7":1029,"8":7,"9":530,"10":679,"11":530,"12":2024,"13":196,"14":196,"15":71,"16":196,"17":196,"18":196,"19":125,"20":71,"21":69,"22":71,"23":68,"24":9,"25":62,"26":6,"27":1,"28":5,"29":5,"30":1,"31":4,"32":56,"33":1,"34":55,"35":49,"36":49,"37":49,"38":0,"39":49,"40":2,"41":47,"42":6,"43":6,"44":6,"45":4,"46":1,"47":3,"48":2,"49":2,"50":2,"51":0,"52":2,"53":1,"54":1,"55":516,"56":4,"57":512,"58":177,"59":335,"60":1259,"61":516,"62":694,"63":516,"64":780,"65":516,"66":516,"67":516,"68":516,"69":516,"70":509,"71":3,"72":506,"73":509,"74":2,"75":504,"76":509,"77":509,"78":1,"79":503,"80":509,"81":3,"82":1,"83":3,"84":509,"85":509,"86":509,"87":509,"88":12,"89":12,"90":524,"91":524,"92":524,"93":0,"94":12,"95":11,"96":11,"97":0,"98":11,"99":10,"100":1,"101":0,"102":2,"103":12,"104":12,"105":0,"106":0,"107":0,"108":38,"109":38,"110":38,"111":38,"112":38,"113":712,"114":38,"115":701,"116":38,"117":10,"118":38,"119":514,"120":38,"121":514,"122":514,"123":17,"124":497,"125":4,"126":493,"127":4,"128":489,"129":2,"130":2,"131":1,"132":1,"133":487,"134":514,"135":0,"136":487,"137":487,"138":487,"139":487,"140":514,"141":316,"142":171,"143":514,"144":252,"145":461,"146":342,"147":170,"148":38,"149":513,"150":38,"151":530,"152":530,"153":530,"154":530,"155":1771,"156":530,"157":3381,"158":1578,"159":530,"160":15316,"161":7779,"162":524,"163":524,"164":7255,"165":530,"166":530,"167":3381,"168":2108,"169":2256,"170":1054,"171":509,"172":38,"173":509,"174":509,"175":6,"176":503,"177":503,"178":492,"179":11,"180":509,"181":7,"182":4,"183":38,"184":7,"185":38,"186":509,"187":38,"188":514,"189":514,"190":514,"191":514,"192":0,"193":514,"194":514,"195":502,"196":0,"197":502,"198":12,"199":12,"200":514},"f":{"0":32,"1":998,"2":1029,"3":7,"4":530,"5":679,"6":530,"7":2024,"8":196,"9":71,"10":69,"11":68,"12":5,"13":49,"14":6,"15":2,"16":516,"17":1259,"18":694,"19":780,"20":509,"21":3,"22":1,"23":3,"24":12,"25":12,"26":524,"27":12,"28":12,"29":38,"30":712,"31":701,"32":10,"33":514,"34":514,"35":252,"36":461,"37":342,"38":513,"39":530,"40":1771,"41":3381,"42":1578,"43":15316,"44":7779,"45":3381,"46":2108,"47":2256,"48":1054,"49":509,"50":7,"51":509,"52":514,"53":0},"b":{"0":[2,30],"1":[32,3],"2":[679,9],"3":[679,503],"4":[679,9],"5":[679,9],"6":[679,503],"7":[679,9],"8":[2024,1517,1516],"9":[194,2],"10":[196,194],"11":[194,2],"12":[125,71],"13":[196,140,131],"14":[9,62],"15":[71,68],"16":[6,56],"17":[1,5],"18":[1,4],"19":[1,55],"20":[49,6],"21":[0,49],"22":[2,47],"23":[49,48],"24":[4,2],"25":[1,3],"26":[4,3],"27":[0,2],"28":[1,1],"29":[2,1],"30":[4,512],"31":[177,335],"32":[512,204],"33":[335,0],"34":[27,308],"35":[516,27],"36":[694,501],"37":[501,0],"38":[516,0],"39":[516,0],"40":[227,108],"41":[516,335],"42":[27,308],"43":[516,27],"44":[227,108],"45":[3,506],"46":[504,2],"47":[2,507],"48":[504,0],"49":[503,1],"50":[1,508],"51":[509,504],"52":[1,502],"53":[503,1],"54":[3,500],"55":[3,0],"56":[1,2],"57":[3,0],"58":[502,1],"59":[478,25],"60":[509,479],"61":[478,25],"62":[497,6],"63":[503,0],"64":[1,502],"65":[12,491],"66":[1,502],"67":[3,500],"68":[478,25],"69":[12,12,12,11],"70":[524,0],"71":[524,0],"72":[524,0],"73":[11,1],"74":[12,12,12],"75":[0,11],"76":[10,1],"77":[0,1],"78":[12,0],"79":[38,33],"80":[38,33],"81":[17,497],"82":[4,493],"83":[497,495],"84":[4,489],"85":[2,487],"86":[1,1],"87":[1,0],"88":[1,0],"89":[2,0],"90":[487,0],"91":[0,514],"92":[487,79],"93":[316,198],"94":[514,408,336],"95":[316,0],"96":[25,291],"97":[29,287],"98":[171,0],"99":[514,0],"100":[170,0],"101":[170,0],"102":[530,156],"103":[530,0],"104":[15316,15315,8139],"105":[524,7255],"106":[7779,7255],"107":[7255,0],"108":[530,499],"109":[530,0],"110":[3381,1495],"111":[2256,0],"112":[7,523],"113":[500,9],"114":[500,9],"115":[6,503],"116":[492,11],"117":[11,7],"118":[7,502],"119":[0,4],"120":[502,7],"121":[0,502],"122":[0,0],"123":[0,12]},"meta":{"lastBranch":124,"lastFunction":54,"lastStatement":201,"seen":{"f:48:9:48:24":0,"s:49:17:49:Infinity":0,"s:50:2:50:Infinity":1,"b:50:49:50:70:50:70:50:Infinity":0,"b:50:9:50:36:50:36:50:49":1,"s:57:38:57:Infinity":2,"s:58:42:58:Infinity":3,"s:59:35:59:Infinity":4,"s:71:19:100:Infinity":5,"f:83:4:83:14":1,"s:83:31:83:Infinity":6,"f:84:4:84:19":2,"s:84:19:84:Infinity":7,"f:87:4:87:14":3,"s:87:31:87:Infinity":8,"f:88:4:88:19":4,"s:88:19:88:Infinity":9,"f:93:4:93:14":5,"s:93:31:97:Infinity":10,"b:94:6:94:73:94:73:94:Infinity":2,"b:94:20:94:40:94:40:94:46":3,"b:94:46:94:67:94:67:94:73":4,"b:95:6:95:76:95:76:95:Infinity":5,"b:95:21:95:42:95:42:95:48":6,"b:95:48:95:70:95:70:95:76":7,"f:98:4:98:20":6,"s:98:20:98:Infinity":11,"f:117:9:117:23":7,"s:118:2:118:Infinity":12,"b:118:9:118:27:118:27:118:5
[...]
":{"line":200,"column":8},"end":{"line":200,"column":null}},"49":{"start":{"line":201,"column":8},"end":{"line":201,"column":null}},"50":{"start":{"line":203,"column":6},"end":{"line":207,"column":null}},"51":{"start":{"line":204,"column":8},"end":{"line":204,"column":null}},"52":{"start":{"line":206,"column":8},"end":{"line":206,"column":null}},"53":{"start":{"line":211,"column":2},"end":{"line":240,"column":null}},"54":{"start":{"line":212,"column":4},"end":{"line":239,"column":null}},"55":{"start":{"line":213,"column":24},"end":{"line":213,"column":null}},"56":{"start":{"line":214,"column":19},"end":{"line":214,"column":null}},"57":{"start":{"line":215,"column":48},"end":{"line":215,"column":null}},"58":{"start":{"line":216,"column":23},"end":{"line":227,"column":null}},"59":{"start":{"line":228,"column":6},"end":{"line":228,"column":null}},"60":{"start":{"line":230,"column":6},"end":{"line":233,"column":null}},"61":{"start":{"line":231,"column":8},"end":{"line":231,"column":null}},"62":{"start":{"line":232,"column":8},"end":{"line":232,"column":null}},"63":{"start":{"line":234,"column":6},"end":{"line":238,"column":null}},"64":{"start":{"line":235,"column":8},"end":{"line":235,"column":null}},"65":{"start":{"line":237,"column":8},"end":{"line":237,"column":null}},"66":{"start":{"line":242,"column":2},"end":{"line":268,"column":null}},"67":{"start":{"line":243,"column":4},"end":{"line":267,"column":null}},"68":{"start":{"line":244,"column":24},"end":{"line":244,"column":null}},"69":{"start":{"line":245,"column":19},"end":{"line":245,"column":null}},"70":{"start":{"line":246,"column":23},"end":{"line":255,"column":null}},"71":{"start":{"line":256,"column":6},"end":{"line":256,"column":null}},"72":{"start":{"line":258,"column":6},"end":{"line":261,"column":null}},"73":{"start":{"line":259,"column":8},"end":{"line":259,"column":null}},"74":{"start":{"line":260,"column":8},"end":{"line":260,"column":null}},"75":{"start":{"line":262,"column":6},"end":{"line":266,"column":null}},"76":{"start":{"line":263,"column":8},"end":{"line":263,"column":null}},"77":{"start":{"line":265,"column":8},"end":{"line":265,"column":null}},"78":{"start":{"line":270,"column":2},"end":{"line":288,"column":null}},"79":{"start":{"line":271,"column":4},"end":{"line":287,"column":null}},"80":{"start":{"line":272,"column":24},"end":{"line":272,"column":null}},"81":{"start":{"line":273,"column":19},"end":{"line":273,"column":null}},"82":{"start":{"line":274,"column":23},"end":{"line":274,"column":null}},"83":{"start":{"line":275,"column":19},"end":{"line":275,"column":null}},"84":{"start":{"line":276,"column":6},"end":{"line":276,"column":null}},"85":{"start":{"line":278,"column":6},"end":{"line":281,"column":null}},"86":{"start":{"line":279,"column":8},"end":{"line":279,"column":null}},"87":{"start":{"line":280,"column":8},"end":{"line":280,"column":null}},"88":{"start":{"line":282,"column":6},"end":{"line":286,"column":null}},"89":{"start":{"line":283,"column":8},"end":{"line":283,"column":null}},"90":{"start":{"line":285,"column":8},"end":{"line":285,"column":null}},"91":{"start":{"line":290,"column":2},"end":{"line":315,"column":null}},"92":{"start":{"line":291,"column":4},"end":{"line":314,"column":null}},"93":{"start":{"line":292,"column":24},"end":{"line":292,"column":null}},"94":{"start":{"line":293,"column":19},"end":{"line":293,"column":null}},"95":{"start":{"line":296,"column":25},"end":{"line":296,"column":null}},"96":{"start":{"line":297,"column":25},"end":{"line":300,"column":null}},"97":{"start":{"line":301,"column":6},"end":{"line":301,"column":null}},"98":{"start":{"line":303,"column":6},"end":{"line":306,"column":null}},"99":{"start":{"line":304,"column":8},"end":{"line":304,"column":null}},"100":{"start":{"line":305,"column":8},"end":{"line":305,"column":null}},"101":{"start":{"line":307,"column":6},"end":{"line":312,"column":null}},"102":{"start":{"line":308,"column":8},"end":{"line":310,"column":null}},"103":{"start":{"line":311,"column":8},"end":{"line":311,"column":null}},"104":{"start":{"line":313,"column":6},"end":{"line":313,"column":null}},"105":{"start":{"line":317,"column":2},"end":{"line":317,"column":null}}},"fnMap":{"0":{"name":"coordinatorErrorStatus","decl":{"start":{"line":91,"column":9},"end":{"line":91,"column":32}},"loc":{"start":{"line":91,"column":54},"end":{"line":97,"column":null}},"line":91},"1":{"name":"fail","decl":{"start":{"line":99,"column":9},"end":{"line":99,"column":14}},"loc":{"start":{"line":99,"column":69},"end":{"line":107,"column":null}},"line":99},"2":{"name":"createTutorSessionRoutes","decl":{"start":{"line":118,"column":16},"end":{"line":118,"column":41}},"loc":{"start":{"line":118,"column":90},"end":{"line":318,"column":null}},"line":118},"3":{"name":"(anonymous_3)","decl":{"start":{"line":126,"column":8},"end":{"line":126,"column":25}},"loc":{"start":{"line":126,"column":76},"end":{"line":128,"column":null}},"line":126},"4":{"name":"(anonymous_4)","decl":{"start":{"line":130,"column":19},"end":{"line":130,"column":26}},"loc":{"start":{"line":130,"column":45},"end":{"line":192,"column":3}},"line":130},"5":{"name":"(anonymous_5)","decl":{"start":{"line":172,"column":41},"end":{"line":172,"column":46}},"loc":{"start":{"line":172,"column":57},"end":{"line":176,"column":12}},"line":172},"6":{"name":"(anonymous_6)","decl":{"start":{"line":194,"column":13},"end":{"line":194,"column":29}},"loc":{"start":{"line":194,"column":48},"end":{"line":209,"column":3}},"line":194},"7":{"name":"(anonymous_7)","decl":{"start":{"line":211,"column":35},"end":{"line":211,"column":42}},"loc":{"start":{"line":211,"column":61},"end":{"line":240,"column":3}},"line":211},"8":{"name":"(anonymous_8)","decl":{"start":{"line":242,"column":47},"end":{"line":242,"column":54}},"loc":{"start":{"line":242,"column":73},"end":{"line":268,"column":3}},"line":242},"9":{"name":"(anonymous_9)","decl":{"start":{"line":270,"column":14},"end":{"line":270,"column":39}},"loc":{"start":{"line":270,"column":58},"end":{"line":288,"column":3}},"line":270},"10":{"name":"(anonymous_10)","decl":{"start":{"line":290,"column":33},"end":{"line":290,"column":40}},"loc":{"start":{"line":290,"column":59},"end":{"line":315,"column":3}},"line":290}},"branchMap":{"0":{"loc":{"start":{"line":92,"column":2},"end":{"line":92,"column":null}},"type":"if","locations":[{"start":{"line":92,"column":2},"end":{"line":92,"column":null}},{"start":{},"end":{}}],"line":92},"1":{"loc":{"start":{"line":93,"column":2},"end":{"line":93,"column":null}},"type":"if","locations":[{"start":{"line":93,"column":2},"end":{"line":93,"column":null}},{"start":{},"end":{}}],"line":93},"2":{"loc":{"start":{"line":93,"column":6},"end":{"line":93,"column":67}},"type":"binary-expr","locations":[{"start":{"line":93,"column":6},"end":{"line":93,"column":38}},{"start":{"line":93,"column":38},"end":{"line":93,"column":67}}],"line":93},"3":{"loc":{"start":{"line":94,"column":2},"end":{"line":94,"column":null}},"type":"if","locations":[{"start":{"line":94,"column":2},"end":{"line":94,"column":null}},{"start":{},"end":{}}],"line":94},"4":{"loc":{"start":{"line":94,"column":6},"end":{"line":94,"column":104}},"type":"binary-expr","locations":[{"start":{"line":94,"column":6},"end":{"line":94,"column":43}},{"start":{"line":94,"column":43},"end":{"line":94,"column":74}},{"start":{"line":94,"column":74},"end":{"line":94,"column":104}}],"line":94},"5":{"loc":{"start":{"line":95,"column":2},"end":{"line":95,"column":null}},"type":"if","locations":[{"start":{"line":95,"column":2},"end":{"line":95,"column":null}},{"start":{},"end":{}}],"line":95},"6":{"loc":{"start":{"line":95,"column":6},"end":{"line":95,"column":61}},"type":"binary-expr","locations":[{"start":{"line":95,"column":6},"end":{"line":95,"column":34}},{"start":{"line":95,"column":34},"end":{"line":95,"column":61}}],"line":95},"7":{"loc":{"start":{"line":100,"column":2},"end":{"line":105,"column":null}},"type":"if","locations":[{"start":{"line":100,"column":2},"end":{"line":105,"column":null}},{"start":{},"end":{}}],"line":100},"8":{"loc":{"start":{"line":118,"column":41},"end":{"line":118,"column":90}},"type":"default-arg","locations":[{"start":{"line":118,"column":78},"end":{"line":118,"column":90}}],"line":118},"9":{"loc":{"start":{"line":121,"column":4},"end":{"line":124,"column":null}},"type":"binary-expr","locations":[{"start":{"line":121,"column":4},"end":{"line":121,"column":null}},{"start":{"line":122,"column":4},"end":{"line":124,"column":null}}],"line":121},"10":{"loc":{"start":{"line":123,"column":21},"end":{"line":123,"column":null}},"type":"binary-expr","locations":[{"start":{"line":123,"column":21},"end":{"line":123,"column":46}},{"start":{"line":123,"column":46},"end":{"line":123,"column":82}},{"start":{"line":123,"column":82},"end":{"line":123,"column":null}}],"line":123},"11":{"loc":{"start":{"line":127,"column":12},"end":{"line":127,"column":97}},"type":"cond-expr","locations":[{"start":{"line":127,"column":68},"end":{"line":127,"column":89}},{"start":{"line":127,"column":89},"end":{"line":127,"column":97}}],"line":127},"12":{"loc":{"start":{"line":127,"column":12},"end":{"line":127,"column":68}},"type":"binary-expr","locations":[{"start":{"line":127,"column":12},"end":{"line":127,"column":47}},{"start":{"line":127,"column":47},"end":{"line":127,"column":68}}],"line":127},"13":{"loc":{"start":{"line":133,"column":6},"end":{"line":141,"column":null}},"type":"if","locations":[{"start":{"line":133,"column":6},"end":{"line":141,"column":null}},{"start":{},"end":{}}],"line":133},"14":{"loc":{"start":{"line":143,"column":8},"end":{"line":143,"column":null}},"type":"binary-expr","locations":[{"start":{"line":143,"column":8},"end":{"line":143,"column":26}},{"start":{"line":143,"column":26},"end":{"line":143,"column":null}}],"line":143},"15":{"loc":{"start":{"line":148,"column":12},"end":{"line":148,"column":null}},"type":"cond-expr","locations":[{"start":{"line":148,"column":31},"end":{"line":148,"column":67}},{"start":{"line":148,"column":67},"end":{"line":148,"column":null}}],"line":148},"16":{"loc":{"start":{"line":163,"column":20},"end":{"line":171,"column":null}},"type":"cond-expr","locations":[{"start":{"line":164,"column":14},"end":{"line":170,"column":null}},{"start":{"line":171,"column":14},"end":{"line":171,"column":null}}],"line":163},"17":{"loc":{"start":{"line":169,"column":20},"end":{"line":169,"column":null}},"type":"cond-expr","locations":[{"start":{"line":169,"column":45},"end":{"line":169,"column":66}},{"start":{"line":169,"column":66},"end":{"line":169,"column":null}}],"line":169},"18":{"loc":{"start":{"line":182,"column":6},"end":{"line":185,"column":null}},"type":"if","locations":[{"start":{"line":182,"column":6},"end":{"line":185,"column":null}},{"start":{},"end":{}}],"line":182},"19":{"loc":{"start":{"line":199,"column":6},"end":{"line":202,"column":null}},"type":"if","locations":[{"start":{"line":199,"column":6},"end":{"line":202,"column":null}},{"start":{},"end":{}}],"line":199},"20":{"loc":{"start":{"line":224,"column":14},"end":{"line":224,"column":null}},"type":"cond-expr","locations":[{"start":{"line":224,"column":32},"end":{"line":224,"column":110}},{"start":{"line":224,"column":110},"end":{"line":224,"column":null}}],"line":224},"21":{"loc":{"start":{"line":226,"column":55},"end":{"line":226,"column":117}},"type":"binary-expr","locations":[{"start":{"line":226,"column":55},"end":{"line":226,"column":77}},{"start":{"line":226,"column":77},"end":{"line":226,"column":117}}],"line":226},"22":{"loc":{"start":{"line":230,"column":6},"end":{"line":233,"column":null}},"type":"if","locations":[{"start":{"line":230,"column":6},"end":{"line":233,"column":null}},{"start":{},"end":{}}],"line":230},"23":{"loc":{"start":{"line":251,"column":14},"end":{"line":251,"column":null}},"type":"cond-expr","locations":[{"start":{"line":251,"column":35},"end":{"line":251,"column":75}},{"start":{"line":251,"column":75},"end":{"line":251,"column":null}}],"line":251},"24":{"loc":{"start":{"line":252,"column":14},"end":{"line":252,"column":null}},"type":"cond-expr","locations":[{"start":{"line":252,"column":29},"end":{"line":252,"column":57}},{"start":{"line":252,"column":57},"end":{"line":252,"column":null}}],"line":252},"25":{"loc":{"start":{"line":254,"column":55},"end":{"line":254,"column":102}},"type":"binary-expr","locations":[{"start":{"line":254,"column":55},"end":{"line":254,"column":77}},{"start":{"line":254,"column":77},"end":{"line":254,"column":102}}],"line":254},"26":{"loc":{"start":{"line":258,"column":6},"end":{"line":261,"column":null}},"type":"if","locations":[{"start":{"line":258,"column":6},"end":{"line":261,"column":null}},{"start":{},"end":{}}],"line":258},"27":{"loc":{"start":{"line":273,"column":40},"end":{"line":273,"column":54}},"type":"binary-expr","locations":[{"start":{"line":273,"column":40},"end":{"line":273,"column":52}},{"start":{"line":273,"column":52},"end":{"line":273,"column":54}}],"line":273},"28":{"loc":{"start":{"line":274,"column":62},"end":{"line":274,"column":87}},"type":"binary-expr","locations":[{"start":{"line":274,"column":62},"end":{"line":274,"column":77}},{"start":{"line":274,"column":77},"end":{"line":274,"column":87}}],"line":274},"29":{"loc":{"start":{"line":278,"column":6},"end":{"line":281,"column":null}},"type":"if","locations":[{"start":{"line":278,"column":6},"end":{"line":281,"column":null}},{"start":{},"end":{}}],"line":278},"30":{"loc":{"start":{"line":296,"column":25},"end":{"line":296,"column":null}},"type":"binary-expr","locations":[{"start":{"line":296,"column":25},"end":{"line":296,"column":48}},{"start":{"line":296,"column":48},"end":{"line":296,"column":null}}],"line":296},"31":{"loc":{"start":{"line":303,"column":6},"end":{"line":306,"column":null}},"type":"if","locations":[{"start":{"line":303,"column":6},"end":{"line":306,"column":null}},{"start":{},"end":{}}],"line":303},"32":{"loc":{"start":{"line":307,"column":6},"end":{"line":312,"column":null}},"type":"if","locations":[{"start":{"line":307,"column":6},"end":{"line":312,"column":null}},{"start":{},"end":{}}],"line":307}},"s":{"0":9,"1":9,"2":9,"3":9,"4":9,"5":9,"6":9,"7":9,"8":11,"9":6,"10":5,"11":1,"12":4,"13":2,"14":2,"15":1,"16":1,"17":16,"18":11,"19":11,"20":5,"21":29,"22":29,"23":29,"24":28,"25":29,"26":17,"27":17,"28":17,"29":2,"30":2,"31":13,"32":17,"33":17,"34":10,"35":10,"36":20,"37":5,"38":2,"39":2,"40":3,"41":3,"42":1,"43":29,"44":12,"45":12,"46":12,"47":4,"48":1,"49":1,"50":3,"51":3,"52":1,"53":29,"54":15,"55":15,"56":15,"57":15,"58":15,"59":8,"60":7,"61":2,"62":2,"63":5,"64":5,"65":1,"66":29,"67":16,"68":16,"69":16,"70":16,"71":12,"72":4,"73":1,"74":1,"75":3,"76":3,"77":1,"78":29,"79":7,"80":7,"81":7,"82":7,"83":7,"84":7,"85":3,"86":1,"87":1,"88":2,"89":2,"90":1,"91":29,"92":6,"93":6,"94":6,"95":6,"96":6,"97":1,"98":5,"99":2,"100":2,"101":3,"102":2,"103":2,"104":1,"105":29},"f":{"0":11,"1":16,"2":29,"3":28,"4":17,"5":20,"6":12,"7":15,"8":16,"9":7,"10":6},"b":{"0":[6,5],"1":[1,4],"2":[5,5],"3":[2,2],"4":[4,4,3],"5":[1,1],"6":[2,1],"7":[11,5],"8":[29],"9":[29,0],"10":[0,0,0],"11":[3,25],"12":[28,3],"13":[2,15],"14":[13,1],"15":[0,13],"16":[10,0],"17":[0,10],"18":[2,3],"19":[1,3],"20":[1,12],"21":[15,12],"22":[2,5],"23":[0,15],"24":[0,15],"25":[16,15],"26":[1,3],"27":[7,0],"28":[7,3],"29":[1,2],"30":[6,1],"31":[2,3],"32":[2,1]},"meta":{"lastBranch":33,"lastFunction":11,"lastStatement":106,"seen":{"s:28:23:28:Infinity":0,"s:29:22:36:Infinity":1,"s:38:29:47:Infinity":2,"s:49:20:54:Infinity":3,"s:56:19:69:Infinity":4,"s:71:30:77:Infinity":5,"s:79:23:81:Infinity":6,"s:83:18:89:Infinity":7,"f:91:9:91:32":0,"b:92:2:92:Infinity:undefined:undefined:undefined:undefined":0,"s:92:2:92:Infinity":8,"s:92:36:92:Infinity":9,"b:93:2:93:Infinity:undefined:undefined:undefined:undefined":1,"s:93:2:93:Infinity":10,"b:93:6:93:38:93:38:93:67":2,"s:93:67:93:Infinity":11,"b:94:2:94:Infinity:undefined:undefined:undefined:undefined":3,"s:94:2:94:Infinity":12,"b:94:6:94:43:94:43:94:74:94:74:94:104":4,"s:94:104:94:Infinity":13,"b:95:2:95:Infinity:undefined:undefined:undefined:undefined":5,"s:95:2:95:Infinity":14,"b:95:6:95:34:95:34:95:61":6,"s:95:61:95:Infinity":15,"s:96:2:96:Infinity":16,"f:99:9:99:14":1,"b:100:2:105:Infinity:undefined:undefined:undefined:undefined":7,"s:100:2:105:Infinity":17,"s:101:4:103:Infinity":18,"s:104:4:104:Infinity":19,"s:106:2:106:Infinity":20,"f:118:16:118:41":2,"b:118:78:118:90":8,"s:119:17:119:24":21,"s:121:4:124:Infinity":22,"b:121:4:121:Infinity:122:4:124:Infinity":9,"b:123:21:123:46:123:46:123:82:123:82:123:Infinity":10,"s:126:8:128:Infinity":23,"f:126:8:126:25":3,"s:127:4:127:Infinity":24,"b:127:68:127:89:127:89:127:97":11,"b:127:12:127:47:127:47:127:68":12,"s:130:2:192:Infinity":25,"f:130:19:130:26":4,"s:131:4:191:Infinity":26,"s:132:19:132:Infinity":27,"b:133:6:141:Infinity:undefined:undefined:undefined:undefined":13,"s:133:6:141:Infinity":28,"s:134:8:139:Infinity":29,"s:140:8:140:Infinity":30,"s:143:8:143:Infinity":31,"b:143:8:143:26:143:26:143:Infinity":14,"s:144:6:149:Infinity":32,"b:148:31:148:67:148:67:148:Infinity":15,"s:152:19:152:Infinity":33,"s:153:19:153:Infinity":34,"s:154:6:180:Infinity":35,"b:164:14:170:Infinity:171:14:171:Infinity":16,"b:169:45:169:66:169:66:169:Infinity":17,"f:172:41:172:46":5,"s:172:57:176:12":36,"b:182:6:185:Infinity:undefined:undefined:undefined:undefined":18,"s:182:6:185:Infinity":37,"s:183:8:183:Infinity":38,"s:184:8:184:Infinity":39,"s:186:6:190:Infinity":40,"s:187:8:187:Infinity":41,"s:189:8:189:Infinity":42,"s:194:2:209:Infinity":43,"f:194:13:194:29":6,"s:195:4:208:Infinity":44,"s:196:24:196:Infinity":45,"s:197:6:197:Infinity":46,"b:199:6:202:Infinity:undefined:undefined:undefined:undefined":19,"s:199:6:202:Infinity":47,"s:200:8:200:Infinity":48,"s:201:8:201:Infinity":49,"s:203:6:207:Infinity":50,"s:204:8:204:Infinity":51,"s:206:8:206:Infinity":52,"s:211:2:240:Infinity":53,"f:211:35:211:42":7,"s:212:4:239:Infinity":54,"s:213:24:213:Infinity":55,"s:214:19:214:Infinity":56,"s:215:48:215:Infinity":57,"s:216:23:227:Infinity":58,"b:224:32:224:110:224:110:224:Infinity":20,"b:226:55:226:77:226:77:226:117":21,"s:228:6:228:Infinity":59,"b:230:6:233:Infinity:undefined:undefined:undefined:undefined":22,"s:230:6:233:Infinity":60,"s:231:8:231:Infinity":61,"s:232:8:232:Infinity":62,"s:234:6:238:Infinity":63,"s:235:8:235:Infinity":64,"s:237:8:237:Infinity":65,"s:242:2:268:Infinity":66,"f:242:47:242:54":8,"s:243:4:267:Infinity":67,"s:244:24:244:Infinity":68,"s:245:19:245:Infinity":69,"s:246:23:255:Infinity":70,"b:251:35:251:75:251:75:251:Infinity":23,"b:252:29:252:57:252:57:252:Infinity":24,"b:254:55:254:77:254:77:254:102":25,"s:256:6:256:Infinity":71,"b:258:6:261:Infinity:undefined:undefined:undefined:undefined":26,"s:258:6:261:Infinity":72,"s:259:8:259:Infinity":73,"s:260:8:260:Infinity":74,"s:262:6:266:Infinity":75,"s:263:8:263:Infinity":76,"s:265:8:265:Infinity":77,"s:270:2:288:Infinity":78,"f:270:14:270:39":9,"s:271:4:287:Infinity":79,"s:272:24:272:Infinity":80,"s:273:19:273:Infinity":81,"b:273:40:273:52:273:52:273:54":27,"s:274:23:274:Infinity":82,"b:274:62:274:77:274:77:274:87":28,"s:275:19:275:Infinity":83,"s:276:6:276:Infinity":84,"b:278:6:281:Infinity:undefined:undefined:undefined:undefined":29,"s:278:6:281:Infinity":85,"s:279:8:279:Infinity":86,"s:280:8:280:Infinity":87,"s:282:6:286:Infinity":88,"s:283:8:283:Infinity":89,"s:285:8:285:Infinity":90,"s:290:2:315:Infinity":91,"f:290:33:290:40":10,"s:291:4:314:Infinity":92,"s:292:24:292:Infinity":93,"s:293:19:293:Infinity":94,"s:296:25:296:Infinity":95,"b:296:25:296:48:296:48:296:Infinity":30,"s:297:25:300:Infinity":96,"s:301:6:301:Infinity":97,"b:303:6:306:Infinity:undefined:undefined:undefined:undefined":31,"s:303:6:306:Infinity":98,"s:304:8:304:Infinity":99,"s:305:8:305:Infinity":100,"b:307:6:312:Infinity:undefined:undefined:undefined:undefined":32,"s:307:6:312:Infinity":101,"s:308:8:310:Infinity":102,"s:311:8:311:Infinity":103,"s:313:6:313:Infinity":104,"s:317:2:317:Infinity":105},"fnNames":{}}}
}
