{"total": {"lines":{"total":1396,"covered":1350,"skipped":0,"pct":96.7},"statements":{"total":1553,"covered":1475,"skipped":0,"pct":94.97},"functions":{"total":286,"covered":275,"skipped":0,"pct":96.15},"branches":{"total":1502,"covered":1275,"skipped":0,"pct":84.88},"branchesTrue":{"total":0,"covered":0,"skipped":0,"pct":100}}
,"/Users/gaochong/develop/teaching-tools-mvp/web/backend/src/services/tutorIntelligence/contextView.ts": {"lines":{"total":56,"covered":56,"skipped":0,"pct":100},"functions":{"total":19,"covered":19,"skipped":0,"pct":100},"statements":{"total":68,"covered":66,"skipped":0,"pct":97.05},"branches":{"total":49,"covered":42,"skipped":0,"pct":85.71}}
,"/Users/gaochong/develop/teaching-tools-mvp/web/backend/src/services/tutorIntelligence/policyGraph.ts": {"lines":{"total":164,"covered":157,"skipped":0,"pct":95.73},"functions":{"total":53,"covered":52,"skipped":0,"pct":98.11},"statements":{"total":193,"covered":181,"skipped":0,"pct":93.78},"branches":{"total":238,"covered":203,"skipped":0,"pct":85.29}}
,"/Users/gaochong/develop/teaching-tools-mvp/web/backend/src/services/tutorIntelligence/proposal.ts": {"lines":{"total":1,"covered":1,"skipped":0,"pct":100},"functions":{"total":0,"covered":0,"skipped":0,"pct":100},"statements":{"total":1,"covered":1,"skipped":0,"pct":100},"branches":{"total":0,"covered":0,"skipped":0,"pct":100}}
,"/Users/gaochong/develop/teaching-tools-mvp/web/backend/src/services/tutorIntelligence/proposalValidation.ts": {"lines":{"total":63,"covered":59,"skipped":0,"pct":93.65},"functions":{"total":12,"covered":12,"skipped":0,"pct":100},"statements":{"total":70,"covered":66,"skipped":0,"pct":94.28},"branches":{"total":62,"covered":56,"skipped":0,"pct":90.32}}
,"/Users/gaochong/develop/teaching-tools-mvp/web/backend/src/services/tutorIntelligence/structuredModelPort.ts": {"lines":{"total":5,"covered":4,"skipped":0,"pct":80},"functions":{"total":2,"covered":1,"skipped":0,"pct":50},"statements":{"total":5,"covered":4,"skipped":0,"pct":80},"branches":{"total":2,"covered":0,"skipped":0,"pct":0}}
,"/Users/gaochong/develop/teaching-tools-mvp/web/backend/src/services/tutorIntelligence/adapters/deepseek/DeepSeekStructuredModel.ts": {"lines":{"total":58,"covered":58,"skipped":0,"pct":100},"functions":{"total":11,"covered":9,"skipped":0,"pct":81.81},"statements":{"total":65,"covered":60,"skipped":0,"pct":92.3},"branches":{"total":68,"covered":59,"skipped":0,"pct":86.76}}
,"/Users/gaochong/develop/teaching-tools-mvp/web/backend/src/services/tutorIntelligence/adapters/fake/FakeStructuredModel.ts": {"lines":{"total":114,"covered":112,"skipped":0,"pct":98.24},"functions":{"total":19,"covered":17,"skipped":0,"pct":89.47},"statements":{"total":129,"covered":127,"skipped":0,"pct":98.44},"branches":{"total":157,"covered":134,"skipped":0,"pct":85.35}}
,"/Users/gaochong/develop/teaching-tools-mvp/web/backend/src/services/tutorIntelligence/prompts/alignerPrompt.ts": {"lines":{"total":2,"covered":2,"skipped":0,"pct":100},"functions":{"total":0,"covered":0,"skipped":0,"pct":100},"statements":{"total":2,"covered":2,"skipped":0,"pct":100},"branches":{"total":0,"covered":0,"skipped":0,"pct":100}}
,"/Users/gaochong/develop/teaching-tools-mvp/web/backend/src/services/tutorIntelligence/prompts/policyVoicePrompt.ts": {"lines":{"total":2,"covered":2,"skipped":0,"pct":100},"functions":{"total":0,"covered":0,"skipped":0,"pct":100},"statements":{"total":2,"covered":2,"skipped":0,"pct":100},"branches":{"total":0,"covered":0,"skipped":0,"pct":100}}
,"/Users/gaochong/develop/teaching-tools-mvp/web/backend/src/services/tutorPresentation/PreparePresentation.ts": {"lines":{"total":88,"covered":88,"skipped":0,"pct":100},"functions":{"total":20,"covered":20,"skipped":0,"pct":100},"statements":{"total":101,"covered":96,"skipped":0,"pct":95.04},"branches":{"total":84,"covered":73,"skipped":0,"pct":86.9}}
,"/Users/gaochong/develop/teaching-tools-mvp/web/backend/src/services/tutorPresentation/VoiceAction.ts": {"lines":{"total":1,"covered":1,"skipped":0,"pct":100},"functions":{"total":0,"covered":0,"skipped":0,"pct":100},"statements":{"total":1,"covered":1,"skipped":0,"pct":100},"branches":{"total":0,"covered":0,"skipped":0,"pct":100}}
,"/Users/gaochong/develop/teaching-tools-mvp/web/backend/src/services/tutorSession/ReasoningAligner.ts": {"lines":{"total":48,"covered":47,"skipped":0,"pct":97.91},"functions":{"total":8,"covered":8,"skipped":0,"pct":100},"statements":{"total":57,"covered":55,"skipped":0,"pct":96.49},"branches":{"total":50,"covered":43,"skipped":0,"pct":86}}
,"/Users/gaochong/develop/teaching-tools-mvp/web/backend/src/services/tutorSession/TutorRuntimeStateProjection.ts": {"lines":{"total":133,"covered":129,"skipped":0,"pct":96.99},"functions":{"total":19,"covered":17,"skipped":0,"pct":89.47},"statements":{"total":143,"covered":136,"skipped":0,"pct":95.1},"branches":{"total":121,"covered":101,"skipped":0,"pct":83.47}}
,"/Users/gaochong/develop/teaching-tools-mvp/web/backend/src/services/tutorSession/TutorSession.ts": {"lines":{"total":425,"covered":414,"skipped":0,"pct":97.41},"functions":{"total":75,"covered":73,"skipped":0,"pct":97.33},"statements":{"total":468,"covered":447,"skipped":0,"pct":95.51},"branches":{"total":537,"covered":457,"skipped":0,"pct":85.1}}
,"/Users/gaochong/develop/teaching-tools-mvp/web/backend/src/services/tutorSession/TutorSessionEvent.ts": {"lines":{"total":12,"covered":12,"skipped":0,"pct":100},"functions":{"total":10,"covered":10,"skipped":0,"pct":100},"statements":{"total":15,"covered":15,"skipped":0,"pct":100},"branches":{"total":2,"covered":2,"skipped":0,"pct":100}}
,"/Users/gaochong/develop/teaching-tools-mvp/web/backend/src/services/tutorSession/TutorSessionEventStore.ts": {"lines":{"total":106,"covered":91,"skipped":0,"pct":85.84},"functions":{"total":23,"covered":22,"skipped":0,"pct":95.65},"statements":{"total":108,"covered":93,"skipped":0,"pct":86.11},"branches":{"total":56,"covered":41,"skipped":0,"pct":73.21}}
,"/Users/gaochong/develop/teaching-tools-mvp/web/backend/src/services/tutorSession/turnTelemetry.ts": {"lines":{"total":16,"covered":15,"skipped":0,"pct":93.75},"functions":{"total":4,"covered":4,"skipped":0,"pct":100},"statements":{"total":19,"covered":17,"skipped":0,"pct":89.47},"branches":{"total":9,"covered":7,"skipped":0,"pct":77.77}}
,"/Users/gaochong/develop/teaching-tools-mvp/web/backend/src/transport/http/tutorSessionRoutes.ts": {"lines":{"total":102,"covered":102,"skipped":0,"pct":100},"functions":{"total":11,"covered":11,"skipped":0,"pct":100},"statements":{"total":106,"covered":106,"skipped":0,"pct":100},"branches":{"total":67,"covered":57,"skipped":0,"pct":85.07}}
}
